-- Found ament_cmake: 1.3.11 (/opt/ros/humble/share/ament_cmake/cmake)
-- Found rclcpp: 16.0.11 (/opt/ros/humble/share/rclcpp/cmake)
-- Found rosidl_generator_c: 3.1.6 (/opt/ros/humble/share/rosidl_generator_c/cmake)
-- Found rosidl_adapter: 3.1.6 (/opt/ros/humble/share/rosidl_adapter/cmake)
-- Found rosidl_generator_cpp: 3.1.6 (/opt/ros/humble/share/rosidl_generator_cpp/cmake)
-- Using all available rosidl_typesupport_c: rosidl_typesupport_fastrtps_c;rosidl_typesupport_introspection_c
-- Using all available rosidl_typesupport_cpp: rosidl_typesupport_fastrtps_cpp;rosidl_typesupport_introspection_cpp
-- Found rmw_implementation_cmake: 6.1.2 (/opt/ros/humble/share/rmw_implementation_cmake/cmake)
-- Found rmw_fastrtps_cpp: 6.2.7 (/opt/ros/humble/share/rmw_fastrtps_cpp/cmake)
-- Using RMW implementation 'rmw_fastrtps_cpp' as default
-- Found sensor_msgs: 4.2.4 (/opt/ros/humble/share/sensor_msgs/cmake)
-- Found cv_bridge: 3.2.1 (/opt/ros/humble/share/cv_bridge/cmake)
-- Found image_transport: 3.1.10 (/opt/ros/humble/share/image_transport/cmake)
[ 11%] Creating directories for 'libdatachannel-populate'
[ 22%] Performing download step (git clone) for 'libdatachannel-populate'
Cloning into 'libdatachannel-src'...
HEAD is now at 0b1074a9 Bumped version to 0.20.2
Submodule 'deps/json' (https://github.com/nlohmann/json.git) registered for path 'deps/json'
Submodule 'deps/libjuice' (https://github.com/paullouisageneau/libjuice.git) registered for path 'deps/libjuice'
Submodule 'deps/libsrtp' (https://github.com/cisco/libsrtp.git) registered for path 'deps/libsrtp'
Submodule 'deps/plog' (https://github.com/SergiusTheBest/plog.git) registered for path 'deps/plog'
Submodule 'deps/usrsctp' (https://github.com/sctplab/usrsctp.git) registered for path 'deps/usrsctp'
Cloning into '/home/hady/teleop/gbot_ws/build/teleop/_deps/libdatachannel-src/deps/json'...
Cloning into '/home/hady/teleop/gbot_ws/build/teleop/_deps/libdatachannel-src/deps/libjuice'...
Cloning into '/home/hady/teleop/gbot_ws/build/teleop/_deps/libdatachannel-src/deps/libsrtp'...
Cloning into '/home/hady/teleop/gbot_ws/build/teleop/_deps/libdatachannel-src/deps/plog'...
Cloning into '/home/hady/teleop/gbot_ws/build/teleop/_deps/libdatachannel-src/deps/usrsctp'...
error: RPC failed; curl 92 HTTP/2 stream 0 was not closed cleanly: CANCEL (err 8)
error: 7577 bytes of body are still expected
fetch-pack: unexpected disconnect while reading sideband packet
fatal: early EOF
fatal: fetch-pack: invalid index-pack output
fatal: Fetched in submodule path 'deps/json', but it did not contain 9cca280a4d0ccf0c08f47a99aa71d1b0e52f8d03. Direct fetching of that commit failed.
fatal: 
CMake Error at libdatachannel-subbuild/libdatachannel-populate-prefix/tmp/libdatachannel-populate-gitclone.cmake:52 (message):
  Failed to update submodules in:
  '/home/hady/teleop/gbot_ws/build/teleop/_deps/libdatachannel-src'


gmake[2]: *** [CMakeFiles/libdatachannel-populate.dir/build.make:102: libdatachannel-populate-prefix/src/libdatachannel-populate-stamp/libdatachannel-populate-download] Error 1
gmake[1]: *** [CMakeFiles/Makefile2:83: CMakeFiles/libdatachannel-populate.dir/all] Error 2
gmake: *** [Makefile:91: all] Error 2

CMake Error at /usr/share/cmake-3.22/Modules/FetchContent.cmake:1087 (message):
  Build step for libdatachannel failed: 2
Call Stack (most recent call first):
  /usr/share/cmake-3.22/Modules/FetchContent.cmake:1216:EVAL:2 (__FetchContent_directPopulate)
  /usr/share/cmake-3.22/Modules/FetchContent.cmake:1216 (cmake_language)
  /usr/share/cmake-3.22/Modules/FetchContent.cmake:1259 (FetchContent_Populate)
  CMakeLists.txt:47 (FetchContent_MakeAvailable)


-- Configuring incomplete, errors occurred!
See also "/home/hady/teleop/gbot_ws/build/teleop/CMakeFiles/CMakeOutput.log".
