[0.021s] Invoking command in '/home/hady/teleop/gbot_ws/build/teleop': CMAKE_PREFIX_PATH=/opt/ros/humble /usr/bin/cmake /home/hady/teleop/gbot_ws/src/teleop -DCMAKE_INSTALL_PREFIX=/home/hady/teleop/gbot_ws/install/teleop
[0.060s] -- Found ament_cmake: 1.3.11 (/opt/ros/humble/share/ament_cmake/cmake)
[0.294s] -- Found rclcpp: 16.0.11 (/opt/ros/humble/share/rclcpp/cmake)
[0.357s] -- Found rosidl_generator_c: 3.1.6 (/opt/ros/humble/share/rosidl_generator_c/cmake)
[0.358s] -- Found rosidl_adapter: 3.1.6 (/opt/ros/humble/share/rosidl_adapter/cmake)
[0.368s] -- Found rosidl_generator_cpp: 3.1.6 (/opt/ros/humble/share/rosidl_generator_cpp/cmake)
[0.382s] -- Using all available rosidl_typesupport_c: rosidl_typesupport_fastrtps_c;rosidl_typesupport_introspection_c
[0.402s] -- Using all available rosidl_typesupport_cpp: rosidl_typesupport_fastrtps_cpp;rosidl_typesupport_introspection_cpp
[0.448s] -- Found rmw_implementation_cmake: 6.1.2 (/opt/ros/humble/share/rmw_implementation_cmake/cmake)
[0.449s] -- Found rmw_fastrtps_cpp: 6.2.7 (/opt/ros/humble/share/rmw_fastrtps_cpp/cmake)
[0.634s] -- Using RMW implementation 'rmw_fastrtps_cpp' as default
[0.714s] -- Found sensor_msgs: 4.2.4 (/opt/ros/humble/share/sensor_msgs/cmake)
[0.760s] -- Found cv_bridge: 3.2.1 (/opt/ros/humble/share/cv_bridge/cmake)
[0.773s] -- Found image_transport: 3.1.10 (/opt/ros/humble/share/image_transport/cmake)
[136.838s] [ 11%] Creating directories for 'libdatachannel-populate'
[136.839s] [ 22%] Performing download step (git clone) for 'libdatachannel-populate'
[136.839s] Cloning into 'libdatachannel-src'...
[136.840s] HEAD is now at 0b1074a9 Bumped version to 0.20.2
[136.840s] Submodule 'deps/json' (https://github.com/nlohmann/json.git) registered for path 'deps/json'
[136.841s] Submodule 'deps/libjuice' (https://github.com/paullouisageneau/libjuice.git) registered for path 'deps/libjuice'
[136.841s] Submodule 'deps/libsrtp' (https://github.com/cisco/libsrtp.git) registered for path 'deps/libsrtp'
[136.841s] Submodule 'deps/plog' (https://github.com/SergiusTheBest/plog.git) registered for path 'deps/plog'
[136.842s] Submodule 'deps/usrsctp' (https://github.com/sctplab/usrsctp.git) registered for path 'deps/usrsctp'
[136.842s] Cloning into '/home/hady/teleop/gbot_ws/build/teleop/_deps/libdatachannel-src/deps/json'...
[136.842s] Cloning into '/home/hady/teleop/gbot_ws/build/teleop/_deps/libdatachannel-src/deps/libjuice'...
[136.843s] Cloning into '/home/hady/teleop/gbot_ws/build/teleop/_deps/libdatachannel-src/deps/libsrtp'...
[136.843s] Cloning into '/home/hady/teleop/gbot_ws/build/teleop/_deps/libdatachannel-src/deps/plog'...
[136.843s] Cloning into '/home/hady/teleop/gbot_ws/build/teleop/_deps/libdatachannel-src/deps/usrsctp'...
[136.844s] error: RPC failed; curl 92 HTTP/2 stream 0 was not closed cleanly: CANCEL (err 8)
[136.844s] error: 7577 bytes of body are still expected
[136.845s] fetch-pack: unexpected disconnect while reading sideband packet
[136.845s] fatal: early EOF
[136.845s] fatal: fetch-pack: invalid index-pack output
[136.846s] fatal: Fetched in submodule path 'deps/json', but it did not contain 9cca280a4d0ccf0c08f47a99aa71d1b0e52f8d03. Direct fetching of that commit failed.
[136.846s] fatal: 
[136.846s] CMake Error at libdatachannel-subbuild/libdatachannel-populate-prefix/tmp/libdatachannel-populate-gitclone.cmake:52 (message):
[136.847s]   Failed to update submodules in:
[136.847s]   '/home/hady/teleop/gbot_ws/build/teleop/_deps/libdatachannel-src'
[136.847s] 
[136.848s] 
[136.849s] gmake[2]: *** [CMakeFiles/libdatachannel-populate.dir/build.make:102: libdatachannel-populate-prefix/src/libdatachannel-populate-stamp/libdatachannel-populate-download] Error 1
[136.849s] gmake[1]: *** [CMakeFiles/Makefile2:83: CMakeFiles/libdatachannel-populate.dir/all] Error 2
[136.849s] gmake: *** [Makefile:91: all] Error 2
[136.850s] 
[136.850s] CMake Error at /usr/share/cmake-3.22/Modules/FetchContent.cmake:1087 (message):
[136.850s]   Build step for libdatachannel failed: 2
[136.851s] Call Stack (most recent call first):
[136.851s]   /usr/share/cmake-3.22/Modules/FetchContent.cmake:1216:EVAL:2 (__FetchContent_directPopulate)
[136.851s]   /usr/share/cmake-3.22/Modules/FetchContent.cmake:1216 (cmake_language)
[136.852s]   /usr/share/cmake-3.22/Modules/FetchContent.cmake:1259 (FetchContent_Populate)
[136.852s]   CMakeLists.txt:47 (FetchContent_MakeAvailable)
[136.852s] 
[136.853s] 
[136.853s] -- Configuring incomplete, errors occurred!
[136.854s] See also "/home/hady/teleop/gbot_ws/build/teleop/CMakeFiles/CMakeOutput.log".
[136.892s] Invoked command in '/home/hady/teleop/gbot_ws/build/teleop' returned '1': CMAKE_PREFIX_PATH=/opt/ros/humble /usr/bin/cmake /home/hady/teleop/gbot_ws/src/teleop -DCMAKE_INSTALL_PREFIX=/home/hady/teleop/gbot_ws/install/teleop
