-- The C compiler identification is GNU 11.4.0
-- The CXX compiler identification is GNU 11.4.0
-- Detecting C compiler ABI info
-- Detecting C compiler ABI info - done
-- Check for working C compiler: /usr/bin/cc - skipped
-- Detecting C compile features
-- Detecting C compile features - done
-- Detecting CXX compiler ABI info
-- Detecting CXX compiler ABI info - done
-- Check for working CXX compiler: /usr/bin/c++ - skipped
-- Detecting CXX compile features
-- Detecting CXX compile features - done
-- Found ament_cmake: 1.3.11 (/opt/ros/humble/share/ament_cmake/cmake)
-- Found Python3: /usr/bin/python3 (found version "3.10.12") found components: Interpreter 
-- Found rclcpp: 16.0.11 (/opt/ros/humble/share/rclcpp/cmake)
-- Found rosidl_generator_c: 3.1.6 (/opt/ros/humble/share/rosidl_generator_c/cmake)
-- Found rosidl_adapter: 3.1.6 (/opt/ros/humble/share/rosidl_adapter/cmake)
-- Found rosidl_generator_cpp: 3.1.6 (/opt/ros/humble/share/rosidl_generator_cpp/cmake)
-- Using all available rosidl_typesupport_c: rosidl_typesupport_fastrtps_c;rosidl_typesupport_introspection_c
-- Using all available rosidl_typesupport_cpp: rosidl_typesupport_fastrtps_cpp;rosidl_typesupport_introspection_cpp
-- Found rmw_implementation_cmake: 6.1.2 (/opt/ros/humble/share/rmw_implementation_cmake/cmake)
-- Found rmw_fastrtps_cpp: 6.2.7 (/opt/ros/humble/share/rmw_fastrtps_cpp/cmake)
-- Found OpenSSL: /usr/lib/aarch64-linux-gnu/libcrypto.so (found version "3.0.2")  
-- Found FastRTPS: /opt/ros/humble/include  
-- Using RMW implementation 'rmw_fastrtps_cpp' as default
-- Looking for pthread.h
-- Looking for pthread.h - found
-- Performing Test CMAKE_HAVE_LIBC_PTHREAD
-- Performing Test CMAKE_HAVE_LIBC_PTHREAD - Success
-- Found Threads: TRUE  
-- Found sensor_msgs: 4.2.4 (/opt/ros/humble/share/sensor_msgs/cmake)
-- Found cv_bridge: 3.2.1 (/opt/ros/humble/share/cv_bridge/cmake)
-- Found image_transport: 3.1.10 (/opt/ros/humble/share/image_transport/cmake)
-- Found OpenCV: /usr (found version "4.5.4") 
-- Found PkgConfig: /usr/bin/pkg-config (found version "0.29.2") 
-- No build type selected, using DEBUG
-- Looking for include file sys/queue.h
-- Looking for include file sys/queue.h - found
-- Looking for include files sys/socket.h, linux/if_addr.h
-- Looking for include files sys/socket.h, linux/if_addr.h - found
-- Looking for include files sys/socket.h, linux/rtnetlink.h
-- Looking for include files sys/socket.h, linux/rtnetlink.h - found
-- Looking for 4 include files sys/types.h, ..., netinet/ip_icmp.h
-- Looking for 4 include files sys/types.h, ..., netinet/ip_icmp.h - found
-- Looking for 3 include files sys/types.h, ..., net/route.h
-- Looking for 3 include files sys/types.h, ..., net/route.h - found
-- Looking for include file stdatomic.h
-- Looking for include file stdatomic.h - found
-- Looking for usrsctp.h
-- Looking for usrsctp.h - found
-- Performing Test have_sa_len
-- Performing Test have_sa_len - Failed
-- Performing Test have_sin_len
-- Performing Test have_sin_len - Failed
-- Performing Test have_sin6_len
-- Performing Test have_sin6_len - Failed
-- Performing Test have_sconn_len
-- Performing Test have_sconn_len - Failed
-- Performing Test has_wfloat_equal
-- Performing Test has_wfloat_equal - Success
-- Performing Test has_wshadow
-- Performing Test has_wshadow - Success
-- Performing Test has_wpointer_aritih
-- Performing Test has_wpointer_aritih - Success
-- Performing Test has_wunreachable_code
-- Performing Test has_wunreachable_code - Success
-- Performing Test has_winit_self
-- Performing Test has_winit_self - Success
-- Performing Test has_wno_unused_function
-- Performing Test has_wno_unused_function - Success
-- Performing Test has_wno_unused_parameter
-- Performing Test has_wno_unused_parameter - Success
-- Performing Test has_wno_unreachable_code
-- Performing Test has_wno_unreachable_code - Success
-- Performing Test has_wstrict_prototypes
-- Performing Test has_wstrict_prototypes - Success
-- Compiler flags (CMAKE_C_FLAGS):  -std=c99 -pedantic -Wall -Wextra -Wfloat-equal -Wshadow -Wpointer-arith -Wunreachable-code -Winit-self -Wno-unused-function -Wno-unused-parameter -Wno-unreachable-code -Wstrict-prototypes
-- Performing Test has_wno_address_of_packed_member
-- Performing Test has_wno_address_of_packed_member - Success
-- Performing Test has_wno_deprecated_declarations
-- Performing Test has_wno_deprecated_declarations - Success
-- Looking for arpa/inet.h
-- Looking for arpa/inet.h - found
-- Looking for byteswap.h
-- Looking for byteswap.h - found
-- Looking for inttypes.h
-- Looking for inttypes.h - found
-- Looking for machine/types.h
-- Looking for machine/types.h - not found
-- Looking for netinet/in.h
-- Looking for netinet/in.h - found
-- Looking for stdint.h
-- Looking for stdint.h - found
-- Looking for stdlib.h
-- Looking for stdlib.h - found
-- Looking for sys/int_types.h
-- Looking for sys/int_types.h - not found
-- Looking for sys/socket.h
-- Looking for sys/socket.h - found
-- Looking for sys/types.h
-- Looking for sys/types.h - found
-- Looking for unistd.h
-- Looking for unistd.h - found
-- Looking for windows.h
-- Looking for windows.h - not found
-- Looking for winsock2.h
-- Looking for winsock2.h - not found
-- Looking for sigaction
-- Looking for sigaction - found
-- Looking for inet_aton
-- Looking for inet_aton - found
-- Looking for inet_pton
-- Looking for inet_pton - found
-- Looking for usleep
-- Looking for usleep - found
-- Looking for stddef.h
-- Looking for stddef.h - found
-- Check size of uint8_t
-- Check size of uint8_t - done
-- Check size of uint16_t
-- Check size of uint16_t - done
-- Check size of uint32_t
-- Check size of uint32_t - done
-- Check size of uint64_t
-- Check size of uint64_t - done
-- Check size of int32_t
-- Check size of int32_t - done
-- Check size of unsigned long
-- Check size of unsigned long - done
-- Check size of unsigned long long
-- Check size of unsigned long long - done
-- Performing Test HAVE_INLINE
-- Performing Test HAVE_INLINE - Success
-- Found OpenSSL: /usr/lib/aarch64-linux-gnu/libcrypto.so (found suitable version "3.0.2", minimum required is "1.1.0")  
-- Could NOT find PCAP (missing: PCAP_LIBRARY) 
-- Found OpenSSL: /usr/lib/aarch64-linux-gnu/libcrypto.so (found version "3.0.2")  
-- Using the multi-header code from /home/hady/teleop/gbot_ws/libdatachannel/deps/json/include/
-- Found ament_lint_auto: 0.12.11 (/opt/ros/humble/share/ament_lint_auto/cmake)
-- Added test 'copyright' to check source files copyright and LICENSE
-- Added test 'cppcheck' to perform static code analysis on C / C++ code
-- Configured cppcheck include dirs: /home/hady/teleop/gbot_ws/src/teleop/include
-- Configured cppcheck exclude dirs and/or files: 
-- Added test 'lint_cmake' to check CMake code style
-- Added test 'uncrustify' to check C / C++ code style
-- Configured uncrustify additional arguments: 
-- Added test 'xmllint' to check XML markup files
-- Configuring done
-- Generating done
-- Build files have been written to: /home/hady/teleop/gbot_ws/build/teleop
[  0%] [32mBuilding C object libdatachannel/deps/libjuice/CMakeFiles/juice.dir/src/agent.c.o[0m
[  1%] [32mBuilding C object libdatachannel/deps/libsrtp/CMakeFiles/srtp2.dir/srtp/srtp.c.o[0m
[  1%] [32mBuilding C object libdatachannel/deps/libjuice/CMakeFiles/juice.dir/src/addr.c.o[0m
[  3%] [32mBuilding C object libdatachannel/deps/libjuice/CMakeFiles/juice.dir/src/const_time.c.o[0m
[  3%] [32mBuilding C object libdatachannel/deps/libsrtp/CMakeFiles/srtp2.dir/crypto/cipher/cipher.c.o[0m
[  3%] [32mBuilding C object libdatachannel/deps/libjuice/CMakeFiles/juice.dir/src/crc32.c.o[0m
[  5%] [32mBuilding C object libdatachannel/deps/libsrtp/CMakeFiles/srtp2.dir/crypto/cipher/cipher_test_cases.c.o[0m
[  5%] [32mBuilding C object libdatachannel/deps/usrsctp/usrsctplib/CMakeFiles/usrsctp.dir/netinet/sctp_asconf.c.o[0m
[  5%] [32mBuilding C object libdatachannel/deps/usrsctp/usrsctplib/CMakeFiles/usrsctp.dir/netinet/sctp_auth.c.o[0m
[  5%] [32mBuilding C object libdatachannel/deps/libjuice/CMakeFiles/juice.dir/src/conn.c.o[0m
[  5%] [32mBuilding C object libdatachannel/deps/libjuice/CMakeFiles/juice.dir/src/conn_poll.c.o[0m
[  5%] [32mBuilding C object libdatachannel/deps/libsrtp/CMakeFiles/srtp2.dir/crypto/cipher/null_cipher.c.o[0m
[  7%] [32mBuilding C object libdatachannel/deps/libjuice/CMakeFiles/juice.dir/src/conn_thread.c.o[0m
[  7%] [32mBuilding C object libdatachannel/deps/libsrtp/CMakeFiles/srtp2.dir/crypto/cipher/aes_icm_ossl.c.o[0m
[  8%] [32mBuilding C object libdatachannel/deps/usrsctp/usrsctplib/CMakeFiles/usrsctp.dir/netinet/sctp_bsd_addr.c.o[0m
[ 10%] [32mBuilding C object libdatachannel/deps/libsrtp/CMakeFiles/srtp2.dir/crypto/cipher/aes_gcm_ossl.c.o[0m
[ 10%] [32mBuilding C object libdatachannel/deps/libsrtp/CMakeFiles/srtp2.dir/crypto/hash/auth.c.o[0m
[ 10%] [32mBuilding C object libdatachannel/deps/libjuice/CMakeFiles/juice.dir/src/conn_mux.c.o[0m
[ 10%] [32mBuilding C object libdatachannel/deps/libjuice/CMakeFiles/juice.dir/src/base64.c.o[0m
[ 12%] [32mBuilding C object libdatachannel/deps/libjuice/CMakeFiles/juice.dir/src/hash.c.o[0m
[ 12%] [32mBuilding C object libdatachannel/deps/usrsctp/usrsctplib/CMakeFiles/usrsctp.dir/netinet/sctp_callout.c.o[0m
[ 12%] [32mBuilding C object libdatachannel/deps/usrsctp/usrsctplib/CMakeFiles/usrsctp.dir/netinet/sctp_cc_functions.c.o[0m
[ 12%] [32mBuilding C object libdatachannel/deps/libsrtp/CMakeFiles/srtp2.dir/crypto/hash/auth_test_cases.c.o[0m
[ 12%] [32mBuilding C object libdatachannel/deps/libjuice/CMakeFiles/juice.dir/src/hmac.c.o[0m
[ 12%] [32mBuilding C object libdatachannel/deps/libjuice/CMakeFiles/juice.dir/src/ice.c.o[0m
[ 12%] [32mBuilding C object libdatachannel/deps/libsrtp/CMakeFiles/srtp2.dir/crypto/hash/hmac_ossl.c.o[0m
[ 14%] [32mBuilding C object libdatachannel/deps/libsrtp/CMakeFiles/srtp2.dir/crypto/hash/null_auth.c.o[0m
[ 15%] [32mBuilding C object libdatachannel/deps/usrsctp/usrsctplib/CMakeFiles/usrsctp.dir/netinet/sctp_crc32.c.o[0m
[ 15%] [32mBuilding C object libdatachannel/deps/usrsctp/usrsctplib/CMakeFiles/usrsctp.dir/netinet/sctp_indata.c.o[0m
[ 17%] [32mBuilding C object libdatachannel/deps/libjuice/CMakeFiles/juice.dir/src/juice.c.o[0m
[ 17%] [32mBuilding C object libdatachannel/deps/libsrtp/CMakeFiles/srtp2.dir/crypto/kernel/alloc.c.o[0m
[ 19%] [32mBuilding C object libdatachannel/deps/libsrtp/CMakeFiles/srtp2.dir/crypto/kernel/crypto_kernel.c.o[0m
[ 19%] [32mBuilding C object libdatachannel/deps/libsrtp/CMakeFiles/srtp2.dir/crypto/kernel/err.c.o[0m
[ 19%] [32mBuilding C object libdatachannel/deps/usrsctp/usrsctplib/CMakeFiles/usrsctp.dir/netinet/sctp_input.c.o[0m
[ 21%] [32mBuilding C object libdatachannel/deps/usrsctp/usrsctplib/CMakeFiles/usrsctp.dir/netinet/sctp_output.c.o[0m
[ 21%] [32mBuilding C object libdatachannel/deps/libjuice/CMakeFiles/juice.dir/src/log.c.o[0m
[ 21%] [32mBuilding C object libdatachannel/deps/libjuice/CMakeFiles/juice.dir/src/random.c.o[0m
[ 21%] [32mBuilding C object libdatachannel/deps/libsrtp/CMakeFiles/srtp2.dir/crypto/kernel/key.c.o[0m
[ 21%] [32mBuilding C object libdatachannel/deps/usrsctp/usrsctplib/CMakeFiles/usrsctp.dir/netinet/sctp_pcb.c.o[0m
[ 22%] [32mBuilding C object libdatachannel/deps/libjuice/CMakeFiles/juice.dir/src/server.c.o[0m
[ 24%] [32mBuilding C object libdatachannel/deps/libsrtp/CMakeFiles/srtp2.dir/crypto/math/datatypes.c.o[0m
[ 24%] [32mBuilding C object libdatachannel/deps/usrsctp/usrsctplib/CMakeFiles/usrsctp.dir/netinet/sctp_peeloff.c.o[0m
[ 24%] [32mBuilding C object libdatachannel/deps/libjuice/CMakeFiles/juice.dir/src/stun.c.o[0m
[ 24%] [32mBuilding C object libdatachannel/deps/libsrtp/CMakeFiles/srtp2.dir/crypto/replay/rdb.c.o[0m
[ 26%] [32mBuilding C object libdatachannel/deps/usrsctp/usrsctplib/CMakeFiles/usrsctp.dir/netinet/sctp_sha1.c.o[0m
[ 26%] [32mBuilding C object libdatachannel/deps/libsrtp/CMakeFiles/srtp2.dir/crypto/replay/rdbx.c.o[0m
[ 26%] [32mBuilding C object libdatachannel/deps/usrsctp/usrsctplib/CMakeFiles/usrsctp.dir/netinet/sctp_ss_functions.c.o[0m
[ 26%] [32mBuilding C object libdatachannel/deps/usrsctp/usrsctplib/CMakeFiles/usrsctp.dir/netinet/sctp_sysctl.c.o[0m
[ 28%] [32mBuilding C object libdatachannel/deps/usrsctp/usrsctplib/CMakeFiles/usrsctp.dir/netinet/sctp_timer.c.o[0m
[ 28%] [32mBuilding C object libdatachannel/deps/usrsctp/usrsctplib/CMakeFiles/usrsctp.dir/netinet/sctp_userspace.c.o[0m
[ 29%] [32m[1mLinking C static library libsrtp2.a[0m
[ 29%] [32mBuilding C object libdatachannel/deps/libjuice/CMakeFiles/juice.dir/src/timestamp.c.o[0m
[ 31%] [32mBuilding C object libdatachannel/deps/libjuice/CMakeFiles/juice.dir/src/turn.c.o[0m
[ 31%] [32mBuilding C object libdatachannel/deps/usrsctp/usrsctplib/CMakeFiles/usrsctp.dir/netinet/sctp_usrreq.c.o[0m
[ 31%] Built target srtp2
[ 31%] [32mBuilding C object libdatachannel/deps/libjuice/CMakeFiles/juice.dir/src/udp.c.o[0m
[ 31%] [32mBuilding C object libdatachannel/deps/usrsctp/usrsctplib/CMakeFiles/usrsctp.dir/netinet6/sctp6_usrreq.c.o[0m
[ 33%] [32mBuilding C object libdatachannel/deps/usrsctp/usrsctplib/CMakeFiles/usrsctp.dir/netinet/sctputil.c.o[0m
[ 33%] [32mBuilding C object libdatachannel/deps/usrsctp/usrsctplib/CMakeFiles/usrsctp.dir/user_environment.c.o[0m
[ 33%] [32mBuilding C object libdatachannel/deps/usrsctp/usrsctplib/CMakeFiles/usrsctp.dir/user_recv_thread.c.o[0m
[ 35%] [32mBuilding C object libdatachannel/deps/usrsctp/usrsctplib/CMakeFiles/usrsctp.dir/user_mbuf.c.o[0m
[ 35%] [32m[1mLinking C static library libjuice.a[0m
[ 35%] [32mBuilding C object libdatachannel/deps/usrsctp/usrsctplib/CMakeFiles/usrsctp.dir/user_socket.c.o[0m
[ 35%] Built target juice
[ 36%] [32m[1mLinking C static library libusrsctp.a[0m
[ 36%] Built target usrsctp
[ 36%] [32mBuilding CXX object libdatachannel/CMakeFiles/datachannel.dir/src/candidate.cpp.o[0m
[ 36%] [32mBuilding CXX object libdatachannel/CMakeFiles/datachannel.dir/src/channel.cpp.o[0m
[ 38%] [32mBuilding CXX object libdatachannel/CMakeFiles/datachannel.dir/src/mediahandler.cpp.o[0m
[ 38%] [32mBuilding CXX object libdatachannel/CMakeFiles/datachannel.dir/src/global.cpp.o[0m
[ 38%] [32mBuilding CXX object libdatachannel/CMakeFiles/datachannel.dir/src/message.cpp.o[0m
[ 40%] [32mBuilding CXX object libdatachannel/CMakeFiles/datachannel.dir/src/datachannel.cpp.o[0m
[ 40%] [32mBuilding CXX object libdatachannel/CMakeFiles/datachannel.dir/src/configuration.cpp.o[0m
[ 40%] [32mBuilding CXX object libdatachannel/CMakeFiles/datachannel.dir/src/description.cpp.o[0m
[ 42%] [32mBuilding CXX object libdatachannel/CMakeFiles/datachannel.dir/src/peerconnection.cpp.o[0m
[ 42%] [32mBuilding CXX object libdatachannel/CMakeFiles/datachannel.dir/src/rtcpreceivingsession.cpp.o[0m
[ 42%] [32mBuilding CXX object libdatachannel/CMakeFiles/datachannel.dir/src/track.cpp.o[0m
[ 43%] [32mBuilding CXX object libdatachannel/CMakeFiles/datachannel.dir/src/websocket.cpp.o[0m
[ 43%] [32mBuilding CXX object libdatachannel/CMakeFiles/datachannel.dir/src/websocketserver.cpp.o[0m
[ 43%] [32mBuilding CXX object libdatachannel/CMakeFiles/datachannel.dir/src/rtppacketizationconfig.cpp.o[0m
[ 45%] [32mBuilding CXX object libdatachannel/CMakeFiles/datachannel.dir/src/rtcpsrreporter.cpp.o[0m
[ 45%] [32mBuilding CXX object libdatachannel/CMakeFiles/datachannel.dir/src/rtppacketizer.cpp.o[0m
[ 45%] [32mBuilding CXX object libdatachannel/CMakeFiles/datachannel.dir/src/rtpdepacketizer.cpp.o[0m
[ 47%] [32mBuilding CXX object libdatachannel/CMakeFiles/datachannel.dir/src/h264rtppacketizer.cpp.o[0m
[ 47%] [32mBuilding CXX object libdatachannel/CMakeFiles/datachannel.dir/src/h264rtpdepacketizer.cpp.o[0m
[ 47%] [32mBuilding CXX object libdatachannel/CMakeFiles/datachannel.dir/src/nalunit.cpp.o[0m
[ 49%] [32mBuilding CXX object libdatachannel/CMakeFiles/datachannel.dir/src/h265rtppacketizer.cpp.o[0m
[ 49%] [32mBuilding CXX object libdatachannel/CMakeFiles/datachannel.dir/src/h265rtpdepacketizer.cpp.o[0m
[ 49%] [32mBuilding CXX object libdatachannel/CMakeFiles/datachannel.dir/src/h265nalunit.cpp.o[0m
[ 50%] [32mBuilding CXX object libdatachannel/CMakeFiles/datachannel.dir/src/av1rtppacketizer.cpp.o[0m
[ 50%] [32mBuilding CXX object libdatachannel/CMakeFiles/datachannel.dir/src/rtcpnackresponder.cpp.o[0m
[ 50%] [32mBuilding CXX object libdatachannel/CMakeFiles/datachannel.dir/src/rtp.cpp.o[0m
[ 52%] [32mBuilding CXX object libdatachannel/CMakeFiles/datachannel.dir/src/capi.cpp.o[0m
[ 52%] [32mBuilding CXX object libdatachannel/CMakeFiles/datachannel.dir/src/plihandler.cpp.o[0m
[ 52%] [32mBuilding CXX object libdatachannel/CMakeFiles/datachannel.dir/src/pacinghandler.cpp.o[0m
[ 54%] [32mBuilding CXX object libdatachannel/CMakeFiles/datachannel.dir/src/rembhandler.cpp.o[0m
[ 54%] [32mBuilding CXX object libdatachannel/CMakeFiles/datachannel.dir/src/impl/certificate.cpp.o[0m
[ 54%] [32mBuilding CXX object libdatachannel/CMakeFiles/datachannel.dir/src/impl/channel.cpp.o[0m
[ 56%] [32mBuilding CXX object libdatachannel/CMakeFiles/datachannel.dir/src/impl/datachannel.cpp.o[0m
[ 56%] [32mBuilding CXX object libdatachannel/CMakeFiles/datachannel.dir/src/impl/dtlssrtptransport.cpp.o[0m
[ 56%] [32mBuilding CXX object libdatachannel/CMakeFiles/datachannel.dir/src/impl/dtlstransport.cpp.o[0m
[ 57%] [32mBuilding CXX object libdatachannel/CMakeFiles/datachannel.dir/src/impl/icetransport.cpp.o[0m
[ 57%] [32mBuilding CXX object libdatachannel/CMakeFiles/datachannel.dir/src/impl/init.cpp.o[0m
[ 57%] [32mBuilding CXX object libdatachannel/CMakeFiles/datachannel.dir/src/impl/peerconnection.cpp.o[0m
[ 59%] [32mBuilding CXX object libdatachannel/CMakeFiles/datachannel.dir/src/impl/logcounter.cpp.o[0m
[ 59%] [32mBuilding CXX object libdatachannel/CMakeFiles/datachannel.dir/src/impl/sctptransport.cpp.o[0m
[ 59%] [32mBuilding CXX object libdatachannel/CMakeFiles/datachannel.dir/src/impl/threadpool.cpp.o[0m
[ 61%] [32mBuilding CXX object libdatachannel/CMakeFiles/datachannel.dir/src/impl/tls.cpp.o[0m
[ 61%] [32mBuilding CXX object libdatachannel/CMakeFiles/datachannel.dir/src/impl/track.cpp.o[0m
[ 61%] [32mBuilding CXX object libdatachannel/CMakeFiles/datachannel.dir/src/impl/utils.cpp.o[0m
[ 63%] [32mBuilding CXX object libdatachannel/CMakeFiles/datachannel.dir/src/impl/processor.cpp.o[0m
[ 63%] [32mBuilding CXX object libdatachannel/CMakeFiles/datachannel.dir/src/impl/sha.cpp.o[0m
[ 63%] [32mBuilding CXX object libdatachannel/CMakeFiles/datachannel.dir/src/impl/pollinterrupter.cpp.o[0m
[ 64%] [32mBuilding CXX object libdatachannel/CMakeFiles/datachannel.dir/src/impl/pollservice.cpp.o[0m
[ 64%] [32mBuilding CXX object libdatachannel/CMakeFiles/datachannel.dir/src/impl/http.cpp.o[0m
[ 64%] [32mBuilding CXX object libdatachannel/CMakeFiles/datachannel.dir/src/impl/httpproxytransport.cpp.o[0m
[ 66%] [32mBuilding CXX object libdatachannel/CMakeFiles/datachannel.dir/src/impl/tcpserver.cpp.o[0m
[ 66%] [32mBuilding CXX object libdatachannel/CMakeFiles/datachannel.dir/src/impl/tcptransport.cpp.o[0m
[ 66%] [32mBuilding CXX object libdatachannel/CMakeFiles/datachannel.dir/src/impl/tlstransport.cpp.o[0m
[ 68%] [32mBuilding CXX object libdatachannel/CMakeFiles/datachannel.dir/src/impl/transport.cpp.o[0m
[ 68%] [32mBuilding CXX object libdatachannel/CMakeFiles/datachannel.dir/src/impl/verifiedtlstransport.cpp.o[0m
[ 68%] [32mBuilding CXX object libdatachannel/CMakeFiles/datachannel.dir/src/impl/websocket.cpp.o[0m
[ 70%] [32mBuilding CXX object libdatachannel/CMakeFiles/datachannel.dir/src/impl/websocketserver.cpp.o[0m
[ 70%] [32mBuilding CXX object libdatachannel/CMakeFiles/datachannel.dir/src/impl/wstransport.cpp.o[0m
[ 70%] [32mBuilding CXX object libdatachannel/CMakeFiles/datachannel.dir/src/impl/wshandshake.cpp.o[0m
[ 71%] [32m[1mLinking CXX shared library libdatachannel.so[0m
[ 71%] Built target datachannel
[ 73%] [32mBuilding CXX object libdatachannel/CMakeFiles/datachannel-tests.dir/test/main.cpp.o[0m
[ 75%] [32mBuilding CXX object libdatachannel/examples/client/CMakeFiles/datachannel-client.dir/main.cpp.o[0m
[ 77%] [32mBuilding CXX object libdatachannel/examples/media-sfu/CMakeFiles/datachannel-media-sfu.dir/main.cpp.o[0m
[ 77%] [32mBuilding CXX object CMakeFiles/webrtc_lib.dir/src/webrtc.cpp.o[0m
[ 78%] [32mBuilding CXX object libdatachannel/examples/client-benchmark/CMakeFiles/datachannel-client-benchmark.dir/main.cpp.o[0m
[ 78%] [32mBuilding CXX object libdatachannel/examples/media-sender/CMakeFiles/datachannel-media-sender.dir/main.cpp.o[0m
[ 78%] [32mBuilding CXX object libdatachannel/CMakeFiles/datachannel-benchmark.dir/test/benchmark.cpp.o[0m
[ 78%] [32mBuilding CXX object libdatachannel/examples/media-receiver/CMakeFiles/datachannel-media-receiver.dir/main.cpp.o[0m
[ 78%] [32mBuilding CXX object libdatachannel/CMakeFiles/datachannel-tests.dir/test/connectivity.cpp.o[0m
[ 78%] [32m[1mLinking CXX executable benchmark[0m
[ 78%] [32mBuilding CXX object libdatachannel/CMakeFiles/datachannel-tests.dir/test/negotiated.cpp.o[0m
[ 80%] [32m[1mLinking CXX executable media-receiver[0m
[ 80%] Built target datachannel-benchmark
[ 80%] [32mBuilding CXX object libdatachannel/examples/streamer/CMakeFiles/streamer.dir/main.cpp.o[0m
[ 80%] [32m[1mLinking CXX executable media-sender[0m
[ 80%] Built target datachannel-media-receiver
[ 82%] [32mBuilding CXX object libdatachannel/CMakeFiles/datachannel-tests.dir/test/reliability.cpp.o[0m
[ 84%] [32mBuilding CXX object libdatachannel/examples/copy-paste/CMakeFiles/datachannel-copy-paste-offerer.dir/offerer.cpp.o[0m
[ 84%] Built target datachannel-media-sender
[ 85%] [32mBuilding CXX object libdatachannel/examples/copy-paste/CMakeFiles/datachannel-copy-paste-answerer.dir/answerer.cpp.o[0m
[ 85%] [32m[1mLinking CXX executable offerer[0m
[ 85%] Built target datachannel-copy-paste-offerer
[ 85%] [32mBuilding C object libdatachannel/examples/copy-paste-capi/CMakeFiles/datachannel-copy-paste-capi-offerer.dir/offerer.c.o[0m
[ 85%] [32m[1mLinking C executable offerer-capi[0m
[ 85%] Built target datachannel-copy-paste-capi-offerer
[ 85%] [32mBuilding C object libdatachannel/examples/copy-paste-capi/CMakeFiles/datachannel-copy-paste-capi-answerer.dir/answerer.c.o[0m
[ 87%] [32m[1mLinking C executable answerer-capi[0m
[ 87%] Built target datachannel-copy-paste-capi-answerer
[ 87%] [32mBuilding CXX object libdatachannel/CMakeFiles/datachannel-tests.dir/test/turn_connectivity.cpp.o[0m
[ 87%] [32mBuilding CXX object libdatachannel/examples/client-benchmark/CMakeFiles/datachannel-client-benchmark.dir/parse_cl.cpp.o[0m
[ 87%] [32m[1mLinking CXX executable media-sfu[0m
[ 87%] [32m[1mLinking CXX executable client-benchmark[0m
[ 87%] [32mBuilding CXX object libdatachannel/CMakeFiles/datachannel-tests.dir/test/track.cpp.o[0m
[ 87%] Built target datachannel-media-sfu
[ 89%] [32mBuilding CXX object libdatachannel/examples/streamer/CMakeFiles/streamer.dir/dispatchqueue.cpp.o[0m
[ 89%] [32mBuilding CXX object libdatachannel/examples/client/CMakeFiles/datachannel-client.dir/parse_cl.cpp.o[0m
[ 89%] Built target datachannel-client-benchmark
[ 89%] [32m[1mLinking CXX executable answerer[0m
[ 89%] [32mBuilding CXX object libdatachannel/examples/streamer/CMakeFiles/streamer.dir/h264fileparser.cpp.o[0m
[ 91%] [32mBuilding CXX object libdatachannel/CMakeFiles/datachannel-tests.dir/test/capi_connectivity.cpp.o[0m
[ 91%] [32m[1mLinking CXX executable client[0m
[ 91%] [32mBuilding CXX object libdatachannel/CMakeFiles/datachannel-tests.dir/test/capi_track.cpp.o[0m
[ 91%] Built target datachannel-copy-paste-answerer
[ 91%] [32mBuilding CXX object libdatachannel/CMakeFiles/datachannel-tests.dir/test/websocket.cpp.o[0m
[ 91%] Built target datachannel-client
[ 92%] [32mBuilding CXX object libdatachannel/CMakeFiles/datachannel-tests.dir/test/websocketserver.cpp.o[0m
[ 92%] [32mBuilding CXX object libdatachannel/CMakeFiles/datachannel-tests.dir/test/capi_websocketserver.cpp.o[0m
[ 92%] [32mBuilding CXX object libdatachannel/CMakeFiles/datachannel-tests.dir/test/benchmark.cpp.o[0m
[ 92%] [32mBuilding CXX object libdatachannel/examples/streamer/CMakeFiles/streamer.dir/helpers.cpp.o[0m
[ 94%] [32mBuilding CXX object libdatachannel/examples/streamer/CMakeFiles/streamer.dir/opusfileparser.cpp.o[0m
[ 94%] [32mBuilding CXX object libdatachannel/examples/streamer/CMakeFiles/streamer.dir/fileparser.cpp.o[0m
[ 94%] [32mBuilding CXX object libdatachannel/examples/streamer/CMakeFiles/streamer.dir/stream.cpp.o[0m
[ 96%] [32mBuilding CXX object libdatachannel/examples/streamer/CMakeFiles/streamer.dir/ArgParser.cpp.o[0m
[ 96%] [32m[1mLinking CXX executable streamer[0m
[ 96%] Built target streamer
[ 98%] [32m[1mLinking CXX executable tests[0m
[ 98%] Built target datachannel-tests
[100%] [32m[1mLinking CXX shared library libwebrtc_lib.so[0m
[100%] Built target webrtc_lib
[100%] [32mBuilding CXX object CMakeFiles/image_subscriber.dir/src/image_subscriber.cpp.o[0m
[100%] [32m[1mLinking CXX executable image_subscriber[0m
