[0.041s] Invoking command in '/home/hady/teleop/gbot_ws/build/teleop': CMAKE_PREFIX_PATH=/opt/ros/humble /usr/bin/cmake /home/hady/teleop/gbot_ws/src/teleop -DCMAKE_INSTALL_PREFIX=/home/hady/teleop/gbot_ws/install/teleop
[0.063s] -- Found ament_cmake: 1.3.11 (/opt/ros/humble/share/ament_cmake/cmake)
[0.320s] -- Found rclcpp: 16.0.11 (/opt/ros/humble/share/rclcpp/cmake)
[0.373s] -- Found rosidl_generator_c: 3.1.6 (/opt/ros/humble/share/rosidl_generator_c/cmake)
[0.376s] -- Found rosidl_adapter: 3.1.6 (/opt/ros/humble/share/rosidl_adapter/cmake)
[0.385s] -- Found rosidl_generator_cpp: 3.1.6 (/opt/ros/humble/share/rosidl_generator_cpp/cmake)
[0.398s] -- Using all available rosidl_typesupport_c: rosidl_typesupport_fastrtps_c;rosidl_typesupport_introspection_c
[0.416s] -- Using all available rosidl_typesupport_cpp: rosidl_typesupport_fastrtps_cpp;rosidl_typesupport_introspection_cpp
[0.466s] -- Found rmw_implementation_cmake: 6.1.2 (/opt/ros/humble/share/rmw_implementation_cmake/cmake)
[0.468s] -- Found rmw_fastrtps_cpp: 6.2.7 (/opt/ros/humble/share/rmw_fastrtps_cpp/cmake)
[0.632s] -- Using RMW implementation 'rmw_fastrtps_cpp' as default
[0.704s] -- Found sensor_msgs: 4.2.4 (/opt/ros/humble/share/sensor_msgs/cmake)
[0.749s] -- Found cv_bridge: 3.2.1 (/opt/ros/humble/share/cv_bridge/cmake)
[0.761s] -- Found image_transport: 3.1.10 (/opt/ros/humble/share/image_transport/cmake)
[0.848s] CMake Error at CMakeLists.txt:33 (find_package):
[0.849s]   By not providing "Findlibdatachannel.cmake" in CMAKE_MODULE_PATH this
[0.849s]   project has asked CMake to find a package configuration file provided by
[0.850s]   "libdatachannel", but CMake did not find one.
[0.850s] 
[0.850s]   Could not find a package configuration file provided by "libdatachannel"
[0.851s]   with any of the following names:
[0.851s] 
[0.851s]     libdatachannelConfig.cmake
[0.852s]     libdatachannel-config.cmake
[0.852s] 
[0.853s]   Add the installation prefix of "libdatachannel" to CMAKE_PREFIX_PATH or set
[0.853s]   "libdatachannel_DIR" to a directory containing one of the above files.  If
[0.853s]   "libdatachannel" provides a separate development package or SDK, be sure it
[0.854s]   has been installed.
[0.854s] 
[0.854s] 
[0.855s] -- Configuring incomplete, errors occurred!
[0.855s] See also "/home/hady/teleop/gbot_ws/build/teleop/CMakeFiles/CMakeOutput.log".
[0.878s] Invoked command in '/home/hady/teleop/gbot_ws/build/teleop' returned '1': CMAKE_PREFIX_PATH=/opt/ros/humble /usr/bin/cmake /home/hady/teleop/gbot_ws/src/teleop -DCMAKE_INSTALL_PREFIX=/home/hady/teleop/gbot_ws/install/teleop
