[0.000000] (-) TimerEvent: {}
[0.000710] (-) JobUnselected: {'identifier': 'gbot_navigation'}
[0.001263] (-) JobUnselected: {'identifier': 'libdatachannel'}
[0.001398] (teleop) JobQueued: {'identifier': 'teleop', 'dependencies': OrderedDict()}
[0.001525] (teleop) JobStarted: {'identifier': 'teleop'}
[0.015089] (teleop) JobProgress: {'identifier': 'teleop', 'progress': 'cmake'}
[0.016913] (teleop) JobProgress: {'identifier': 'teleop', 'progress': 'build'}
[0.018137] (teleop) Command: {'cmd': ['/usr/bin/cmake', '--build', '/home/hady/teleop/gbot_ws/build/teleop', '--', '-j8', '-l8'], 'cwd': '/home/hady/teleop/gbot_ws/build/teleop', 'env': OrderedDict([('GJS_DEBUG_TOPICS', 'JS ERROR;JS LOG'), ('LANGUAGE', 'en'), ('USER', 'hady'), ('GHOSTTY_RESOURCES_DIR', '/usr/share/ghostty'), ('STARSHIP_SHELL', 'zsh'), ('XDG_SESSION_TYPE', 'x11'), ('SHLVL', '1'), ('LD_LIBRARY_PATH', '/opt/ros/humble/opt/rviz_ogre_vendor/lib:/opt/ros/humble/lib/aarch64-linux-gnu:/opt/ros/humble/lib'), ('MUTTER_DEBUG_ENABLE_ATOMIC_KMS', '0'), ('HOME', '/home/hady'), ('TERMINFO', '/usr/share/terminfo'), ('OLDPWD', '/home/hady/teleop'), ('TERM_PROGRAM_VERSION', '1.0.1'), ('DESKTOP_SESSION', 'ubuntu'), ('GIO_LAUNCHED_DESKTOP_FILE', '/usr/share/applications/com.mitchellh.ghostty.desktop'), ('GTK_MODULES', 'gail:atk-bridge'), ('GNOME_SHELL_SESSION_MODE', 'ubuntu'), ('XDG_SEAT_PATH', '/org/freedesktop/DisplayManager/Seat0'), ('ROS_PYTHON_VERSION', '3'), ('MANAGERPID', '1290'), ('SYSTEMD_EXEC_PID', '1448'), ('DBUS_SESSION_BUS_ADDRESS', 'unix:path=/run/user/1000/bus'), ('GIO_LAUNCHED_DESKTOP_FILE_PID', '9201'), ('COLORTERM', 'truecolor'), ('IM_CONFIG_PHASE', '1'), ('ROS_DISTRO', 'humble'), ('LOGNAME', 'hady'), ('GTK_IM_MODULE', 'ibus'), ('JOURNAL_STREAM', '8:35530'), ('_', '/usr/bin/colcon'), ('XDG_SESSION_CLASS', 'user'), ('ROS_VERSION', '2'), ('GHOSTTY_SHELL_INTEGRATION_NO_SUDO', '1'), ('TERM', 'xterm-ghostty'), ('GNOME_DESKTOP_SESSION_ID', 'this-is-deprecated'), ('ROS_LOCALHOST_ONLY', '0'), ('PATH', '/opt/ros/humble/bin:/home/hady/.local/bin:/usr/local/sbin:/usr/local/bin:/usr/sbin:/usr/bin:/sbin:/bin:/usr/games:/usr/local/games:/snap/bin:/home/hady/.local/bin:/home/hady/.fzf/bin:/Users/hadymashhour/Developer/flutter/bin:/home/hady/.pub-cache/bin:/Users/hadymashhour/Library/Android/sdk/emulator:/Users/hadymashhour/Developer/butler:/usr/local/texlive/2021/bin:/usr/local/texlive/2021/bin/universal-darwin:/usr/local/smlnj/bin:/Users/hadymashhour/Developer/nuclio:/Applications/Blender.app/Contents/MacOS'), ('GDM_LANG', 'en'), ('SESSION_MANAGER', 'local/hady:@/tmp/.ICE-unix/1428,unix/hady:/tmp/.ICE-unix/1428'), ('INVOCATION_ID', 'b54ecc0a4dc94ba892f96e5c87622143'), ('XDG_MENU_PREFIX', 'gnome-'), ('XDG_SESSION_PATH', '/org/freedesktop/DisplayManager/Session0'), ('XDG_RUNTIME_DIR', '/run/user/1000'), ('DISPLAY', ':0'), ('LANG', 'en_US.UTF-8'), ('XDG_CURRENT_DESKTOP', 'ubuntu:GNOME'), ('XAUTHORITY', '/home/hady/.Xauthority'), ('XMODIFIERS', '@im=ibus'), ('TERM_PROGRAM', 'ghostty'), ('XDG_SESSION_DESKTOP', 'ubuntu'), ('SSH_AUTH_SOCK', '/run/user/1000/keyring/ssh'), ('SSH_AGENT_LAUNCHER', 'gnome-keyring'), ('XDG_GREETER_DATA_DIR', '/var/lib/lightdm-data/hady'), ('AMENT_PREFIX_PATH', '/opt/ros/humble'), ('SHELL', '/usr/bin/zsh'), ('CLUTTER_PAINT', 'disable-dynamic-max-render-time'), ('GHOSTTY_BIN_DIR', '/usr/bin'), ('QT_ACCESSIBILITY', '1'), ('GDMSESSION', 'ubuntu'), ('GJS_DEBUG_OUTPUT', 'stderr'), ('GPG_AGENT_INFO', '/run/user/1000/gnupg/S.gpg-agent:0:1'), ('QT_IM_MODULE', 'ibus'), ('MUTTER_DEBUG_FORCE_KMS_MODE', 'simple'), ('LC_ALL', 'en_US.UTF-8'), ('PWD', '/home/hady/teleop/gbot_ws/build/teleop'), ('XDG_CONFIG_DIRS', '/etc/xdg/xdg-ubuntu:/etc/xdg'), ('XDG_DATA_DIRS', '/usr/share/ubuntu:/usr/share/gnome:/usr/local/share:/usr/share:/var/lib/snapd/desktop'), ('STARSHIP_SESSION_KEY', '8615260481064425'), ('PYTHONPATH', '/opt/ros/humble/lib/python3.10/site-packages:/opt/ros/humble/local/lib/python3.10/dist-packages'), ('COLCON', '1'), ('CMAKE_PREFIX_PATH', '/opt/ros/humble')]), 'shell': False}
[0.098305] (-) TimerEvent: {}
[0.199510] (-) TimerEvent: {}
[0.243049] (teleop) StdoutLine: {'line': b'[ 19%] Built target juice\n'}
[0.247748] (teleop) StdoutLine: {'line': b'[ 40%] Built target usrsctp\n'}
[0.299664] (-) TimerEvent: {}
[0.400859] (-) TimerEvent: {}
[0.415837] (teleop) StdoutLine: {'line': b'[ 94%] Built target datachannel\n'}
[0.501223] (-) TimerEvent: {}
[0.533674] (teleop) StdoutLine: {'line': b'[ 98%] Built target webrtc_lib\n'}
[0.601607] (-) TimerEvent: {}
[0.670392] (teleop) StdoutLine: {'line': b'[100%] \x1b[32m\x1b[1mLinking CXX executable image_subscriber\x1b[0m\n'}
[0.701882] (-) TimerEvent: {}
[0.803269] (-) TimerEvent: {}
[0.904745] (-) TimerEvent: {}
[1.005801] (-) TimerEvent: {}
[1.106803] (-) TimerEvent: {}
[1.208102] (-) TimerEvent: {}
[1.309193] (-) TimerEvent: {}
[1.410351] (-) TimerEvent: {}
[1.511466] (-) TimerEvent: {}
[1.612469] (-) TimerEvent: {}
[1.713272] (-) TimerEvent: {}
[1.715421] (teleop) StderrLine: {'line': b"/usr/bin/ld: CMakeFiles/image_subscriber.dir/src/image_subscriber.cpp.o: undefined reference to symbol '_ZNK3rtc11DataChannel8isClosedEv'\n"}
[1.716126] (teleop) StderrLine: {'line': b'/usr/bin/ld: /home/hady/teleop/gbot_ws/build/teleop/libdatachannel/libdatachannel.so.0.22: error adding symbols: DSO missing from command line\n'}
[1.722189] (teleop) StderrLine: {'line': b'collect2: error: ld returned 1 exit status\n'}
[1.727532] (teleop) StderrLine: {'line': b'gmake[2]: *** [CMakeFiles/image_subscriber.dir/build.make:233: image_subscriber] Error 1\n'}
[1.728088] (teleop) StderrLine: {'line': b'gmake[1]: *** [CMakeFiles/Makefile2:247: CMakeFiles/image_subscriber.dir/all] Error 2\n'}
[1.728546] (teleop) StderrLine: {'line': b'gmake: *** [Makefile:146: all] Error 2\n'}
[1.732340] (teleop) CommandEnded: {'returncode': 2}
[1.746508] (teleop) JobEnded: {'identifier': 'teleop', 'rc': 2}
[1.757307] (-) EventReactorShutdown: {}
