[35m[1mConsolidate compiler generated dependencies of target webrtc_lib[0m
[ 50%] Built target webrtc_lib
[35m[1mConsolidate compiler generated dependencies of target image_subscriber[0m
[100%] Built target image_subscriber
-- Install configuration: ""
-- Up-to-date: /home/hady/teleop/gbot_ws/install/teleop/lib/teleop/image_subscriber
-- Up-to-date: /home/hady/teleop/gbot_ws/install/teleop/share/ament_index/resource_index/package_run_dependencies/teleop
-- Up-to-date: /home/hady/teleop/gbot_ws/install/teleop/share/ament_index/resource_index/parent_prefix_path/teleop
-- Up-to-date: /home/hady/teleop/gbot_ws/install/teleop/share/teleop/environment/ament_prefix_path.sh
-- Up-to-date: /home/hady/teleop/gbot_ws/install/teleop/share/teleop/environment/ament_prefix_path.dsv
-- Up-to-date: /home/hady/teleop/gbot_ws/install/teleop/share/teleop/environment/path.sh
-- Up-to-date: /home/hady/teleop/gbot_ws/install/teleop/share/teleop/environment/path.dsv
-- Up-to-date: /home/hady/teleop/gbot_ws/install/teleop/share/teleop/local_setup.bash
-- Up-to-date: /home/hady/teleop/gbot_ws/install/teleop/share/teleop/local_setup.sh
-- Up-to-date: /home/hady/teleop/gbot_ws/install/teleop/share/teleop/local_setup.zsh
-- Up-to-date: /home/hady/teleop/gbot_ws/install/teleop/share/teleop/local_setup.dsv
-- Installing: /home/hady/teleop/gbot_ws/install/teleop/share/teleop/package.dsv
-- Up-to-date: /home/hady/teleop/gbot_ws/install/teleop/share/ament_index/resource_index/packages/teleop
-- Up-to-date: /home/hady/teleop/gbot_ws/install/teleop/share/teleop/cmake/teleopConfig.cmake
-- Up-to-date: /home/hady/teleop/gbot_ws/install/teleop/share/teleop/cmake/teleopConfig-version.cmake
-- Up-to-date: /home/hady/teleop/gbot_ws/install/teleop/share/teleop/package.xml
