[0.022s] Invoking command in '/home/hady/teleop/gbot_ws/build/teleop': CMAKE_PREFIX_PATH=/opt/ros/humble /usr/bin/cmake --build /home/hady/teleop/gbot_ws/build/teleop -- -j8 -l8
[0.151s] [35m[1mConsolidate compiler generated dependencies of target webrtc_lib[0m
[0.289s] [ 50%] Built target webrtc_lib
[0.333s] [35m[1mConsolidate compiler generated dependencies of target image_subscriber[0m
[0.441s] [100%] Built target image_subscriber
[0.475s] Invoked command in '/home/hady/teleop/gbot_ws/build/teleop' returned '0': CMAKE_PREFIX_PATH=/opt/ros/humble /usr/bin/cmake --build /home/hady/teleop/gbot_ws/build/teleop -- -j8 -l8
[0.509s] Invoking command in '/home/hady/teleop/gbot_ws/build/teleop': CMAKE_PREFIX_PATH=/opt/ros/humble /usr/bin/cmake --install /home/hady/teleop/gbot_ws/build/teleop
[0.536s] -- Install configuration: ""
[0.537s] -- Up-to-date: /home/hady/teleop/gbot_ws/install/teleop/lib/teleop/image_subscriber
[0.537s] -- Up-to-date: /home/hady/teleop/gbot_ws/install/teleop/share/ament_index/resource_index/package_run_dependencies/teleop
[0.538s] -- Up-to-date: /home/hady/teleop/gbot_ws/install/teleop/share/ament_index/resource_index/parent_prefix_path/teleop
[0.538s] -- Up-to-date: /home/hady/teleop/gbot_ws/install/teleop/share/teleop/environment/ament_prefix_path.sh
[0.538s] -- Up-to-date: /home/hady/teleop/gbot_ws/install/teleop/share/teleop/environment/ament_prefix_path.dsv
[0.538s] -- Up-to-date: /home/hady/teleop/gbot_ws/install/teleop/share/teleop/environment/path.sh
[0.538s] -- Up-to-date: /home/hady/teleop/gbot_ws/install/teleop/share/teleop/environment/path.dsv
[0.538s] -- Up-to-date: /home/hady/teleop/gbot_ws/install/teleop/share/teleop/local_setup.bash
[0.538s] -- Up-to-date: /home/hady/teleop/gbot_ws/install/teleop/share/teleop/local_setup.sh
[0.538s] -- Up-to-date: /home/hady/teleop/gbot_ws/install/teleop/share/teleop/local_setup.zsh
[0.538s] -- Up-to-date: /home/hady/teleop/gbot_ws/install/teleop/share/teleop/local_setup.dsv
[0.538s] -- Installing: /home/hady/teleop/gbot_ws/install/teleop/share/teleop/package.dsv
[0.539s] -- Up-to-date: /home/hady/teleop/gbot_ws/install/teleop/share/ament_index/resource_index/packages/teleop
[0.539s] -- Up-to-date: /home/hady/teleop/gbot_ws/install/teleop/share/teleop/cmake/teleopConfig.cmake
[0.539s] -- Up-to-date: /home/hady/teleop/gbot_ws/install/teleop/share/teleop/cmake/teleopConfig-version.cmake
[0.539s] -- Up-to-date: /home/hady/teleop/gbot_ws/install/teleop/share/teleop/package.xml
[0.542s] Invoked command in '/home/hady/teleop/gbot_ws/build/teleop' returned '0': CMAKE_PREFIX_PATH=/opt/ros/humble /usr/bin/cmake --install /home/hady/teleop/gbot_ws/build/teleop
