[0.017s] Invoking command in '/home/hady/teleop/gbot_ws/build/teleop': CMAKE_PREFIX_PATH=/opt/ros/humble /usr/bin/cmake --build /home/hady/teleop/gbot_ws/build/teleop -- -j8 -l8
[0.085s] -- Found ament_cmake: 1.3.11 (/opt/ros/humble/share/ament_cmake/cmake)
[0.335s] -- Found rclcpp: 16.0.11 (/opt/ros/humble/share/rclcpp/cmake)
[0.376s] -- Found rosidl_generator_c: 3.1.6 (/opt/ros/humble/share/rosidl_generator_c/cmake)
[0.379s] -- Found rosidl_adapter: 3.1.6 (/opt/ros/humble/share/rosidl_adapter/cmake)
[0.387s] -- Found rosidl_generator_cpp: 3.1.6 (/opt/ros/humble/share/rosidl_generator_cpp/cmake)
[0.400s] -- Using all available rosidl_typesupport_c: rosidl_typesupport_fastrtps_c;rosidl_typesupport_introspection_c
[0.419s] -- Using all available rosidl_typesupport_cpp: rosidl_typesupport_fastrtps_cpp;rosidl_typesupport_introspection_cpp
[0.465s] -- Found rmw_implementation_cmake: 6.1.2 (/opt/ros/humble/share/rmw_implementation_cmake/cmake)
[0.466s] -- Found rmw_fastrtps_cpp: 6.2.7 (/opt/ros/humble/share/rmw_fastrtps_cpp/cmake)
[0.644s] -- Using RMW implementation 'rmw_fastrtps_cpp' as default
[0.720s] -- Found sensor_msgs: 4.2.4 (/opt/ros/humble/share/sensor_msgs/cmake)
[0.765s] -- Found cv_bridge: 3.2.1 (/opt/ros/humble/share/cv_bridge/cmake)
[0.777s] -- Found image_transport: 3.1.10 (/opt/ros/humble/share/image_transport/cmake)
[0.860s] -- No build type selected, using DEBUG
[0.864s] -- Compiler flags (CMAKE_C_FLAGS):  -std=c99 -pedantic -Wall -Wextra -Wfloat-equal -Wshadow -Wpointer-arith -Wunreachable-code -Winit-self -Wno-unused-function -Wno-unused-parameter -Wno-unreachable-code -Wstrict-prototypes
[0.900s] -- Found ament_lint_auto: 0.12.11 (/opt/ros/humble/share/ament_lint_auto/cmake)
[1.042s] -- Added test 'cppcheck' to perform static code analysis on C / C++ code
[1.043s] -- Configured cppcheck include dirs: /home/hady/teleop/gbot_ws/src/teleop/include
[1.043s] -- Configured cppcheck exclude dirs and/or files: 
[1.043s] -- Added test 'lint_cmake' to check CMake code style
[1.045s] -- Added test 'uncrustify' to check C / C++ code style
[1.045s] -- Configured uncrustify additional arguments: 
[1.045s] -- Added test 'xmllint' to check XML markup files
[1.047s] -- Configuring done
[1.135s] -- Generating done
[1.155s] -- Build files have been written to: /home/hady/teleop/gbot_ws/build/teleop
[1.274s] [35m[1mConsolidate compiler generated dependencies of target juice[0m
[1.278s] [35m[1mConsolidate compiler generated dependencies of target usrsctp[0m
[1.339s] [ 19%] Built target juice
[1.362s] [ 40%] Built target usrsctp
[1.425s] [35m[1mConsolidate compiler generated dependencies of target datachannel[0m
[1.567s] [ 94%] Built target datachannel
[1.608s] [35m[1mConsolidate compiler generated dependencies of target webrtc_lib[0m
[1.682s] [ 98%] Built target webrtc_lib
[1.723s] [35m[1mConsolidate compiler generated dependencies of target image_subscriber[0m
[1.805s] [100%] [32m[1mLinking CXX executable image_subscriber[0m
[2.918s] /usr/bin/ld: CMakeFiles/image_subscriber.dir/src/image_subscriber.cpp.o: undefined reference to symbol '_ZNK3rtc11DataChannel8isClosedEv'
[2.918s] /usr/bin/ld: /home/hady/teleop/gbot_ws/build/teleop/libdatachannel/libdatachannel.so.0.22: error adding symbols: DSO missing from command line
[2.925s] collect2: error: ld returned 1 exit status
[2.928s] gmake[2]: *** [CMakeFiles/image_subscriber.dir/build.make:233: image_subscriber] Error 1
[2.928s] gmake[1]: *** [CMakeFiles/Makefile2:247: CMakeFiles/image_subscriber.dir/all] Error 2
[2.929s] gmake: *** [Makefile:146: all] Error 2
[2.933s] Invoked command in '/home/hady/teleop/gbot_ws/build/teleop' returned '2': CMAKE_PREFIX_PATH=/opt/ros/humble /usr/bin/cmake --build /home/hady/teleop/gbot_ws/build/teleop -- -j8 -l8
