[0.022s] Invoking command in '/home/hady/teleop/gbot_ws/build/teleop': CMAKE_PREFIX_PATH=/opt/ros/humble /usr/bin/cmake /home/hady/teleop/gbot_ws/src/teleop -DCMAKE_INSTALL_PREFIX=/home/hady/teleop/gbot_ws/install/teleop
[0.161s] -- The C compiler identification is GNU 11.4.0
[0.321s] -- The CXX compiler identification is GNU 11.4.0
[0.349s] -- Detecting C compiler ABI info
[0.615s] -- Detecting C compiler ABI info - done
[0.656s] -- Check for working C compiler: /usr/bin/cc - skipped
[0.657s] -- Detecting C compile features
[0.657s] -- Detecting C compile features - done
[0.661s] -- Detecting CXX compiler ABI info
[0.906s] -- Detecting CXX compiler ABI info - done
[0.949s] -- Check for working CXX compiler: /usr/bin/c++ - skipped
[0.950s] -- Detecting CXX compile features
[0.952s] -- Detecting CXX compile features - done
[0.957s] -- Found ament_cmake: 1.3.11 (/opt/ros/humble/share/ament_cmake/cmake)
[1.290s] -- Found Python3: /usr/bin/python3 (found version "3.10.12") found components: Interpreter 
[1.484s] -- Found rclcpp: 16.0.11 (/opt/ros/humble/share/rclcpp/cmake)
[1.544s] -- Found rosidl_generator_c: 3.1.6 (/opt/ros/humble/share/rosidl_generator_c/cmake)
[1.550s] -- Found rosidl_adapter: 3.1.6 (/opt/ros/humble/share/rosidl_adapter/cmake)
[1.563s] -- Found rosidl_generator_cpp: 3.1.6 (/opt/ros/humble/share/rosidl_generator_cpp/cmake)
[1.580s] -- Using all available rosidl_typesupport_c: rosidl_typesupport_fastrtps_c;rosidl_typesupport_introspection_c
[1.604s] -- Using all available rosidl_typesupport_cpp: rosidl_typesupport_fastrtps_cpp;rosidl_typesupport_introspection_cpp
[1.667s] -- Found rmw_implementation_cmake: 6.1.2 (/opt/ros/humble/share/rmw_implementation_cmake/cmake)
[1.670s] -- Found rmw_fastrtps_cpp: 6.2.7 (/opt/ros/humble/share/rmw_fastrtps_cpp/cmake)
[1.876s] -- Found OpenSSL: /usr/lib/aarch64-linux-gnu/libcrypto.so (found version "3.0.2")  
[1.935s] -- Found FastRTPS: /opt/ros/humble/include  
[2.018s] -- Using RMW implementation 'rmw_fastrtps_cpp' as default
[2.031s] -- Looking for pthread.h
[2.292s] -- Looking for pthread.h - found
[2.292s] -- Performing Test CMAKE_HAVE_LIBC_PTHREAD
[2.558s] -- Performing Test CMAKE_HAVE_LIBC_PTHREAD - Success
[2.559s] -- Found Threads: TRUE  
[2.648s] -- Found sensor_msgs: 4.2.4 (/opt/ros/humble/share/sensor_msgs/cmake)
[2.708s] -- Found cv_bridge: 3.2.1 (/opt/ros/humble/share/cv_bridge/cmake)
[2.734s] -- Found image_transport: 3.1.10 (/opt/ros/humble/share/image_transport/cmake)
[2.803s] -- Found OpenCV: /usr (found version "4.5.4") 
[2.815s] -- Found PkgConfig: /usr/bin/pkg-config (found version "0.29.2") 
[2.860s] CMake Error at CMakeLists.txt:28 (find_package):
[2.861s]   By not providing "Findwebsocketpp.cmake" in CMAKE_MODULE_PATH this project
[2.861s]   has asked CMake to find a package configuration file provided by
[2.862s]   "websocketpp", but CMake did not find one.
[2.863s] 
[2.863s]   Could not find a package configuration file provided by "websocketpp" with
[2.863s]   any of the following names:
[2.864s] 
[2.864s]     websocketppConfig.cmake
[2.865s]     websocketpp-config.cmake
[2.865s] 
[2.865s]   Add the installation prefix of "websocketpp" to CMAKE_PREFIX_PATH or set
[2.866s]   "websocketpp_DIR" to a directory containing one of the above files.  If
[2.866s]   "websocketpp" provides a separate development package or SDK, be sure it
[2.866s]   has been installed.
[2.867s] 
[2.867s] 
[2.868s] -- Configuring incomplete, errors occurred!
[2.869s] See also "/home/hady/teleop/gbot_ws/build/teleop/CMakeFiles/CMakeOutput.log".
[2.894s] Invoked command in '/home/hady/teleop/gbot_ws/build/teleop' returned '1': CMAKE_PREFIX_PATH=/opt/ros/humble /usr/bin/cmake /home/hady/teleop/gbot_ws/src/teleop -DCMAKE_INSTALL_PREFIX=/home/hady/teleop/gbot_ws/install/teleop
