[0.024s] Invoking command in '/home/hady/teleop/gbot_ws/build/gbot_navigation': CMAKE_PREFIX_PATH=/opt/ros/humble /usr/bin/cmake --build /home/hady/teleop/gbot_ws/build/gbot_navigation -- -j8 -l8
[0.154s] [35m[1mConsolidate compiler generated dependencies of target path_planner[0m
[0.219s] [100%] Built target path_planner
[0.258s] Invoked command in '/home/hady/teleop/gbot_ws/build/gbot_navigation' returned '0': CMAKE_PREFIX_PATH=/opt/ros/humble /usr/bin/cmake --build /home/hady/teleop/gbot_ws/build/gbot_navigation -- -j8 -l8
[0.291s] Invoking command in '/home/hady/teleop/gbot_ws/build/gbot_navigation': CMAKE_PREFIX_PATH=/opt/ros/humble /usr/bin/cmake --install /home/hady/teleop/gbot_ws/build/gbot_navigation
[0.319s] -- Install configuration: ""
[0.319s] -- Installing: /home/hady/teleop/gbot_ws/install/gbot_navigation/lib/gbot_navigation/path_planner
[0.325s] -- Set runtime path of "/home/hady/teleop/gbot_ws/install/gbot_navigation/lib/gbot_navigation/path_planner" to ""
[0.325s] -- Installing: /home/hady/teleop/gbot_ws/install/gbot_navigation/share/ament_index/resource_index/package_run_dependencies/gbot_navigation
[0.326s] -- Installing: /home/hady/teleop/gbot_ws/install/gbot_navigation/share/ament_index/resource_index/parent_prefix_path/gbot_navigation
[0.326s] -- Installing: /home/hady/teleop/gbot_ws/install/gbot_navigation/share/gbot_navigation/environment/ament_prefix_path.sh
[0.326s] -- Installing: /home/hady/teleop/gbot_ws/install/gbot_navigation/share/gbot_navigation/environment/ament_prefix_path.dsv
[0.326s] -- Installing: /home/hady/teleop/gbot_ws/install/gbot_navigation/share/gbot_navigation/environment/path.sh
[0.327s] -- Installing: /home/hady/teleop/gbot_ws/install/gbot_navigation/share/gbot_navigation/environment/path.dsv
[0.327s] -- Installing: /home/hady/teleop/gbot_ws/install/gbot_navigation/share/gbot_navigation/local_setup.bash
[0.327s] -- Installing: /home/hady/teleop/gbot_ws/install/gbot_navigation/share/gbot_navigation/local_setup.sh
[0.327s] -- Installing: /home/hady/teleop/gbot_ws/install/gbot_navigation/share/gbot_navigation/local_setup.zsh
[0.327s] -- Installing: /home/hady/teleop/gbot_ws/install/gbot_navigation/share/gbot_navigation/local_setup.dsv
[0.328s] -- Installing: /home/hady/teleop/gbot_ws/install/gbot_navigation/share/gbot_navigation/package.dsv
[0.328s] -- Installing: /home/hady/teleop/gbot_ws/install/gbot_navigation/share/ament_index/resource_index/packages/gbot_navigation
[0.328s] -- Installing: /home/hady/teleop/gbot_ws/install/gbot_navigation/share/gbot_navigation/cmake/gbot_navigationConfig.cmake
[0.328s] -- Installing: /home/hady/teleop/gbot_ws/install/gbot_navigation/share/gbot_navigation/cmake/gbot_navigationConfig-version.cmake
[0.328s] -- Installing: /home/hady/teleop/gbot_ws/install/gbot_navigation/share/gbot_navigation/package.xml
[0.347s] Invoked command in '/home/hady/teleop/gbot_ws/build/gbot_navigation' returned '0': CMAKE_PREFIX_PATH=/opt/ros/humble /usr/bin/cmake --install /home/hady/teleop/gbot_ws/build/gbot_navigation
