[0.156s] DEBUG:colcon:Command line arguments: ['/usr/bin/colcon', 'build']
[0.156s] DEBUG:colcon:Parsed command line arguments: Namespace(log_base=None, log_level=None, verb_name='build', build_base='build', install_base='install', merge_install=False, symlink_install=False, test_result_base=None, continue_on_error=False, executor='parallel', parallel_workers=8, event_handlers=None, ignore_user_meta=False, metas=['./colcon.meta'], base_paths=['.'], packages_ignore=None, packages_ignore_regex=None, paths=None, packages_up_to=None, packages_up_to_regex=None, packages_above=None, packages_above_and_dependencies=None, packages_above_depth=None, packages_select_by_dep=None, packages_skip_by_dep=None, packages_skip_up_to=None, packages_select_build_failed=False, packages_skip_build_finished=False, packages_select_test_failures=False, packages_skip_test_passed=False, packages_select=None, packages_skip=None, packages_select_regex=None, packages_skip_regex=None, packages_start=None, packages_end=None, allow_overriding=[], cmake_args=None, cmake_target=None, cmake_target_skip_unavailable=False, cmake_clean_cache=False, cmake_clean_first=False, cmake_force_configure=False, ament_cmake_args=None, catkin_cmake_args=None, catkin_skip_building_tests=False, mixin_files=None, mixin=None, verb_parser=<colcon_mixin.mixin.mixin_argument.MixinArgumentDecorator object at 0xffffa603da80>, verb_extension=<colcon_core.verb.build.BuildVerb object at 0xffffa603d480>, main=<bound method BuildVerb.main of <colcon_core.verb.build.BuildVerb object at 0xffffa603d480>>, mixin_verb=('build',))
[0.391s] Level 1:colcon.colcon_core.package_discovery:discover_packages(colcon_meta) check parameters
[0.391s] Level 1:colcon.colcon_core.package_discovery:discover_packages(recursive) check parameters
[0.391s] Level 1:colcon.colcon_core.package_discovery:discover_packages(ignore) check parameters
[0.391s] Level 1:colcon.colcon_core.package_discovery:discover_packages(path) check parameters
[0.391s] Level 1:colcon.colcon_core.package_discovery:discover_packages(colcon_meta) discover
[0.391s] Level 1:colcon.colcon_core.package_discovery:discover_packages(recursive) discover
[0.391s] INFO:colcon.colcon_core.package_discovery:Crawling recursively for packages in '/home/hady/teleop/gbot_ws'
[0.392s] Level 1:colcon.colcon_core.package_identification:_identify(.) by extensions ['ignore', 'ignore_ament_install']
[0.392s] Level 1:colcon.colcon_core.package_identification:_identify(.) by extension 'ignore'
[0.392s] Level 1:colcon.colcon_core.package_identification:_identify(.) by extension 'ignore_ament_install'
[0.392s] Level 1:colcon.colcon_core.package_identification:_identify(.) by extensions ['colcon_pkg']
[0.392s] Level 1:colcon.colcon_core.package_identification:_identify(.) by extension 'colcon_pkg'
[0.392s] Level 1:colcon.colcon_core.package_identification:_identify(.) by extensions ['colcon_meta']
[0.392s] Level 1:colcon.colcon_core.package_identification:_identify(.) by extension 'colcon_meta'
[0.392s] Level 1:colcon.colcon_core.package_identification:_identify(.) by extensions ['ros']
[0.392s] Level 1:colcon.colcon_core.package_identification:_identify(.) by extension 'ros'
[0.408s] Level 1:colcon.colcon_core.package_identification:_identify(.) by extensions ['cmake', 'python']
[0.408s] Level 1:colcon.colcon_core.package_identification:_identify(.) by extension 'cmake'
[0.408s] Level 1:colcon.colcon_core.package_identification:_identify(.) by extension 'python'
[0.408s] Level 1:colcon.colcon_core.package_identification:_identify(.) by extensions ['python_setup_py']
[0.408s] Level 1:colcon.colcon_core.package_identification:_identify(.) by extension 'python_setup_py'
[0.408s] Level 1:colcon.colcon_core.package_identification:_identify(build) by extensions ['ignore', 'ignore_ament_install']
[0.408s] Level 1:colcon.colcon_core.package_identification:_identify(build) by extension 'ignore'
[0.408s] Level 1:colcon.colcon_core.package_identification:_identify(build) ignored
[0.409s] Level 1:colcon.colcon_core.package_identification:_identify(install) by extensions ['ignore', 'ignore_ament_install']
[0.409s] Level 1:colcon.colcon_core.package_identification:_identify(install) by extension 'ignore'
[0.409s] Level 1:colcon.colcon_core.package_identification:_identify(install) ignored
[0.409s] Level 1:colcon.colcon_core.package_identification:_identify(libdatachannel) by extensions ['ignore', 'ignore_ament_install']
[0.409s] Level 1:colcon.colcon_core.package_identification:_identify(libdatachannel) by extension 'ignore'
[0.409s] Level 1:colcon.colcon_core.package_identification:_identify(libdatachannel) by extension 'ignore_ament_install'
[0.409s] Level 1:colcon.colcon_core.package_identification:_identify(libdatachannel) by extensions ['colcon_pkg']
[0.409s] Level 1:colcon.colcon_core.package_identification:_identify(libdatachannel) by extension 'colcon_pkg'
[0.409s] Level 1:colcon.colcon_core.package_identification:_identify(libdatachannel) by extensions ['colcon_meta']
[0.409s] Level 1:colcon.colcon_core.package_identification:_identify(libdatachannel) by extension 'colcon_meta'
[0.409s] Level 1:colcon.colcon_core.package_identification:_identify(libdatachannel) by extensions ['ros']
[0.410s] Level 1:colcon.colcon_core.package_identification:_identify(libdatachannel) by extension 'ros'
[0.410s] Level 1:colcon.colcon_core.package_identification:_identify(libdatachannel) by extensions ['cmake', 'python']
[0.410s] Level 1:colcon.colcon_core.package_identification:_identify(libdatachannel) by extension 'cmake'
[0.493s] Level 1:colcon.colcon_core.package_identification:_identify(libdatachannel) by extension 'python'
[0.493s] DEBUG:colcon.colcon_core.package_identification:Package 'libdatachannel' with type 'cmake' and name 'libdatachannel'
[0.493s] Level 1:colcon.colcon_core.package_identification:_identify(log) by extensions ['ignore', 'ignore_ament_install']
[0.493s] Level 1:colcon.colcon_core.package_identification:_identify(log) by extension 'ignore'
[0.493s] Level 1:colcon.colcon_core.package_identification:_identify(log) ignored
[0.493s] Level 1:colcon.colcon_core.package_identification:_identify(src) by extensions ['ignore', 'ignore_ament_install']
[0.494s] Level 1:colcon.colcon_core.package_identification:_identify(src) by extension 'ignore'
[0.494s] Level 1:colcon.colcon_core.package_identification:_identify(src) by extension 'ignore_ament_install'
[0.494s] Level 1:colcon.colcon_core.package_identification:_identify(src) by extensions ['colcon_pkg']
[0.494s] Level 1:colcon.colcon_core.package_identification:_identify(src) by extension 'colcon_pkg'
[0.494s] Level 1:colcon.colcon_core.package_identification:_identify(src) by extensions ['colcon_meta']
[0.494s] Level 1:colcon.colcon_core.package_identification:_identify(src) by extension 'colcon_meta'
[0.494s] Level 1:colcon.colcon_core.package_identification:_identify(src) by extensions ['ros']
[0.494s] Level 1:colcon.colcon_core.package_identification:_identify(src) by extension 'ros'
[0.494s] Level 1:colcon.colcon_core.package_identification:_identify(src) by extensions ['cmake', 'python']
[0.494s] Level 1:colcon.colcon_core.package_identification:_identify(src) by extension 'cmake'
[0.494s] Level 1:colcon.colcon_core.package_identification:_identify(src) by extension 'python'
[0.494s] Level 1:colcon.colcon_core.package_identification:_identify(src) by extensions ['python_setup_py']
[0.494s] Level 1:colcon.colcon_core.package_identification:_identify(src) by extension 'python_setup_py'
[0.494s] Level 1:colcon.colcon_core.package_identification:_identify(src/gbot_navigation) by extensions ['ignore', 'ignore_ament_install']
[0.495s] Level 1:colcon.colcon_core.package_identification:_identify(src/gbot_navigation) by extension 'ignore'
[0.495s] Level 1:colcon.colcon_core.package_identification:_identify(src/gbot_navigation) by extension 'ignore_ament_install'
[0.495s] Level 1:colcon.colcon_core.package_identification:_identify(src/gbot_navigation) by extensions ['colcon_pkg']
[0.495s] Level 1:colcon.colcon_core.package_identification:_identify(src/gbot_navigation) by extension 'colcon_pkg'
[0.495s] Level 1:colcon.colcon_core.package_identification:_identify(src/gbot_navigation) by extensions ['colcon_meta']
[0.495s] Level 1:colcon.colcon_core.package_identification:_identify(src/gbot_navigation) by extension 'colcon_meta'
[0.495s] Level 1:colcon.colcon_core.package_identification:_identify(src/gbot_navigation) by extensions ['ros']
[0.495s] Level 1:colcon.colcon_core.package_identification:_identify(src/gbot_navigation) by extension 'ros'
[0.499s] DEBUG:colcon.colcon_core.package_identification:Package 'src/gbot_navigation' with type 'ros.ament_cmake' and name 'gbot_navigation'
[0.499s] Level 1:colcon.colcon_core.package_identification:_identify(src/teleop) by extensions ['ignore', 'ignore_ament_install']
[0.499s] Level 1:colcon.colcon_core.package_identification:_identify(src/teleop) by extension 'ignore'
[0.499s] Level 1:colcon.colcon_core.package_identification:_identify(src/teleop) by extension 'ignore_ament_install'
[0.499s] Level 1:colcon.colcon_core.package_identification:_identify(src/teleop) by extensions ['colcon_pkg']
[0.499s] Level 1:colcon.colcon_core.package_identification:_identify(src/teleop) by extension 'colcon_pkg'
[0.499s] Level 1:colcon.colcon_core.package_identification:_identify(src/teleop) by extensions ['colcon_meta']
[0.499s] Level 1:colcon.colcon_core.package_identification:_identify(src/teleop) by extension 'colcon_meta'
[0.499s] Level 1:colcon.colcon_core.package_identification:_identify(src/teleop) by extensions ['ros']
[0.499s] Level 1:colcon.colcon_core.package_identification:_identify(src/teleop) by extension 'ros'
[0.501s] DEBUG:colcon.colcon_core.package_identification:Package 'src/teleop' with type 'ros.ament_cmake' and name 'teleop'
[0.501s] Level 1:colcon.colcon_core.package_discovery:discover_packages(recursive) using defaults
[0.501s] Level 1:colcon.colcon_core.package_discovery:discover_packages(ignore) discover
[0.502s] Level 1:colcon.colcon_core.package_discovery:discover_packages(ignore) using defaults
[0.502s] Level 1:colcon.colcon_core.package_discovery:discover_packages(path) discover
[0.502s] Level 1:colcon.colcon_core.package_discovery:discover_packages(path) using defaults
[0.554s] Level 1:colcon.colcon_core.package_discovery:discover_packages(prefix_path) check parameters
[0.555s] Level 1:colcon.colcon_core.package_discovery:discover_packages(prefix_path) discover
[0.557s] DEBUG:colcon.colcon_installed_package_information.package_discovery:Found 3 installed packages in /home/hady/teleop/gbot_ws/install
[0.559s] DEBUG:colcon.colcon_installed_package_information.package_discovery:Found 271 installed packages in /opt/ros/humble
[0.561s] Level 1:colcon.colcon_core.package_discovery:discover_packages(prefix_path) using defaults
[0.612s] Level 5:colcon.colcon_core.verb:set package 'gbot_navigation' build argument 'cmake_args' from command line to 'None'
[0.612s] Level 5:colcon.colcon_core.verb:set package 'gbot_navigation' build argument 'cmake_target' from command line to 'None'
[0.612s] Level 5:colcon.colcon_core.verb:set package 'gbot_navigation' build argument 'cmake_target_skip_unavailable' from command line to 'False'
[0.612s] Level 5:colcon.colcon_core.verb:set package 'gbot_navigation' build argument 'cmake_clean_cache' from command line to 'False'
[0.612s] Level 5:colcon.colcon_core.verb:set package 'gbot_navigation' build argument 'cmake_clean_first' from command line to 'False'
[0.612s] Level 5:colcon.colcon_core.verb:set package 'gbot_navigation' build argument 'cmake_force_configure' from command line to 'False'
[0.612s] Level 5:colcon.colcon_core.verb:set package 'gbot_navigation' build argument 'ament_cmake_args' from command line to 'None'
[0.612s] Level 5:colcon.colcon_core.verb:set package 'gbot_navigation' build argument 'catkin_cmake_args' from command line to 'None'
[0.612s] Level 5:colcon.colcon_core.verb:set package 'gbot_navigation' build argument 'catkin_skip_building_tests' from command line to 'False'
[0.612s] DEBUG:colcon.colcon_core.verb:Building package 'gbot_navigation' with the following arguments: {'ament_cmake_args': None, 'build_base': '/home/hady/teleop/gbot_ws/build/gbot_navigation', 'catkin_cmake_args': None, 'catkin_skip_building_tests': False, 'cmake_args': None, 'cmake_clean_cache': False, 'cmake_clean_first': False, 'cmake_force_configure': False, 'cmake_target': None, 'cmake_target_skip_unavailable': False, 'install_base': '/home/hady/teleop/gbot_ws/install/gbot_navigation', 'merge_install': False, 'path': '/home/hady/teleop/gbot_ws/src/gbot_navigation', 'symlink_install': False, 'test_result_base': None}
[0.613s] Level 5:colcon.colcon_core.verb:set package 'libdatachannel' build argument 'cmake_args' from command line to 'None'
[0.613s] Level 5:colcon.colcon_core.verb:set package 'libdatachannel' build argument 'cmake_target' from command line to 'None'
[0.613s] Level 5:colcon.colcon_core.verb:set package 'libdatachannel' build argument 'cmake_target_skip_unavailable' from command line to 'False'
[0.613s] Level 5:colcon.colcon_core.verb:set package 'libdatachannel' build argument 'cmake_clean_cache' from command line to 'False'
[0.613s] Level 5:colcon.colcon_core.verb:set package 'libdatachannel' build argument 'cmake_clean_first' from command line to 'False'
[0.613s] Level 5:colcon.colcon_core.verb:set package 'libdatachannel' build argument 'cmake_force_configure' from command line to 'False'
[0.613s] Level 5:colcon.colcon_core.verb:set package 'libdatachannel' build argument 'ament_cmake_args' from command line to 'None'
[0.613s] Level 5:colcon.colcon_core.verb:set package 'libdatachannel' build argument 'catkin_cmake_args' from command line to 'None'
[0.613s] Level 5:colcon.colcon_core.verb:set package 'libdatachannel' build argument 'catkin_skip_building_tests' from command line to 'False'
[0.613s] DEBUG:colcon.colcon_core.verb:Building package 'libdatachannel' with the following arguments: {'ament_cmake_args': None, 'build_base': '/home/hady/teleop/gbot_ws/build/libdatachannel', 'catkin_cmake_args': None, 'catkin_skip_building_tests': False, 'cmake_args': None, 'cmake_clean_cache': False, 'cmake_clean_first': False, 'cmake_force_configure': False, 'cmake_target': None, 'cmake_target_skip_unavailable': False, 'install_base': '/home/hady/teleop/gbot_ws/install/libdatachannel', 'merge_install': False, 'path': '/home/hady/teleop/gbot_ws/libdatachannel', 'symlink_install': False, 'test_result_base': None}
[0.614s] Level 5:colcon.colcon_core.verb:set package 'teleop' build argument 'cmake_args' from command line to 'None'
[0.614s] Level 5:colcon.colcon_core.verb:set package 'teleop' build argument 'cmake_target' from command line to 'None'
[0.614s] Level 5:colcon.colcon_core.verb:set package 'teleop' build argument 'cmake_target_skip_unavailable' from command line to 'False'
[0.614s] Level 5:colcon.colcon_core.verb:set package 'teleop' build argument 'cmake_clean_cache' from command line to 'False'
[0.614s] Level 5:colcon.colcon_core.verb:set package 'teleop' build argument 'cmake_clean_first' from command line to 'False'
[0.614s] Level 5:colcon.colcon_core.verb:set package 'teleop' build argument 'cmake_force_configure' from command line to 'False'
[0.614s] Level 5:colcon.colcon_core.verb:set package 'teleop' build argument 'ament_cmake_args' from command line to 'None'
[0.614s] Level 5:colcon.colcon_core.verb:set package 'teleop' build argument 'catkin_cmake_args' from command line to 'None'
[0.614s] Level 5:colcon.colcon_core.verb:set package 'teleop' build argument 'catkin_skip_building_tests' from command line to 'False'
[0.614s] DEBUG:colcon.colcon_core.verb:Building package 'teleop' with the following arguments: {'ament_cmake_args': None, 'build_base': '/home/hady/teleop/gbot_ws/build/teleop', 'catkin_cmake_args': None, 'catkin_skip_building_tests': False, 'cmake_args': None, 'cmake_clean_cache': False, 'cmake_clean_first': False, 'cmake_force_configure': False, 'cmake_target': None, 'cmake_target_skip_unavailable': False, 'install_base': '/home/hady/teleop/gbot_ws/install/teleop', 'merge_install': False, 'path': '/home/hady/teleop/gbot_ws/src/teleop', 'symlink_install': False, 'test_result_base': None}
[0.614s] INFO:colcon.colcon_core.executor:Executing jobs using 'parallel' executor
[0.616s] DEBUG:colcon.colcon_parallel_executor.executor.parallel:run_until_complete
[0.616s] INFO:colcon.colcon_ros.task.ament_cmake.build:Building ROS package in '/home/hady/teleop/gbot_ws/src/gbot_navigation' with build type 'ament_cmake'
[0.616s] INFO:colcon.colcon_cmake.task.cmake.build:Building CMake package in '/home/hady/teleop/gbot_ws/src/gbot_navigation'
[0.620s] INFO:colcon.colcon_core.plugin_system:Skipping extension 'colcon_core.shell.bat': Not used on non-Windows systems
[0.620s] INFO:colcon.colcon_core.shell:Skip shell extension 'powershell' for command environment: Not usable outside of PowerShell
[0.620s] DEBUG:colcon.colcon_core.shell:Skip shell extension 'dsv' for command environment
[0.625s] INFO:colcon.colcon_cmake.task.cmake.build:Building CMake package in '/home/hady/teleop/gbot_ws/libdatachannel'
[0.625s] INFO:colcon.colcon_core.shell:Skip shell extension 'powershell' for command environment: Not usable outside of PowerShell
[0.625s] DEBUG:colcon.colcon_core.shell:Skip shell extension 'dsv' for command environment
[0.630s] INFO:colcon.colcon_ros.task.ament_cmake.build:Building ROS package in '/home/hady/teleop/gbot_ws/src/teleop' with build type 'ament_cmake'
[0.630s] INFO:colcon.colcon_cmake.task.cmake.build:Building CMake package in '/home/hady/teleop/gbot_ws/src/teleop'
[0.631s] INFO:colcon.colcon_core.shell:Skip shell extension 'powershell' for command environment: Not usable outside of PowerShell
[0.631s] DEBUG:colcon.colcon_core.shell:Skip shell extension 'dsv' for command environment
[0.643s] DEBUG:colcon.colcon_core.event_handler.log_command:Invoking command in '/home/hady/teleop/gbot_ws/build/gbot_navigation': CMAKE_PREFIX_PATH=${CMAKE_PREFIX_PATH}:/opt/ros/humble /usr/bin/cmake /home/hady/teleop/gbot_ws/src/gbot_navigation -DCMAKE_INSTALL_PREFIX=/home/hady/teleop/gbot_ws/install/gbot_navigation
[0.650s] DEBUG:colcon.colcon_core.event_handler.log_command:Invoking command in '/home/hady/teleop/gbot_ws/build/libdatachannel': /usr/bin/cmake /home/hady/teleop/gbot_ws/libdatachannel -DCMAKE_INSTALL_PREFIX=/home/hady/teleop/gbot_ws/install/libdatachannel
[0.656s] DEBUG:colcon.colcon_core.event_handler.log_command:Invoking command in '/home/hady/teleop/gbot_ws/build/teleop': CMAKE_PREFIX_PATH=${CMAKE_PREFIX_PATH}:/opt/ros/humble /usr/bin/cmake /home/hady/teleop/gbot_ws/src/teleop -DCMAKE_INSTALL_PREFIX=/home/hady/teleop/gbot_ws/install/teleop
[3.155s] DEBUG:colcon.colcon_core.event_handler.log_command:Invoked command in '/home/hady/teleop/gbot_ws/build/gbot_navigation' returned '0': CMAKE_PREFIX_PATH=${CMAKE_PREFIX_PATH}:/opt/ros/humble /usr/bin/cmake /home/hady/teleop/gbot_ws/src/gbot_navigation -DCMAKE_INSTALL_PREFIX=/home/hady/teleop/gbot_ws/install/gbot_navigation
[3.159s] DEBUG:colcon.colcon_core.event_handler.log_command:Invoking command in '/home/hady/teleop/gbot_ws/build/gbot_navigation': CMAKE_PREFIX_PATH=${CMAKE_PREFIX_PATH}:/opt/ros/humble /usr/bin/cmake --build /home/hady/teleop/gbot_ws/build/gbot_navigation -- -j8 -l8
[12.825s] DEBUG:colcon.colcon_core.event_handler.log_command:Invoked command in '/home/hady/teleop/gbot_ws/build/libdatachannel' returned '0': /usr/bin/cmake /home/hady/teleop/gbot_ws/libdatachannel -DCMAKE_INSTALL_PREFIX=/home/hady/teleop/gbot_ws/install/libdatachannel
[12.827s] DEBUG:colcon.colcon_core.event_handler.log_command:Invoking command in '/home/hady/teleop/gbot_ws/build/libdatachannel': /usr/bin/cmake --build /home/hady/teleop/gbot_ws/build/libdatachannel -- -j8 -l8
[16.166s] DEBUG:colcon.colcon_core.event_handler.log_command:Invoked command in '/home/hady/teleop/gbot_ws/build/teleop' returned '0': CMAKE_PREFIX_PATH=${CMAKE_PREFIX_PATH}:/opt/ros/humble /usr/bin/cmake /home/hady/teleop/gbot_ws/src/teleop -DCMAKE_INSTALL_PREFIX=/home/hady/teleop/gbot_ws/install/teleop
[16.193s] DEBUG:colcon.colcon_core.event_handler.log_command:Invoking command in '/home/hady/teleop/gbot_ws/build/teleop': CMAKE_PREFIX_PATH=${CMAKE_PREFIX_PATH}:/opt/ros/humble /usr/bin/cmake --build /home/hady/teleop/gbot_ws/build/teleop -- -j8 -l8
[32.943s] DEBUG:colcon.colcon_core.event_handler.log_command:Invoked command in '/home/hady/teleop/gbot_ws/build/gbot_navigation' returned '0': CMAKE_PREFIX_PATH=${CMAKE_PREFIX_PATH}:/opt/ros/humble /usr/bin/cmake --build /home/hady/teleop/gbot_ws/build/gbot_navigation -- -j8 -l8
[33.007s] DEBUG:colcon.colcon_core.event_handler.log_command:Invoking command in '/home/hady/teleop/gbot_ws/build/gbot_navigation': CMAKE_PREFIX_PATH=${CMAKE_PREFIX_PATH}:/opt/ros/humble /usr/bin/cmake --install /home/hady/teleop/gbot_ws/build/gbot_navigation
[33.232s] Level 1:colcon.colcon_core.environment:create_environment_scripts_only(gbot_navigation)
[33.240s] DEBUG:colcon.colcon_core.event_handler.log_command:Invoked command in '/home/hady/teleop/gbot_ws/build/gbot_navigation' returned '0': CMAKE_PREFIX_PATH=${CMAKE_PREFIX_PATH}:/opt/ros/humble /usr/bin/cmake --install /home/hady/teleop/gbot_ws/build/gbot_navigation
[33.257s] Level 1:colcon.colcon_core.environment:checking '/home/hady/teleop/gbot_ws/install/gbot_navigation' for CMake module files
[33.258s] Level 1:colcon.colcon_core.environment:checking '/home/hady/teleop/gbot_ws/install/gbot_navigation' for CMake config files
[33.259s] Level 1:colcon.colcon_core.shell:create_environment_hook('gbot_navigation', 'cmake_prefix_path')
[33.259s] INFO:colcon.colcon_core.shell:Creating environment hook '/home/hady/teleop/gbot_ws/install/gbot_navigation/share/gbot_navigation/hook/cmake_prefix_path.ps1'
[33.261s] INFO:colcon.colcon_core.shell:Creating environment descriptor '/home/hady/teleop/gbot_ws/install/gbot_navigation/share/gbot_navigation/hook/cmake_prefix_path.dsv'
[33.266s] INFO:colcon.colcon_core.shell:Creating environment hook '/home/hady/teleop/gbot_ws/install/gbot_navigation/share/gbot_navigation/hook/cmake_prefix_path.sh'
[33.270s] Level 1:colcon.colcon_core.environment:checking '/home/hady/teleop/gbot_ws/install/gbot_navigation/lib'
[33.271s] Level 1:colcon.colcon_core.environment:checking '/home/hady/teleop/gbot_ws/install/gbot_navigation/bin'
[33.271s] Level 1:colcon.colcon_core.environment:checking '/home/hady/teleop/gbot_ws/install/gbot_navigation/lib/pkgconfig/gbot_navigation.pc'
[33.272s] Level 1:colcon.colcon_core.environment:checking '/home/hady/teleop/gbot_ws/install/gbot_navigation/lib/python3.10/site-packages'
[33.272s] Level 1:colcon.colcon_core.environment:checking '/home/hady/teleop/gbot_ws/install/gbot_navigation/bin'
[33.273s] INFO:colcon.colcon_core.shell:Creating package script '/home/hady/teleop/gbot_ws/install/gbot_navigation/share/gbot_navigation/package.ps1'
[33.279s] INFO:colcon.colcon_core.shell:Creating package descriptor '/home/hady/teleop/gbot_ws/install/gbot_navigation/share/gbot_navigation/package.dsv'
[33.282s] INFO:colcon.colcon_core.shell:Creating package script '/home/hady/teleop/gbot_ws/install/gbot_navigation/share/gbot_navigation/package.sh'
[33.284s] INFO:colcon.colcon_core.shell:Creating package script '/home/hady/teleop/gbot_ws/install/gbot_navigation/share/gbot_navigation/package.bash'
[33.285s] INFO:colcon.colcon_core.shell:Creating package script '/home/hady/teleop/gbot_ws/install/gbot_navigation/share/gbot_navigation/package.zsh'
[33.287s] Level 1:colcon.colcon_core.environment:create_file_with_runtime_dependencies(/home/hady/teleop/gbot_ws/install/gbot_navigation/share/colcon-core/packages/gbot_navigation)
[33.288s] Level 1:colcon.colcon_core.environment:create_environment_scripts_only(gbot_navigation)
[33.289s] Level 1:colcon.colcon_core.environment:checking '/home/hady/teleop/gbot_ws/install/gbot_navigation' for CMake module files
[33.291s] Level 1:colcon.colcon_core.environment:checking '/home/hady/teleop/gbot_ws/install/gbot_navigation' for CMake config files
[33.295s] Level 1:colcon.colcon_core.shell:create_environment_hook('gbot_navigation', 'cmake_prefix_path')
[33.298s] INFO:colcon.colcon_core.shell:Creating environment hook '/home/hady/teleop/gbot_ws/install/gbot_navigation/share/gbot_navigation/hook/cmake_prefix_path.ps1'
[33.300s] INFO:colcon.colcon_core.shell:Creating environment descriptor '/home/hady/teleop/gbot_ws/install/gbot_navigation/share/gbot_navigation/hook/cmake_prefix_path.dsv'
[33.300s] INFO:colcon.colcon_core.shell:Creating environment hook '/home/hady/teleop/gbot_ws/install/gbot_navigation/share/gbot_navigation/hook/cmake_prefix_path.sh'
[33.301s] Level 1:colcon.colcon_core.environment:checking '/home/hady/teleop/gbot_ws/install/gbot_navigation/lib'
[33.302s] Level 1:colcon.colcon_core.environment:checking '/home/hady/teleop/gbot_ws/install/gbot_navigation/bin'
[33.302s] Level 1:colcon.colcon_core.environment:checking '/home/hady/teleop/gbot_ws/install/gbot_navigation/lib/pkgconfig/gbot_navigation.pc'
[33.302s] Level 1:colcon.colcon_core.environment:checking '/home/hady/teleop/gbot_ws/install/gbot_navigation/lib/python3.10/site-packages'
[33.302s] Level 1:colcon.colcon_core.environment:checking '/home/hady/teleop/gbot_ws/install/gbot_navigation/bin'
[33.303s] INFO:colcon.colcon_core.shell:Creating package script '/home/hady/teleop/gbot_ws/install/gbot_navigation/share/gbot_navigation/package.ps1'
[33.304s] INFO:colcon.colcon_core.shell:Creating package descriptor '/home/hady/teleop/gbot_ws/install/gbot_navigation/share/gbot_navigation/package.dsv'
[33.305s] INFO:colcon.colcon_core.shell:Creating package script '/home/hady/teleop/gbot_ws/install/gbot_navigation/share/gbot_navigation/package.sh'
[33.306s] INFO:colcon.colcon_core.shell:Creating package script '/home/hady/teleop/gbot_ws/install/gbot_navigation/share/gbot_navigation/package.bash'
[33.307s] INFO:colcon.colcon_core.shell:Creating package script '/home/hady/teleop/gbot_ws/install/gbot_navigation/share/gbot_navigation/package.zsh'
[33.309s] Level 1:colcon.colcon_core.environment:create_file_with_runtime_dependencies(/home/hady/teleop/gbot_ws/install/gbot_navigation/share/colcon-core/packages/gbot_navigation)
[142.192s] DEBUG:colcon.colcon_core.event_handler.log_command:Invoked command in '/home/hady/teleop/gbot_ws/build/libdatachannel' returned '0': /usr/bin/cmake --build /home/hady/teleop/gbot_ws/build/libdatachannel -- -j8 -l8
[142.201s] DEBUG:colcon.colcon_core.event_handler.log_command:Invoking command in '/home/hady/teleop/gbot_ws/build/libdatachannel': /usr/bin/cmake --install /home/hady/teleop/gbot_ws/build/libdatachannel
[142.282s] Level 1:colcon.colcon_core.environment:create_environment_scripts_only(libdatachannel)
[142.284s] Level 1:colcon.colcon_core.environment:checking '/home/hady/teleop/gbot_ws/install/libdatachannel' for CMake module files
[142.287s] Level 1:colcon.colcon_core.environment:checking '/home/hady/teleop/gbot_ws/install/libdatachannel' for CMake config files
[142.288s] Level 1:colcon.colcon_core.shell:create_environment_hook('libdatachannel', 'cmake_prefix_path')
[142.290s] INFO:colcon.colcon_core.shell:Creating environment hook '/home/hady/teleop/gbot_ws/install/libdatachannel/share/libdatachannel/hook/cmake_prefix_path.ps1'
[142.300s] INFO:colcon.colcon_core.shell:Creating environment descriptor '/home/hady/teleop/gbot_ws/install/libdatachannel/share/libdatachannel/hook/cmake_prefix_path.dsv'
[142.305s] INFO:colcon.colcon_core.shell:Creating environment hook '/home/hady/teleop/gbot_ws/install/libdatachannel/share/libdatachannel/hook/cmake_prefix_path.sh'
[142.309s] Level 1:colcon.colcon_core.environment:checking '/home/hady/teleop/gbot_ws/install/libdatachannel/lib'
[142.310s] Level 1:colcon.colcon_core.shell:create_environment_hook('libdatachannel', 'ld_library_path_lib')
[142.311s] INFO:colcon.colcon_core.shell:Creating environment hook '/home/hady/teleop/gbot_ws/install/libdatachannel/share/libdatachannel/hook/ld_library_path_lib.ps1'
[142.315s] INFO:colcon.colcon_core.shell:Creating environment descriptor '/home/hady/teleop/gbot_ws/install/libdatachannel/share/libdatachannel/hook/ld_library_path_lib.dsv'
[142.320s] INFO:colcon.colcon_core.shell:Creating environment hook '/home/hady/teleop/gbot_ws/install/libdatachannel/share/libdatachannel/hook/ld_library_path_lib.sh'
[142.324s] Level 1:colcon.colcon_core.environment:checking '/home/hady/teleop/gbot_ws/install/libdatachannel/bin'
[142.324s] Level 1:colcon.colcon_core.environment:checking '/home/hady/teleop/gbot_ws/install/libdatachannel/lib/pkgconfig/libdatachannel.pc'
[142.326s] Level 1:colcon.colcon_core.environment:checking '/home/hady/teleop/gbot_ws/install/libdatachannel/lib/python3.10/site-packages'
[142.327s] Level 1:colcon.colcon_core.environment:checking '/home/hady/teleop/gbot_ws/install/libdatachannel/bin'
[142.329s] INFO:colcon.colcon_core.shell:Creating package script '/home/hady/teleop/gbot_ws/install/libdatachannel/share/libdatachannel/package.ps1'
[142.332s] INFO:colcon.colcon_core.shell:Creating package descriptor '/home/hady/teleop/gbot_ws/install/libdatachannel/share/libdatachannel/package.dsv'
[142.336s] INFO:colcon.colcon_core.shell:Creating package script '/home/hady/teleop/gbot_ws/install/libdatachannel/share/libdatachannel/package.sh'
[142.340s] INFO:colcon.colcon_core.shell:Creating package script '/home/hady/teleop/gbot_ws/install/libdatachannel/share/libdatachannel/package.bash'
[142.341s] INFO:colcon.colcon_core.shell:Creating package script '/home/hady/teleop/gbot_ws/install/libdatachannel/share/libdatachannel/package.zsh'
[142.342s] Level 1:colcon.colcon_core.environment:create_file_with_runtime_dependencies(/home/hady/teleop/gbot_ws/install/libdatachannel/share/colcon-core/packages/libdatachannel)
[142.344s] DEBUG:colcon.colcon_core.event_handler.log_command:Invoked command in '/home/hady/teleop/gbot_ws/build/libdatachannel' returned '0': /usr/bin/cmake --install /home/hady/teleop/gbot_ws/build/libdatachannel
[176.953s] DEBUG:colcon.colcon_core.event_handler.log_command:Invoked command in '/home/hady/teleop/gbot_ws/build/teleop' returned '2': CMAKE_PREFIX_PATH=${CMAKE_PREFIX_PATH}:/opt/ros/humble /usr/bin/cmake --build /home/hady/teleop/gbot_ws/build/teleop -- -j8 -l8
[176.955s] Level 1:colcon.colcon_core.environment:create_environment_scripts_only(teleop)
[176.956s] Level 1:colcon.colcon_core.environment:checking '/home/hady/teleop/gbot_ws/install/teleop' for CMake module files
[176.958s] Level 1:colcon.colcon_core.environment:checking '/home/hady/teleop/gbot_ws/install/teleop' for CMake config files
[176.960s] Level 1:colcon.colcon_core.environment:checking '/home/hady/teleop/gbot_ws/install/teleop/bin'
[176.961s] Level 1:colcon.colcon_core.environment:checking '/home/hady/teleop/gbot_ws/install/teleop/lib/pkgconfig/teleop.pc'
[176.962s] Level 1:colcon.colcon_core.environment:checking '/home/hady/teleop/gbot_ws/install/teleop/lib/python3.10/site-packages'
[176.963s] Level 1:colcon.colcon_core.environment:checking '/home/hady/teleop/gbot_ws/install/teleop/bin'
[176.964s] INFO:colcon.colcon_core.shell:Creating package script '/home/hady/teleop/gbot_ws/install/teleop/share/teleop/package.ps1'
[176.968s] INFO:colcon.colcon_core.shell:Creating package descriptor '/home/hady/teleop/gbot_ws/install/teleop/share/teleop/package.dsv'
[176.971s] INFO:colcon.colcon_core.shell:Creating package script '/home/hady/teleop/gbot_ws/install/teleop/share/teleop/package.sh'
[176.975s] INFO:colcon.colcon_core.shell:Creating package script '/home/hady/teleop/gbot_ws/install/teleop/share/teleop/package.bash'
[176.978s] INFO:colcon.colcon_core.shell:Creating package script '/home/hady/teleop/gbot_ws/install/teleop/share/teleop/package.zsh'
[176.981s] Level 1:colcon.colcon_core.environment:create_file_with_runtime_dependencies(/home/hady/teleop/gbot_ws/install/teleop/share/colcon-core/packages/teleop)
[177.001s] DEBUG:colcon.colcon_parallel_executor.executor.parallel:closing loop
[177.001s] DEBUG:colcon.colcon_parallel_executor.executor.parallel:loop closed
[177.002s] DEBUG:colcon.colcon_parallel_executor.executor.parallel:run_until_complete finished with '2'
[177.003s] DEBUG:colcon.colcon_core.event_reactor:joining thread
[177.134s] INFO:colcon.colcon_core.plugin_system:Skipping extension 'colcon_notification.desktop_notification.terminal_notifier': Not used on non-Darwin systems
[177.134s] INFO:colcon.colcon_core.plugin_system:Skipping extension 'colcon_notification.desktop_notification.win32': Not used on non-Windows systems
[177.135s] INFO:colcon.colcon_notification.desktop_notification:Sending desktop notification using 'notify2'
[177.169s] DEBUG:colcon.colcon_core.event_reactor:joined thread
[177.171s] INFO:colcon.colcon_core.shell:Creating prefix script '/home/hady/teleop/gbot_ws/install/local_setup.ps1'
[177.177s] INFO:colcon.colcon_core.shell:Creating prefix util module '/home/hady/teleop/gbot_ws/install/_local_setup_util_ps1.py'
[177.188s] INFO:colcon.colcon_core.shell:Creating prefix chain script '/home/hady/teleop/gbot_ws/install/setup.ps1'
[177.195s] INFO:colcon.colcon_core.shell:Creating prefix script '/home/hady/teleop/gbot_ws/install/local_setup.sh'
[177.200s] INFO:colcon.colcon_core.shell:Creating prefix util module '/home/hady/teleop/gbot_ws/install/_local_setup_util_sh.py'
[177.204s] INFO:colcon.colcon_core.shell:Creating prefix chain script '/home/hady/teleop/gbot_ws/install/setup.sh'
[177.210s] INFO:colcon.colcon_core.shell:Creating prefix script '/home/hady/teleop/gbot_ws/install/local_setup.bash'
[177.213s] INFO:colcon.colcon_core.shell:Creating prefix chain script '/home/hady/teleop/gbot_ws/install/setup.bash'
[177.219s] INFO:colcon.colcon_core.shell:Creating prefix script '/home/hady/teleop/gbot_ws/install/local_setup.zsh'
[177.222s] INFO:colcon.colcon_core.shell:Creating prefix chain script '/home/hady/teleop/gbot_ws/install/setup.zsh'
