[0.000000] (-) TimerEvent: {}
[0.000884] (-) JobUnselected: {'identifier': 'gbot_navigation'}
[0.001232] (-) JobUnselected: {'identifier': 'libdatachannel'}
[0.001363] (teleop) JobQueued: {'identifier': 'teleop', 'dependencies': OrderedDict()}
[0.001869] (teleop) JobStarted: {'identifier': 'teleop'}
[0.015294] (teleop) JobProgress: {'identifier': 'teleop', 'progress': 'cmake'}
[0.016692] (teleop) JobProgress: {'identifier': 'teleop', 'progress': 'build'}
[0.017868] (teleop) Command: {'cmd': ['/usr/bin/cmake', '--build', '/home/hady/teleop/gbot_ws/build/teleop', '--', '-j8', '-l8'], 'cwd': '/home/hady/teleop/gbot_ws/build/teleop', 'env': OrderedDict([('GJS_DEBUG_TOPICS', 'JS ERROR;JS LOG'), ('LANGUAGE', 'en'), ('USER', 'hady'), ('GHOSTTY_RESOURCES_DIR', '/usr/share/ghostty'), ('STARSHIP_SHELL', 'zsh'), ('XDG_SESSION_TYPE', 'x11'), ('SHLVL', '1'), ('LD_LIBRARY_PATH', '/opt/ros/humble/opt/rviz_ogre_vendor/lib:/opt/ros/humble/lib/aarch64-linux-gnu:/opt/ros/humble/lib'), ('MUTTER_DEBUG_ENABLE_ATOMIC_KMS', '0'), ('HOME', '/home/hady'), ('TERMINFO', '/usr/share/terminfo'), ('OLDPWD', '/home/hady/teleop'), ('TERM_PROGRAM_VERSION', '1.0.1'), ('DESKTOP_SESSION', 'ubuntu'), ('GIO_LAUNCHED_DESKTOP_FILE', '/usr/share/applications/com.mitchellh.ghostty.desktop'), ('GTK_MODULES', 'gail:atk-bridge'), ('GNOME_SHELL_SESSION_MODE', 'ubuntu'), ('XDG_SEAT_PATH', '/org/freedesktop/DisplayManager/Seat0'), ('ROS_PYTHON_VERSION', '3'), ('MANAGERPID', '1290'), ('SYSTEMD_EXEC_PID', '1448'), ('DBUS_SESSION_BUS_ADDRESS', 'unix:path=/run/user/1000/bus'), ('GIO_LAUNCHED_DESKTOP_FILE_PID', '9201'), ('COLORTERM', 'truecolor'), ('IM_CONFIG_PHASE', '1'), ('ROS_DISTRO', 'humble'), ('LOGNAME', 'hady'), ('GTK_IM_MODULE', 'ibus'), ('JOURNAL_STREAM', '8:35530'), ('_', '/usr/bin/colcon'), ('XDG_SESSION_CLASS', 'user'), ('ROS_VERSION', '2'), ('GHOSTTY_SHELL_INTEGRATION_NO_SUDO', '1'), ('TERM', 'xterm-ghostty'), ('GNOME_DESKTOP_SESSION_ID', 'this-is-deprecated'), ('ROS_LOCALHOST_ONLY', '0'), ('PATH', '/opt/ros/humble/bin:/home/hady/.local/bin:/usr/local/sbin:/usr/local/bin:/usr/sbin:/usr/bin:/sbin:/bin:/usr/games:/usr/local/games:/snap/bin:/home/hady/.local/bin:/home/hady/.fzf/bin:/Users/hadymashhour/Developer/flutter/bin:/home/hady/.pub-cache/bin:/Users/hadymashhour/Library/Android/sdk/emulator:/Users/hadymashhour/Developer/butler:/usr/local/texlive/2021/bin:/usr/local/texlive/2021/bin/universal-darwin:/usr/local/smlnj/bin:/Users/hadymashhour/Developer/nuclio:/Applications/Blender.app/Contents/MacOS'), ('GDM_LANG', 'en'), ('SESSION_MANAGER', 'local/hady:@/tmp/.ICE-unix/1428,unix/hady:/tmp/.ICE-unix/1428'), ('INVOCATION_ID', 'b54ecc0a4dc94ba892f96e5c87622143'), ('XDG_MENU_PREFIX', 'gnome-'), ('XDG_SESSION_PATH', '/org/freedesktop/DisplayManager/Session0'), ('XDG_RUNTIME_DIR', '/run/user/1000'), ('DISPLAY', ':0'), ('LANG', 'en_US.UTF-8'), ('XDG_CURRENT_DESKTOP', 'ubuntu:GNOME'), ('XAUTHORITY', '/home/hady/.Xauthority'), ('XMODIFIERS', '@im=ibus'), ('TERM_PROGRAM', 'ghostty'), ('XDG_SESSION_DESKTOP', 'ubuntu'), ('SSH_AUTH_SOCK', '/run/user/1000/keyring/ssh'), ('SSH_AGENT_LAUNCHER', 'gnome-keyring'), ('XDG_GREETER_DATA_DIR', '/var/lib/lightdm-data/hady'), ('AMENT_PREFIX_PATH', '/opt/ros/humble'), ('SHELL', '/usr/bin/zsh'), ('CLUTTER_PAINT', 'disable-dynamic-max-render-time'), ('GHOSTTY_BIN_DIR', '/usr/bin'), ('QT_ACCESSIBILITY', '1'), ('GDMSESSION', 'ubuntu'), ('GJS_DEBUG_OUTPUT', 'stderr'), ('GPG_AGENT_INFO', '/run/user/1000/gnupg/S.gpg-agent:0:1'), ('QT_IM_MODULE', 'ibus'), ('MUTTER_DEBUG_FORCE_KMS_MODE', 'simple'), ('LC_ALL', 'en_US.UTF-8'), ('PWD', '/home/hady/teleop/gbot_ws/build/teleop'), ('XDG_CONFIG_DIRS', '/etc/xdg/xdg-ubuntu:/etc/xdg'), ('XDG_DATA_DIRS', '/usr/share/ubuntu:/usr/share/gnome:/usr/local/share:/usr/share:/var/lib/snapd/desktop'), ('STARSHIP_SESSION_KEY', '8615260481064425'), ('PYTHONPATH', '/opt/ros/humble/lib/python3.10/site-packages:/opt/ros/humble/local/lib/python3.10/dist-packages'), ('COLCON', '1'), ('CMAKE_PREFIX_PATH', '/opt/ros/humble')]), 'shell': False}
[0.093235] (teleop) StdoutLine: {'line': b'-- Found ament_cmake: 1.3.11 (/opt/ros/humble/share/ament_cmake/cmake)\n'}
[0.098008] (-) TimerEvent: {}
[0.198956] (-) TimerEvent: {}
[0.300197] (-) TimerEvent: {}
[0.364091] (teleop) StdoutLine: {'line': b'-- Found rclcpp: 16.0.11 (/opt/ros/humble/share/rclcpp/cmake)\n'}
[0.400546] (-) TimerEvent: {}
[0.406577] (teleop) StdoutLine: {'line': b'-- Found rosidl_generator_c: 3.1.6 (/opt/ros/humble/share/rosidl_generator_c/cmake)\n'}
[0.410079] (teleop) StdoutLine: {'line': b'-- Found rosidl_adapter: 3.1.6 (/opt/ros/humble/share/rosidl_adapter/cmake)\n'}
[0.419449] (teleop) StdoutLine: {'line': b'-- Found rosidl_generator_cpp: 3.1.6 (/opt/ros/humble/share/rosidl_generator_cpp/cmake)\n'}
[0.433894] (teleop) StdoutLine: {'line': b'-- Using all available rosidl_typesupport_c: rosidl_typesupport_fastrtps_c;rosidl_typesupport_introspection_c\n'}
[0.451699] (teleop) StdoutLine: {'line': b'-- Using all available rosidl_typesupport_cpp: rosidl_typesupport_fastrtps_cpp;rosidl_typesupport_introspection_cpp\n'}
[0.497909] (teleop) StdoutLine: {'line': b'-- Found rmw_implementation_cmake: 6.1.2 (/opt/ros/humble/share/rmw_implementation_cmake/cmake)\n'}
[0.499793] (teleop) StdoutLine: {'line': b'-- Found rmw_fastrtps_cpp: 6.2.7 (/opt/ros/humble/share/rmw_fastrtps_cpp/cmake)\n'}
[0.500532] (-) TimerEvent: {}
[0.600957] (-) TimerEvent: {}
[0.678867] (teleop) StdoutLine: {'line': b"-- Using RMW implementation 'rmw_fastrtps_cpp' as default\n"}
[0.701144] (-) TimerEvent: {}
[0.756858] (teleop) StdoutLine: {'line': b'-- Found sensor_msgs: 4.2.4 (/opt/ros/humble/share/sensor_msgs/cmake)\n'}
[0.801383] (teleop) StdoutLine: {'line': b'-- Found cv_bridge: 3.2.1 (/opt/ros/humble/share/cv_bridge/cmake)\n'}
[0.802290] (-) TimerEvent: {}
[0.815447] (teleop) StdoutLine: {'line': b'-- Found image_transport: 3.1.10 (/opt/ros/humble/share/image_transport/cmake)\n'}
[0.895266] (teleop) StdoutLine: {'line': b'-- No build type selected, using DEBUG\n'}
[0.900027] (teleop) StdoutLine: {'line': b'-- Compiler flags (CMAKE_C_FLAGS):  -std=c99 -pedantic -Wall -Wextra -Wfloat-equal -Wshadow -Wpointer-arith -Wunreachable-code -Winit-self -Wno-unused-function -Wno-unused-parameter -Wno-unreachable-code -Wstrict-prototypes\n'}
[0.902345] (-) TimerEvent: {}
[0.939429] (teleop) StdoutLine: {'line': b'-- Found ament_lint_auto: 0.12.11 (/opt/ros/humble/share/ament_lint_auto/cmake)\n'}
[1.002668] (-) TimerEvent: {}
[1.082276] (teleop) StdoutLine: {'line': b"-- Added test 'cppcheck' to perform static code analysis on C / C++ code\n"}
[1.083533] (teleop) StdoutLine: {'line': b'-- Configured cppcheck include dirs: /home/hady/teleop/gbot_ws/src/teleop/include\n'}
[1.084052] (teleop) StdoutLine: {'line': b'-- Configured cppcheck exclude dirs and/or files: \n'}
[1.084576] (teleop) StdoutLine: {'line': b"-- Added test 'lint_cmake' to check CMake code style\n"}
[1.085046] (teleop) StdoutLine: {'line': b"-- Added test 'uncrustify' to check C / C++ code style\n"}
[1.085458] (teleop) StdoutLine: {'line': b'-- Configured uncrustify additional arguments: \n'}
[1.085855] (teleop) StdoutLine: {'line': b"-- Added test 'xmllint' to check XML markup files\n"}
[1.086441] (teleop) StdoutLine: {'line': b'-- Configuring done\n'}
[1.102876] (-) TimerEvent: {}
[1.176360] (teleop) StdoutLine: {'line': b'-- Generating done\n'}
[1.196550] (teleop) StdoutLine: {'line': b'-- Build files have been written to: /home/hady/teleop/gbot_ws/build/teleop\n'}
[1.203094] (-) TimerEvent: {}
[1.304211] (-) TimerEvent: {}
[1.320830] (teleop) StdoutLine: {'line': b'\x1b[35m\x1b[1mConsolidate compiler generated dependencies of target juice\x1b[0m\n'}
[1.325652] (teleop) StdoutLine: {'line': b'\x1b[35m\x1b[1mConsolidate compiler generated dependencies of target usrsctp\x1b[0m\n'}
[1.385287] (teleop) StdoutLine: {'line': b'[ 19%] Built target juice\n'}
[1.396139] (teleop) StdoutLine: {'line': b'[ 40%] Built target usrsctp\n'}
[1.404381] (-) TimerEvent: {}
[1.461514] (teleop) StdoutLine: {'line': b'\x1b[35m\x1b[1mConsolidate compiler generated dependencies of target datachannel\x1b[0m\n'}
[1.504673] (-) TimerEvent: {}
[1.599848] (teleop) StdoutLine: {'line': b'[ 94%] Built target datachannel\n'}
[1.604887] (-) TimerEvent: {}
[1.639238] (teleop) StdoutLine: {'line': b'\x1b[35m\x1b[1mConsolidate compiler generated dependencies of target webrtc_lib\x1b[0m\n'}
[1.705236] (-) TimerEvent: {}
[1.718739] (teleop) StdoutLine: {'line': b'[ 98%] Built target webrtc_lib\n'}
[1.764847] (teleop) StdoutLine: {'line': b'\x1b[35m\x1b[1mConsolidate compiler generated dependencies of target image_subscriber\x1b[0m\n'}
[1.805579] (-) TimerEvent: {}
[1.847548] (teleop) StdoutLine: {'line': b'[100%] \x1b[32m\x1b[1mLinking CXX executable image_subscriber\x1b[0m\n'}
[1.905878] (-) TimerEvent: {}
[2.007331] (-) TimerEvent: {}
[2.108382] (-) TimerEvent: {}
[2.209548] (-) TimerEvent: {}
[2.310698] (-) TimerEvent: {}
[2.411796] (-) TimerEvent: {}
[2.512901] (-) TimerEvent: {}
[2.613949] (-) TimerEvent: {}
[2.715051] (-) TimerEvent: {}
[2.816262] (-) TimerEvent: {}
[2.883073] (teleop) StderrLine: {'line': b"/usr/bin/ld: CMakeFiles/image_subscriber.dir/src/image_subscriber.cpp.o: undefined reference to symbol '_ZNK3rtc11DataChannel8isClosedEv'\n"}
[2.883827] (teleop) StderrLine: {'line': b'/usr/bin/ld: /home/hady/teleop/gbot_ws/build/teleop/libdatachannel/libdatachannel.so.0.22: error adding symbols: DSO missing from command line\n'}
[2.889603] (teleop) StderrLine: {'line': b'collect2: error: ld returned 1 exit status\n'}
[2.895444] (teleop) StderrLine: {'line': b'gmake[2]: *** [CMakeFiles/image_subscriber.dir/build.make:233: image_subscriber] Error 1\n'}
[2.895994] (teleop) StderrLine: {'line': b'gmake[1]: *** [CMakeFiles/Makefile2:247: CMakeFiles/image_subscriber.dir/all] Error 2\n'}
[2.897108] (teleop) StderrLine: {'line': b'gmake: *** [Makefile:146: all] Error 2\n'}
[2.900191] (teleop) CommandEnded: {'returncode': 2}
[2.911987] (teleop) JobEnded: {'identifier': 'teleop', 'rc': 2}
[2.916282] (-) TimerEvent: {}
[2.922809] (-) EventReactorShutdown: {}
