[0.025s] Invoking command in '/home/hady/teleop/gbot_ws/build/teleop': CMAKE_PREFIX_PATH=/opt/ros/humble /usr/bin/cmake /home/hady/teleop/gbot_ws/src/teleop -DCMAKE_INSTALL_PREFIX=/home/hady/teleop/gbot_ws/install/teleop
[0.045s] -- Found ament_cmake: 1.3.11 (/opt/ros/humble/share/ament_cmake/cmake)
[0.336s] -- Found rclcpp: 16.0.11 (/opt/ros/humble/share/rclcpp/cmake)
[0.376s] -- Found rosidl_generator_c: 3.1.6 (/opt/ros/humble/share/rosidl_generator_c/cmake)
[0.380s] -- Found rosidl_adapter: 3.1.6 (/opt/ros/humble/share/rosidl_adapter/cmake)
[0.389s] -- Found rosidl_generator_cpp: 3.1.6 (/opt/ros/humble/share/rosidl_generator_cpp/cmake)
[0.403s] -- Using all available rosidl_typesupport_c: rosidl_typesupport_fastrtps_c;rosidl_typesupport_introspection_c
[0.420s] -- Using all available rosidl_typesupport_cpp: rosidl_typesupport_fastrtps_cpp;rosidl_typesupport_introspection_cpp
[0.466s] -- Found rmw_implementation_cmake: 6.1.2 (/opt/ros/humble/share/rmw_implementation_cmake/cmake)
[0.468s] -- Found rmw_fastrtps_cpp: 6.2.7 (/opt/ros/humble/share/rmw_fastrtps_cpp/cmake)
[0.656s] -- Using RMW implementation 'rmw_fastrtps_cpp' as default
[0.739s] -- Found sensor_msgs: 4.2.4 (/opt/ros/humble/share/sensor_msgs/cmake)
[0.786s] -- Found cv_bridge: 3.2.1 (/opt/ros/humble/share/cv_bridge/cmake)
[0.801s] -- Found image_transport: 3.1.10 (/opt/ros/humble/share/image_transport/cmake)
[116.738s] [ 11%] Performing download step (git clone) for 'libdatachannel-populate'
[116.739s] Cloning into 'libdatachannel-src'...
[116.739s] HEAD is now at 0b1074a9 Bumped version to 0.20.2
[116.740s] Submodule 'deps/json' (https://github.com/nlohmann/json.git) registered for path 'deps/json'
[116.740s] Submodule 'deps/libjuice' (https://github.com/paullouisageneau/libjuice.git) registered for path 'deps/libjuice'
[116.740s] Submodule 'deps/libsrtp' (https://github.com/cisco/libsrtp.git) registered for path 'deps/libsrtp'
[116.741s] Submodule 'deps/plog' (https://github.com/SergiusTheBest/plog.git) registered for path 'deps/plog'
[116.741s] Submodule 'deps/usrsctp' (https://github.com/sctplab/usrsctp.git) registered for path 'deps/usrsctp'
[116.742s] Cloning into '/home/hady/teleop/gbot_ws/build/teleop/_deps/libdatachannel-src/deps/json'...
[116.742s] Cloning into '/home/hady/teleop/gbot_ws/build/teleop/_deps/libdatachannel-src/deps/libjuice'...
[116.742s] Cloning into '/home/hady/teleop/gbot_ws/build/teleop/_deps/libdatachannel-src/deps/libsrtp'...
[116.743s] Cloning into '/home/hady/teleop/gbot_ws/build/teleop/_deps/libdatachannel-src/deps/plog'...
[116.743s] Cloning into '/home/hady/teleop/gbot_ws/build/teleop/_deps/libdatachannel-src/deps/usrsctp'...
[116.743s] error: RPC failed; curl 56 GnuTLS recv error (-9): Error decoding the received TLS packet.
[116.744s] error: 2545 bytes of body are still expected
[116.744s] fetch-pack: unexpected disconnect while reading sideband packet
[116.745s] fatal: early EOF
[116.745s] fatal: fetch-pack: invalid index-pack output
[116.745s] fatal: Fetched in submodule path 'deps/json', but it did not contain 9cca280a4d0ccf0c08f47a99aa71d1b0e52f8d03. Direct fetching of that commit failed.
[116.746s] fatal: 
[116.746s] CMake Error at libdatachannel-subbuild/libdatachannel-populate-prefix/tmp/libdatachannel-populate-gitclone.cmake:52 (message):
[116.746s]   Failed to update submodules in:
[116.747s]   '/home/hady/teleop/gbot_ws/build/teleop/_deps/libdatachannel-src'
[116.747s] 
[116.748s] 
[116.748s] gmake[2]: *** [CMakeFiles/libdatachannel-populate.dir/build.make:102: libdatachannel-populate-prefix/src/libdatachannel-populate-stamp/libdatachannel-populate-download] Error 1
[116.748s] gmake[1]: *** [CMakeFiles/Makefile2:83: CMakeFiles/libdatachannel-populate.dir/all] Error 2
[116.749s] gmake: *** [Makefile:91: all] Error 2
[116.749s] 
[116.749s] CMake Error at /usr/share/cmake-3.22/Modules/FetchContent.cmake:1087 (message):
[116.750s]   Build step for libdatachannel failed: 2
[116.750s] Call Stack (most recent call first):
[116.751s]   /usr/share/cmake-3.22/Modules/FetchContent.cmake:1216:EVAL:2 (__FetchContent_directPopulate)
[116.751s]   /usr/share/cmake-3.22/Modules/FetchContent.cmake:1216 (cmake_language)
[116.751s]   /usr/share/cmake-3.22/Modules/FetchContent.cmake:1259 (FetchContent_Populate)
[116.752s]   CMakeLists.txt:47 (FetchContent_MakeAvailable)
[116.752s] 
[116.752s] 
[116.753s] -- Configuring incomplete, errors occurred!
[116.753s] See also "/home/hady/teleop/gbot_ws/build/teleop/CMakeFiles/CMakeOutput.log".
[116.808s] Invoked command in '/home/hady/teleop/gbot_ws/build/teleop' returned '1': CMAKE_PREFIX_PATH=/opt/ros/humble /usr/bin/cmake /home/hady/teleop/gbot_ws/src/teleop -DCMAKE_INSTALL_PREFIX=/home/hady/teleop/gbot_ws/install/teleop
