[0.024s] Invoking command in '/home/hady/teleop/gbot_ws/build/libdatachannel': /usr/bin/cmake /home/hady/teleop/gbot_ws/libdatachannel -DCMAKE_INSTALL_PREFIX=/home/hady/teleop/gbot_ws/install/libdatachannel
[0.239s] -- The CXX compiler identification is GNU 11.4.0
[0.254s] -- Detecting CXX compiler ABI info
[0.446s] -- Detecting CXX compiler ABI info - done
[0.488s] -- Check for working CXX compiler: /usr/bin/c++ - skipped
[0.489s] -- Detecting CXX compile features
[0.490s] -- Detecting CXX compile features - done
[0.496s] -- Looking for C++ include pthread.h
[0.716s] -- Looking for C++ include pthread.h - found
[0.716s] -- Performing Test CMAKE_HAVE_LIBC_PTHREAD
[0.961s] -- Performing Test CMAKE_HAVE_LIBC_PTHREAD - Success
[0.962s] -- Found Threads: TRUE  
[1.050s] -- The C compiler identification is GNU 11.4.0
[1.059s] -- Detecting C compiler ABI info
[1.300s] -- Detecting C compiler ABI info - done
[1.344s] -- Check for working C compiler: /usr/bin/cc - skipped
[1.345s] -- Detecting C compile features
[1.346s] -- Detecting C compile features - done
[1.347s] -- No build type selected, using DEBUG
[1.349s] -- Looking for include file sys/queue.h
[1.565s] -- Looking for include file sys/queue.h - found
[1.565s] -- Looking for include files sys/socket.h, linux/if_addr.h
[1.769s] -- Looking for include files sys/socket.h, linux/if_addr.h - found
[1.771s] -- Looking for include files sys/socket.h, linux/rtnetlink.h
[1.950s] -- Looking for include files sys/socket.h, linux/rtnetlink.h - found
[1.951s] -- Looking for 4 include files sys/types.h, ..., netinet/ip_icmp.h
[2.128s] -- Looking for 4 include files sys/types.h, ..., netinet/ip_icmp.h - found
[2.130s] -- Looking for 3 include files sys/types.h, ..., net/route.h
[2.370s] -- Looking for 3 include files sys/types.h, ..., net/route.h - found
[2.372s] -- Looking for include file stdatomic.h
[2.594s] -- Looking for include file stdatomic.h - found
[2.596s] -- Looking for usrsctp.h
[2.862s] -- Looking for usrsctp.h - found
[2.862s] -- Performing Test have_sa_len
[2.963s] -- Performing Test have_sa_len - Failed
[2.964s] -- Performing Test have_sin_len
[3.109s] -- Performing Test have_sin_len - Failed
[3.111s] -- Performing Test have_sin6_len
[3.265s] -- Performing Test have_sin6_len - Failed
[3.265s] -- Performing Test have_sconn_len
[3.445s] -- Performing Test have_sconn_len - Failed
[3.445s] -- Performing Test has_wfloat_equal
[3.718s] -- Performing Test has_wfloat_equal - Success
[3.727s] -- Performing Test has_wshadow
[3.947s] -- Performing Test has_wshadow - Success
[3.949s] -- Performing Test has_wpointer_aritih
[4.173s] -- Performing Test has_wpointer_aritih - Success
[4.177s] -- Performing Test has_wunreachable_code
[4.447s] -- Performing Test has_wunreachable_code - Success
[4.449s] -- Performing Test has_winit_self
[4.664s] -- Performing Test has_winit_self - Success
[4.668s] -- Performing Test has_wno_unused_function
[4.905s] -- Performing Test has_wno_unused_function - Success
[4.906s] -- Performing Test has_wno_unused_parameter
[5.162s] -- Performing Test has_wno_unused_parameter - Success
[5.166s] -- Performing Test has_wno_unreachable_code
[5.397s] -- Performing Test has_wno_unreachable_code - Success
[5.398s] -- Performing Test has_wstrict_prototypes
[5.620s] -- Performing Test has_wstrict_prototypes - Success
[5.621s] -- Compiler flags (CMAKE_C_FLAGS):  -std=c99 -pedantic -Wall -Wextra -Wfloat-equal -Wshadow -Wpointer-arith -Wunreachable-code -Winit-self -Wno-unused-function -Wno-unused-parameter -Wno-unreachable-code -Wstrict-prototypes
[5.637s] -- Performing Test has_wno_address_of_packed_member
[5.879s] -- Performing Test has_wno_address_of_packed_member - Success
[5.879s] -- Performing Test has_wno_deprecated_declarations
[6.069s] -- Performing Test has_wno_deprecated_declarations - Success
[6.079s] -- Looking for arpa/inet.h
[6.303s] -- Looking for arpa/inet.h - found
[6.305s] -- Looking for byteswap.h
[6.559s] -- Looking for byteswap.h - found
[6.560s] -- Looking for inttypes.h
[6.796s] -- Looking for inttypes.h - found
[6.797s] -- Looking for machine/types.h
[6.893s] -- Looking for machine/types.h - not found
[6.895s] -- Looking for netinet/in.h
[7.197s] -- Looking for netinet/in.h - found
[7.197s] -- Looking for stdint.h
[7.472s] -- Looking for stdint.h - found
[7.481s] -- Looking for stdlib.h
[7.697s] -- Looking for stdlib.h - found
[7.699s] -- Looking for sys/int_types.h
[7.808s] -- Looking for sys/int_types.h - not found
[7.810s] -- Looking for sys/socket.h
[8.088s] -- Looking for sys/socket.h - found
[8.090s] -- Looking for sys/types.h
[8.317s] -- Looking for sys/types.h - found
[8.318s] -- Looking for unistd.h
[8.525s] -- Looking for unistd.h - found
[8.527s] -- Looking for windows.h
[8.637s] -- Looking for windows.h - not found
[8.637s] -- Looking for winsock2.h
[8.724s] -- Looking for winsock2.h - not found
[8.725s] -- Looking for sigaction
[8.958s] -- Looking for sigaction - found
[8.959s] -- Looking for inet_aton
[9.170s] -- Looking for inet_aton - found
[9.170s] -- Looking for inet_pton
[9.436s] -- Looking for inet_pton - found
[9.437s] -- Looking for usleep
[9.757s] -- Looking for usleep - found
[9.762s] -- Looking for stddef.h
[10.034s] -- Looking for stddef.h - found
[10.034s] -- Check size of uint8_t
[10.264s] -- Check size of uint8_t - done
[10.265s] -- Check size of uint16_t
[10.414s] -- Check size of uint16_t - done
[10.414s] -- Check size of uint32_t
[10.651s] -- Check size of uint32_t - done
[10.653s] -- Check size of uint64_t
[10.876s] -- Check size of uint64_t - done
[10.877s] -- Check size of int32_t
[11.107s] -- Check size of int32_t - done
[11.109s] -- Check size of unsigned long
[11.327s] -- Check size of unsigned long - done
[11.328s] -- Check size of unsigned long long
[11.547s] -- Check size of unsigned long long - done
[11.548s] -- Performing Test HAVE_INLINE
[11.759s] -- Performing Test HAVE_INLINE - Success
[11.951s] -- Found OpenSSL: /usr/lib/aarch64-linux-gnu/libcrypto.so (found suitable version "3.0.2", minimum required is "1.1.0")  
[11.968s] -- Could NOT find PCAP (missing: PCAP_LIBRARY) 
[11.981s] -- Found OpenSSL: /usr/lib/aarch64-linux-gnu/libcrypto.so (found version "3.0.2")  
[12.003s] -- Using the multi-header code from /home/hady/teleop/gbot_ws/libdatachannel/deps/json/include/
[12.027s] -- Configuring done
[12.146s] -- Generating done
[12.177s] -- Build files have been written to: /home/hady/teleop/gbot_ws/build/libdatachannel
[12.199s] Invoked command in '/home/hady/teleop/gbot_ws/build/libdatachannel' returned '0': /usr/bin/cmake /home/hady/teleop/gbot_ws/libdatachannel -DCMAKE_INSTALL_PREFIX=/home/hady/teleop/gbot_ws/install/libdatachannel
[12.202s] Invoking command in '/home/hady/teleop/gbot_ws/build/libdatachannel': /usr/bin/cmake --build /home/hady/teleop/gbot_ws/build/libdatachannel -- -j8 -l8
[12.345s] [  1%] [32mBuilding C object deps/usrsctp/usrsctplib/CMakeFiles/usrsctp.dir/netinet/sctp_asconf.c.o[0m
[12.349s] [  1%] [32mBuilding C object deps/usrsctp/usrsctplib/CMakeFiles/usrsctp.dir/netinet/sctp_bsd_addr.c.o[0m
[12.362s] [  1%] [32mBuilding C object deps/usrsctp/usrsctplib/CMakeFiles/usrsctp.dir/netinet/sctp_auth.c.o[0m
[12.365s] [  3%] [32mBuilding C object deps/usrsctp/usrsctplib/CMakeFiles/usrsctp.dir/netinet/sctp_callout.c.o[0m
[12.389s] [  3%] [32mBuilding C object deps/usrsctp/usrsctplib/CMakeFiles/usrsctp.dir/netinet/sctp_cc_functions.c.o[0m
[12.396s] [  3%] [32mBuilding C object deps/usrsctp/usrsctplib/CMakeFiles/usrsctp.dir/netinet/sctp_crc32.c.o[0m
[12.429s] [  3%] [32mBuilding C object deps/libsrtp/CMakeFiles/srtp2.dir/srtp/srtp.c.o[0m
[12.434s] [  5%] [32mBuilding C object deps/libjuice/CMakeFiles/juice.dir/src/addr.c.o[0m
[12.810s] [  6%] [32mBuilding C object deps/usrsctp/usrsctplib/CMakeFiles/usrsctp.dir/netinet/sctp_indata.c.o[0m
[12.878s] [  6%] [32mBuilding C object deps/libjuice/CMakeFiles/juice.dir/src/agent.c.o[0m
[12.928s] [  6%] [32mBuilding C object deps/usrsctp/usrsctplib/CMakeFiles/usrsctp.dir/netinet/sctp_input.c.o[0m
[13.030s] [  6%] [32mBuilding C object deps/usrsctp/usrsctplib/CMakeFiles/usrsctp.dir/netinet/sctp_output.c.o[0m
[13.042s] [  8%] [32mBuilding C object deps/usrsctp/usrsctplib/CMakeFiles/usrsctp.dir/netinet/sctp_pcb.c.o[0m
[13.155s] [  8%] [32mBuilding C object deps/usrsctp/usrsctplib/CMakeFiles/usrsctp.dir/netinet/sctp_peeloff.c.o[0m
[13.352s] [  8%] [32mBuilding C object deps/usrsctp/usrsctplib/CMakeFiles/usrsctp.dir/netinet/sctp_sha1.c.o[0m
[13.625s] [ 10%] [32mBuilding C object deps/usrsctp/usrsctplib/CMakeFiles/usrsctp.dir/netinet/sctp_ss_functions.c.o[0m
[13.659s] [ 10%] [32mBuilding C object deps/libjuice/CMakeFiles/juice.dir/src/crc32.c.o[0m
[13.689s] [ 10%] [32mBuilding C object deps/usrsctp/usrsctplib/CMakeFiles/usrsctp.dir/netinet/sctp_sysctl.c.o[0m
[13.692s] [ 10%] [32mBuilding C object deps/usrsctp/usrsctplib/CMakeFiles/usrsctp.dir/netinet/sctp_timer.c.o[0m
[13.715s] [ 12%] [32mBuilding C object deps/libsrtp/CMakeFiles/srtp2.dir/crypto/cipher/cipher.c.o[0m
[13.850s] [ 13%] [32mBuilding C object deps/usrsctp/usrsctplib/CMakeFiles/usrsctp.dir/netinet/sctp_userspace.c.o[0m
[13.891s] [ 15%] [32mBuilding C object deps/libjuice/CMakeFiles/juice.dir/src/const_time.c.o[0m
[13.922s] [ 15%] [32mBuilding C object deps/libsrtp/CMakeFiles/srtp2.dir/crypto/cipher/cipher_test_cases.c.o[0m
[13.983s] [ 15%] [32mBuilding C object deps/libjuice/CMakeFiles/juice.dir/src/conn.c.o[0m
[14.037s] [ 15%] [32mBuilding C object deps/usrsctp/usrsctplib/CMakeFiles/usrsctp.dir/netinet/sctp_usrreq.c.o[0m
[14.072s] [ 15%] [32mBuilding C object deps/usrsctp/usrsctplib/CMakeFiles/usrsctp.dir/netinet/sctputil.c.o[0m
[14.075s] [ 15%] [32mBuilding C object deps/libsrtp/CMakeFiles/srtp2.dir/crypto/cipher/null_cipher.c.o[0m
[14.116s] [ 17%] [32mBuilding C object deps/libjuice/CMakeFiles/juice.dir/src/conn_poll.c.o[0m
[14.116s] [ 17%] [32mBuilding C object deps/usrsctp/usrsctplib/CMakeFiles/usrsctp.dir/netinet6/sctp6_usrreq.c.o[0m
[14.233s] [ 18%] [32mBuilding C object deps/libjuice/CMakeFiles/juice.dir/src/conn_thread.c.o[0m
[14.281s] [ 18%] [32mBuilding C object deps/usrsctp/usrsctplib/CMakeFiles/usrsctp.dir/user_environment.c.o[0m
[14.292s] [ 18%] [32mBuilding C object deps/libjuice/CMakeFiles/juice.dir/src/conn_mux.c.o[0m
[14.377s] [ 20%] [32mBuilding C object deps/libsrtp/CMakeFiles/srtp2.dir/crypto/cipher/aes_icm_ossl.c.o[0m
[14.462s] [ 22%] [32mBuilding C object deps/libjuice/CMakeFiles/juice.dir/src/base64.c.o[0m
[14.486s] [ 22%] [32mBuilding C object deps/usrsctp/usrsctplib/CMakeFiles/usrsctp.dir/user_mbuf.c.o[0m
[14.648s] [ 22%] [32mBuilding C object deps/libjuice/CMakeFiles/juice.dir/src/hmac.c.o[0m
[14.664s] [ 22%] [32mBuilding C object deps/libjuice/CMakeFiles/juice.dir/src/hash.c.o[0m
[14.735s] [ 22%] [32mBuilding C object deps/libsrtp/CMakeFiles/srtp2.dir/crypto/cipher/aes_gcm_ossl.c.o[0m
[14.740s] [ 24%] [32mBuilding C object deps/usrsctp/usrsctplib/CMakeFiles/usrsctp.dir/user_recv_thread.c.o[0m
[14.895s] [ 24%] [32mBuilding C object deps/usrsctp/usrsctplib/CMakeFiles/usrsctp.dir/user_socket.c.o[0m
[14.907s] [ 24%] [32mBuilding C object deps/libsrtp/CMakeFiles/srtp2.dir/crypto/hash/auth.c.o[0m
[14.954s] [ 25%] [32mBuilding C object deps/libjuice/CMakeFiles/juice.dir/src/ice.c.o[0m
[15.025s] [ 25%] [32mBuilding C object deps/libjuice/CMakeFiles/juice.dir/src/juice.c.o[0m
[15.188s] [ 27%] [32mBuilding C object deps/libsrtp/CMakeFiles/srtp2.dir/crypto/hash/auth_test_cases.c.o[0m
[15.196s] [ 29%] [32mBuilding C object deps/libjuice/CMakeFiles/juice.dir/src/log.c.o[0m
[15.199s] [ 29%] [32mBuilding C object deps/libjuice/CMakeFiles/juice.dir/src/random.c.o[0m
[15.238s] [ 31%] [32mBuilding C object deps/libsrtp/CMakeFiles/srtp2.dir/crypto/kernel/alloc.c.o[0m
[15.245s] [ 31%] [32mBuilding C object deps/libsrtp/CMakeFiles/srtp2.dir/crypto/hash/null_auth.c.o[0m
[15.246s] [ 31%] [32mBuilding C object deps/libsrtp/CMakeFiles/srtp2.dir/crypto/hash/hmac_ossl.c.o[0m
[15.328s] [ 31%] [32mBuilding C object deps/libsrtp/CMakeFiles/srtp2.dir/crypto/kernel/crypto_kernel.c.o[0m
[15.381s] [ 31%] [32mBuilding C object deps/libsrtp/CMakeFiles/srtp2.dir/crypto/kernel/err.c.o[0m
[15.413s] [ 32%] [32mBuilding C object deps/libsrtp/CMakeFiles/srtp2.dir/crypto/kernel/key.c.o[0m
[15.481s] [ 32%] [32mBuilding C object deps/libsrtp/CMakeFiles/srtp2.dir/crypto/math/datatypes.c.o[0m
[15.492s] [ 34%] [32mBuilding C object deps/libsrtp/CMakeFiles/srtp2.dir/crypto/replay/rdb.c.o[0m
[15.565s] [ 34%] [32mBuilding C object deps/libjuice/CMakeFiles/juice.dir/src/server.c.o[0m
[15.569s] [ 34%] [32mBuilding C object deps/libjuice/CMakeFiles/juice.dir/src/stun.c.o[0m
[15.574s] [ 34%] [32mBuilding C object deps/libsrtp/CMakeFiles/srtp2.dir/crypto/replay/rdbx.c.o[0m
[15.600s] [ 34%] [32mBuilding C object deps/libjuice/CMakeFiles/juice.dir/src/turn.c.o[0m
[15.604s] [ 36%] [32mBuilding C object deps/libjuice/CMakeFiles/juice.dir/src/timestamp.c.o[0m
[15.642s] [ 36%] [32mBuilding C object deps/libjuice/CMakeFiles/juice.dir/src/udp.c.o[0m
[15.849s] [ 36%] [32m[1mLinking C static library libsrtp2.a[0m
[15.990s] [ 37%] [32m[1mLinking C static library libjuice.a[0m
[16.058s] [ 37%] Built target srtp2
[16.183s] [ 37%] Built target juice
[16.358s] [ 39%] [32m[1mLinking C static library libusrsctp.a[0m
[16.933s] [ 39%] Built target usrsctp
[16.935s] [ 39%] [32mBuilding CXX object CMakeFiles/datachannel.dir/src/candidate.cpp.o[0m
[16.936s] [ 39%] [32mBuilding CXX object CMakeFiles/datachannel.dir/src/channel.cpp.o[0m
[16.937s] [ 39%] [32mBuilding CXX object CMakeFiles/datachannel.dir/src/message.cpp.o[0m
[16.937s] [ 39%] [32mBuilding CXX object CMakeFiles/datachannel.dir/src/global.cpp.o[0m
[16.939s] [ 39%] [32mBuilding CXX object CMakeFiles/datachannel.dir/src/datachannel.cpp.o[0m
[16.958s] [ 41%] [32mBuilding CXX object CMakeFiles/datachannel.dir/src/mediahandler.cpp.o[0m
[16.958s] [ 43%] [32mBuilding CXX object CMakeFiles/datachannel.dir/src/configuration.cpp.o[0m
[16.970s] [ 43%] [32mBuilding CXX object CMakeFiles/datachannel.dir/src/description.cpp.o[0m
[20.371s] [ 44%] [32mBuilding CXX object CMakeFiles/datachannel.dir/src/peerconnection.cpp.o[0m
[20.756s] [ 44%] [32mBuilding CXX object CMakeFiles/datachannel.dir/src/rtcpreceivingsession.cpp.o[0m
[21.227s] [ 44%] [32mBuilding CXX object CMakeFiles/datachannel.dir/src/track.cpp.o[0m
[21.375s] [ 46%] [32mBuilding CXX object CMakeFiles/datachannel.dir/src/websocket.cpp.o[0m
[22.423s] [ 46%] [32mBuilding CXX object CMakeFiles/datachannel.dir/src/websocketserver.cpp.o[0m
[24.716s] [ 46%] [32mBuilding CXX object CMakeFiles/datachannel.dir/src/rtppacketizationconfig.cpp.o[0m
[25.934s] [ 48%] [32mBuilding CXX object CMakeFiles/datachannel.dir/src/rtcpsrreporter.cpp.o[0m
[27.129s] [ 48%] [32mBuilding CXX object CMakeFiles/datachannel.dir/src/rtppacketizer.cpp.o[0m
[27.637s] [ 48%] [32mBuilding CXX object CMakeFiles/datachannel.dir/src/rtpdepacketizer.cpp.o[0m
[28.722s] [ 50%] [32mBuilding CXX object CMakeFiles/datachannel.dir/src/h264rtppacketizer.cpp.o[0m
[34.214s] [ 50%] [32mBuilding CXX object CMakeFiles/datachannel.dir/src/rtcpnackresponder.cpp.o[0m
[35.756s] [ 50%] [32mBuilding CXX object CMakeFiles/datachannel.dir/src/rtp.cpp.o[0m
[37.160s] [ 51%] [32mBuilding CXX object CMakeFiles/datachannel.dir/src/capi.cpp.o[0m
[43.792s] [ 51%] [32mBuilding CXX object CMakeFiles/datachannel.dir/src/plihandler.cpp.o[0m
[44.890s] [ 51%] [32mBuilding CXX object CMakeFiles/datachannel.dir/src/pacinghandler.cpp.o[0m
[46.923s] [ 53%] [32mBuilding CXX object CMakeFiles/datachannel.dir/src/rembhandler.cpp.o[0m
[46.959s] [ 55%] [32mBuilding CXX object CMakeFiles/datachannel.dir/src/av1rtppacketizer.cpp.o[0m
[48.369s] [ 55%] [32mBuilding CXX object CMakeFiles/datachannel.dir/src/impl/channel.cpp.o[0m
[49.843s] [ 56%] [32mBuilding CXX object CMakeFiles/datachannel.dir/src/impl/datachannel.cpp.o[0m
[50.882s] [ 56%] [32mBuilding CXX object CMakeFiles/datachannel.dir/src/impl/dtlssrtptransport.cpp.o[0m
[50.889s] [ 56%] [32mBuilding CXX object CMakeFiles/datachannel.dir/src/impl/certificate.cpp.o[0m
[52.002s] [ 56%] [32mBuilding CXX object CMakeFiles/datachannel.dir/src/h265nalunit.cpp.o[0m
[53.099s] [ 58%] [32mBuilding CXX object CMakeFiles/datachannel.dir/src/h265rtppacketizer.cpp.o[0m
[53.153s] [ 58%] [32mBuilding CXX object CMakeFiles/datachannel.dir/src/h265rtpdepacketizer.cpp.o[0m
[54.245s] [ 58%] [32mBuilding CXX object CMakeFiles/datachannel.dir/src/nalunit.cpp.o[0m
[58.047s] [ 58%] [32mBuilding CXX object CMakeFiles/datachannel.dir/src/impl/sctptransport.cpp.o[0m
[62.303s] [ 60%] [32mBuilding CXX object CMakeFiles/datachannel.dir/src/impl/threadpool.cpp.o[0m
[64.182s] [ 60%] [32mBuilding CXX object CMakeFiles/datachannel.dir/src/impl/tls.cpp.o[0m
[65.212s] [ 60%] [32mBuilding CXX object CMakeFiles/datachannel.dir/src/impl/track.cpp.o[0m
[65.261s] [ 62%] [32mBuilding CXX object CMakeFiles/datachannel.dir/src/impl/logcounter.cpp.o[0m
[66.297s] [ 63%] [32mBuilding CXX object CMakeFiles/datachannel.dir/src/impl/utils.cpp.o[0m
[67.337s] [ 63%] [32mBuilding CXX object CMakeFiles/datachannel.dir/src/impl/peerconnection.cpp.o[0m
[67.474s] [ 63%] [32mBuilding CXX object CMakeFiles/datachannel.dir/src/impl/init.cpp.o[0m
[68.052s] [ 63%] [32mBuilding CXX object CMakeFiles/datachannel.dir/src/impl/processor.cpp.o[0m
[68.493s] [ 63%] [32mBuilding CXX object CMakeFiles/datachannel.dir/src/impl/sha.cpp.o[0m
[69.353s] [ 65%] [32mBuilding CXX object CMakeFiles/datachannel.dir/src/impl/pollinterrupter.cpp.o[0m
[80.518s] [ 65%] [32mBuilding CXX object CMakeFiles/datachannel.dir/src/impl/tcpserver.cpp.o[0m
[81.996s] [ 65%] [32mBuilding CXX object CMakeFiles/datachannel.dir/src/impl/tcptransport.cpp.o[0m
[84.623s] [ 67%] [32mBuilding CXX object CMakeFiles/datachannel.dir/src/impl/tlstransport.cpp.o[0m
[85.656s] [ 67%] [32mBuilding CXX object CMakeFiles/datachannel.dir/src/impl/transport.cpp.o[0m
[86.696s] [ 68%] [32mBuilding CXX object CMakeFiles/datachannel.dir/src/impl/httpproxytransport.cpp.o[0m
[87.321s] [ 68%] [32mBuilding CXX object CMakeFiles/datachannel.dir/src/impl/http.cpp.o[0m
[88.095s] [ 68%] [32mBuilding CXX object CMakeFiles/datachannel.dir/src/impl/verifiedtlstransport.cpp.o[0m
[88.403s] [ 70%] [32mBuilding CXX object CMakeFiles/datachannel.dir/src/impl/websocket.cpp.o[0m
[88.823s] [ 70%] [32mBuilding CXX object CMakeFiles/datachannel.dir/src/impl/websocketserver.cpp.o[0m
[88.874s] [ 70%] [32mBuilding CXX object CMakeFiles/datachannel.dir/src/impl/wstransport.cpp.o[0m
[89.931s] [ 70%] [32mBuilding CXX object CMakeFiles/datachannel.dir/src/impl/pollservice.cpp.o[0m
[98.766s] [ 72%] [32mBuilding CXX object CMakeFiles/datachannel.dir/src/impl/wshandshake.cpp.o[0m
[100.417s] [ 74%] [32mBuilding CXX object CMakeFiles/datachannel.dir/src/impl/dtlstransport.cpp.o[0m
[100.418s] [ 74%] [32mBuilding CXX object CMakeFiles/datachannel.dir/src/impl/icetransport.cpp.o[0m
[103.129s] [ 74%] [32mBuilding CXX object CMakeFiles/datachannel.dir/src/h264rtpdepacketizer.cpp.o[0m
[104.958s] [ 74%] [32m[1mLinking CXX shared library libdatachannel.so[0m
[107.271s] [ 74%] Built target datachannel
[107.301s] [ 74%] [32mBuilding CXX object examples/client-benchmark/CMakeFiles/datachannel-client-benchmark.dir/main.cpp.o[0m
[107.328s] [ 74%] [32mBuilding CXX object CMakeFiles/datachannel-benchmark.dir/test/benchmark.cpp.o[0m
[107.343s] [ 74%] [32mBuilding CXX object examples/client/CMakeFiles/datachannel-client.dir/main.cpp.o[0m
[107.344s] [ 74%] [32mBuilding CXX object CMakeFiles/datachannel-tests.dir/test/main.cpp.o[0m
[108.403s] [ 74%] [32mBuilding CXX object examples/streamer/CMakeFiles/streamer.dir/main.cpp.o[0m
[108.407s] [ 74%] [32mBuilding CXX object examples/media-sfu/CMakeFiles/datachannel-media-sfu.dir/main.cpp.o[0m
[109.377s] [ 75%] [32mBuilding CXX object CMakeFiles/datachannel-tests.dir/test/connectivity.cpp.o[0m
[109.480s] [ 77%] [32mBuilding CXX object examples/media-receiver/CMakeFiles/datachannel-media-receiver.dir/main.cpp.o[0m
[109.503s] [ 77%] [32mBuilding CXX object examples/media-sender/CMakeFiles/datachannel-media-sender.dir/main.cpp.o[0m
[109.879s] [ 79%] [32m[1mLinking CXX executable benchmark[0m
[111.294s] [ 79%] Built target datachannel-benchmark
[116.925s] [ 79%] [32m[1mLinking CXX executable media-receiver[0m
[117.719s] [ 79%] [32mBuilding CXX object CMakeFiles/datachannel-tests.dir/test/negotiated.cpp.o[0m
[117.727s] [ 79%] Built target datachannel-media-receiver
[118.089s] [ 79%] [32mBuilding CXX object examples/client/CMakeFiles/datachannel-client.dir/parse_cl.cpp.o[0m
[119.727s] [ 81%] [32m[1mLinking CXX executable client[0m
[119.807s] [ 81%] [32mBuilding CXX object CMakeFiles/datachannel-tests.dir/test/reliability.cpp.o[0m
[120.325s] [ 82%] [32m[1mLinking CXX executable media-sfu[0m
[120.648s] [ 82%] [32mBuilding CXX object examples/client-benchmark/CMakeFiles/datachannel-client-benchmark.dir/parse_cl.cpp.o[0m
[120.891s] [ 84%] [32m[1mLinking CXX executable media-sender[0m
[121.104s] [ 86%] [32m[1mLinking CXX executable client-benchmark[0m
[121.386s] [ 86%] Built target datachannel-media-sender
[121.478s] [ 86%] Built target datachannel-client
[121.610s] [ 86%] Built target datachannel-media-sfu
[121.686s] [ 86%] Built target datachannel-client-benchmark
[122.228s] [ 87%] [32mBuilding CXX object CMakeFiles/datachannel-tests.dir/test/turn_connectivity.cpp.o[0m
[124.524s] [ 89%] [32mBuilding CXX object examples/streamer/CMakeFiles/streamer.dir/h264fileparser.cpp.o[0m
[124.796s] [ 89%] [32mBuilding CXX object CMakeFiles/datachannel-tests.dir/test/track.cpp.o[0m
[126.291s] [ 89%] [32mBuilding CXX object examples/streamer/CMakeFiles/streamer.dir/helpers.cpp.o[0m
[127.040s] [ 89%] [32mBuilding CXX object CMakeFiles/datachannel-tests.dir/test/capi_connectivity.cpp.o[0m
[127.434s] [ 91%] [32mBuilding CXX object CMakeFiles/datachannel-tests.dir/test/capi_track.cpp.o[0m
[127.795s] [ 91%] [32mBuilding CXX object CMakeFiles/datachannel-tests.dir/test/websocket.cpp.o[0m
[127.855s] [ 91%] [32mBuilding CXX object examples/streamer/CMakeFiles/streamer.dir/opusfileparser.cpp.o[0m
[129.330s] [ 91%] [32mBuilding CXX object examples/streamer/CMakeFiles/streamer.dir/dispatchqueue.cpp.o[0m
[129.576s] [ 93%] [32mBuilding CXX object CMakeFiles/datachannel-tests.dir/test/capi_websocketserver.cpp.o[0m
[129.927s] [ 93%] [32mBuilding CXX object CMakeFiles/datachannel-tests.dir/test/websocketserver.cpp.o[0m
[130.332s] [ 93%] [32mBuilding CXX object examples/streamer/CMakeFiles/streamer.dir/stream.cpp.o[0m
[131.863s] [ 93%] [32mBuilding CXX object CMakeFiles/datachannel-tests.dir/test/benchmark.cpp.o[0m
[131.987s] [ 93%] [32mBuilding CXX object examples/streamer/CMakeFiles/streamer.dir/ArgParser.cpp.o[0m
[133.057s] [ 94%] [32mBuilding CXX object examples/streamer/CMakeFiles/streamer.dir/fileparser.cpp.o[0m
[134.371s] [ 94%] [32m[1mLinking CXX executable tests[0m
[134.795s] [ 96%] [32m[1mLinking CXX executable streamer[0m
[134.923s] [ 96%] Built target datachannel-tests
[135.412s] [ 96%] Built target streamer
[135.489s] [ 98%] [32mBuilding C object examples/copy-paste-capi/CMakeFiles/datachannel-copy-paste-capi-answerer.dir/answerer.c.o[0m
[135.619s] [ 98%] [32m[1mLinking C executable answerer-capi[0m
[135.947s] [ 98%] Built target datachannel-copy-paste-capi-answerer
[136.019s] [ 98%] [32mBuilding C object examples/copy-paste-capi/CMakeFiles/datachannel-copy-paste-capi-offerer.dir/offerer.c.o[0m
[136.154s] [100%] [32m[1mLinking C executable offerer-capi[0m
[136.504s] [100%] Built target datachannel-copy-paste-capi-offerer
[136.569s] [100%] [32mBuilding CXX object examples/copy-paste/CMakeFiles/datachannel-copy-paste-answerer.dir/answerer.cpp.o[0m
[138.595s] [100%] [32m[1mLinking CXX executable answerer[0m
[138.988s] [100%] Built target datachannel-copy-paste-answerer
[139.045s] [100%] [32mBuilding CXX object examples/copy-paste/CMakeFiles/datachannel-copy-paste-offerer.dir/offerer.cpp.o[0m
[141.057s] [100%] [32m[1mLinking CXX executable offerer[0m
[141.517s] [100%] Built target datachannel-copy-paste-offerer
[141.566s] Invoked command in '/home/hady/teleop/gbot_ws/build/libdatachannel' returned '0': /usr/bin/cmake --build /home/hady/teleop/gbot_ws/build/libdatachannel -- -j8 -l8
[141.575s] Invoking command in '/home/hady/teleop/gbot_ws/build/libdatachannel': /usr/bin/cmake --install /home/hady/teleop/gbot_ws/build/libdatachannel
[141.601s] -- Install configuration: ""
[141.601s] -- Installing: /home/hady/teleop/gbot_ws/install/libdatachannel/lib/libdatachannel.so.0.22.5
[141.647s] -- Up-to-date: /home/hady/teleop/gbot_ws/install/libdatachannel/lib/libdatachannel.so.0.22
[141.647s] -- Up-to-date: /home/hady/teleop/gbot_ws/install/libdatachannel/lib/libdatachannel.so
[141.649s] -- Up-to-date: /home/hady/teleop/gbot_ws/install/libdatachannel/include/rtc/candidate.hpp
[141.649s] -- Up-to-date: /home/hady/teleop/gbot_ws/install/libdatachannel/include/rtc/channel.hpp
[141.650s] -- Up-to-date: /home/hady/teleop/gbot_ws/install/libdatachannel/include/rtc/configuration.hpp
[141.651s] -- Up-to-date: /home/hady/teleop/gbot_ws/install/libdatachannel/include/rtc/datachannel.hpp
[141.652s] -- Up-to-date: /home/hady/teleop/gbot_ws/install/libdatachannel/include/rtc/description.hpp
[141.652s] -- Up-to-date: /home/hady/teleop/gbot_ws/install/libdatachannel/include/rtc/mediahandler.hpp
[141.653s] -- Up-to-date: /home/hady/teleop/gbot_ws/install/libdatachannel/include/rtc/rtcpreceivingsession.hpp
[141.655s] -- Up-to-date: /home/hady/teleop/gbot_ws/install/libdatachannel/include/rtc/common.hpp
[141.669s] -- Up-to-date: /home/hady/teleop/gbot_ws/install/libdatachannel/include/rtc/global.hpp
[141.670s] -- Up-to-date: /home/hady/teleop/gbot_ws/install/libdatachannel/include/rtc/message.hpp
[141.673s] -- Up-to-date: /home/hady/teleop/gbot_ws/install/libdatachannel/include/rtc/frameinfo.hpp
[141.674s] -- Up-to-date: /home/hady/teleop/gbot_ws/install/libdatachannel/include/rtc/peerconnection.hpp
[141.676s] -- Up-to-date: /home/hady/teleop/gbot_ws/install/libdatachannel/include/rtc/reliability.hpp
[141.678s] -- Up-to-date: /home/hady/teleop/gbot_ws/install/libdatachannel/include/rtc/rtc.h
[141.679s] -- Up-to-date: /home/hady/teleop/gbot_ws/install/libdatachannel/include/rtc/rtc.hpp
[141.684s] -- Up-to-date: /home/hady/teleop/gbot_ws/install/libdatachannel/include/rtc/rtp.hpp
[141.687s] -- Up-to-date: /home/hady/teleop/gbot_ws/install/libdatachannel/include/rtc/track.hpp
[141.688s] -- Up-to-date: /home/hady/teleop/gbot_ws/install/libdatachannel/include/rtc/websocket.hpp
[141.689s] -- Up-to-date: /home/hady/teleop/gbot_ws/install/libdatachannel/include/rtc/websocketserver.hpp
[141.690s] -- Up-to-date: /home/hady/teleop/gbot_ws/install/libdatachannel/include/rtc/rtppacketizationconfig.hpp
[141.692s] -- Up-to-date: /home/hady/teleop/gbot_ws/install/libdatachannel/include/rtc/rtcpsrreporter.hpp
[141.693s] -- Up-to-date: /home/hady/teleop/gbot_ws/install/libdatachannel/include/rtc/rtppacketizer.hpp
[141.694s] -- Up-to-date: /home/hady/teleop/gbot_ws/install/libdatachannel/include/rtc/rtpdepacketizer.hpp
[141.695s] -- Up-to-date: /home/hady/teleop/gbot_ws/install/libdatachannel/include/rtc/h264rtppacketizer.hpp
[141.697s] -- Up-to-date: /home/hady/teleop/gbot_ws/install/libdatachannel/include/rtc/h264rtpdepacketizer.hpp
[141.698s] -- Up-to-date: /home/hady/teleop/gbot_ws/install/libdatachannel/include/rtc/nalunit.hpp
[141.700s] -- Up-to-date: /home/hady/teleop/gbot_ws/install/libdatachannel/include/rtc/h265rtppacketizer.hpp
[141.706s] -- Up-to-date: /home/hady/teleop/gbot_ws/install/libdatachannel/include/rtc/h265rtpdepacketizer.hpp
[141.707s] -- Up-to-date: /home/hady/teleop/gbot_ws/install/libdatachannel/include/rtc/h265nalunit.hpp
[141.708s] -- Up-to-date: /home/hady/teleop/gbot_ws/install/libdatachannel/include/rtc/av1rtppacketizer.hpp
[141.710s] -- Up-to-date: /home/hady/teleop/gbot_ws/install/libdatachannel/include/rtc/rtcpnackresponder.hpp
[141.710s] -- Up-to-date: /home/hady/teleop/gbot_ws/install/libdatachannel/include/rtc/utils.hpp
[141.713s] -- Up-to-date: /home/hady/teleop/gbot_ws/install/libdatachannel/include/rtc/plihandler.hpp
[141.713s] -- Up-to-date: /home/hady/teleop/gbot_ws/install/libdatachannel/include/rtc/pacinghandler.hpp
[141.714s] -- Up-to-date: /home/hady/teleop/gbot_ws/install/libdatachannel/include/rtc/rembhandler.hpp
[141.714s] -- Up-to-date: /home/hady/teleop/gbot_ws/install/libdatachannel/include/rtc/version.h
[141.717s] -- Installing: /home/hady/teleop/gbot_ws/install/libdatachannel/lib/cmake/LibDataChannel/LibDataChannelTargets.cmake
[141.717s] -- Installing: /home/hady/teleop/gbot_ws/install/libdatachannel/lib/cmake/LibDataChannel/LibDataChannelTargets-noconfig.cmake
[141.718s] -- Installing: /home/hady/teleop/gbot_ws/install/libdatachannel/lib/cmake/LibDataChannel/LibDataChannelConfig.cmake
[141.718s] -- Installing: /home/hady/teleop/gbot_ws/install/libdatachannel/lib/cmake/LibDataChannel/LibDataChannelConfigVersion.cmake
[141.718s] Invoked command in '/home/hady/teleop/gbot_ws/build/libdatachannel' returned '0': /usr/bin/cmake --install /home/hady/teleop/gbot_ws/build/libdatachannel
