-- Found ament_cmake: 1.3.11 (/opt/ros/humble/share/ament_cmake/cmake)
-- Found rclcpp: 16.0.11 (/opt/ros/humble/share/rclcpp/cmake)
-- Found rosidl_generator_c: 3.1.6 (/opt/ros/humble/share/rosidl_generator_c/cmake)
-- Found rosidl_adapter: 3.1.6 (/opt/ros/humble/share/rosidl_adapter/cmake)
-- Found rosidl_generator_cpp: 3.1.6 (/opt/ros/humble/share/rosidl_generator_cpp/cmake)
-- Using all available rosidl_typesupport_c: rosidl_typesupport_fastrtps_c;rosidl_typesupport_introspection_c
-- Using all available rosidl_typesupport_cpp: rosidl_typesupport_fastrtps_cpp;rosidl_typesupport_introspection_cpp
-- Found rmw_implementation_cmake: 6.1.2 (/opt/ros/humble/share/rmw_implementation_cmake/cmake)
-- Found rmw_fastrtps_cpp: 6.2.7 (/opt/ros/humble/share/rmw_fastrtps_cpp/cmake)
-- Using RMW implementation 'rmw_fastrtps_cpp' as default
-- Found sensor_msgs: 4.2.4 (/opt/ros/humble/share/sensor_msgs/cmake)
-- Found cv_bridge: 3.2.1 (/opt/ros/humble/share/cv_bridge/cmake)
-- Found image_transport: 3.1.10 (/opt/ros/humble/share/image_transport/cmake)
-- No build type selected, using DEBUG
-- Compiler flags (CMAKE_C_FLAGS):  -std=c99 -pedantic -Wall -Wextra -Wfloat-equal -Wshadow -Wpointer-arith -Wunreachable-code -Winit-self -Wno-unused-function -Wno-unused-parameter -Wno-unreachable-code -Wstrict-prototypes
-- Found ament_lint_auto: 0.12.11 (/opt/ros/humble/share/ament_lint_auto/cmake)
-- Added test 'cppcheck' to perform static code analysis on C / C++ code
-- Configured cppcheck include dirs: /home/hady/teleop/gbot_ws/src/teleop/include
-- Configured cppcheck exclude dirs and/or files: 
-- Added test 'lint_cmake' to check CMake code style
-- Added test 'uncrustify' to check C / C++ code style
-- Configured uncrustify additional arguments: 
-- Added test 'xmllint' to check XML markup files
-- Configuring done
-- Generating done
-- Build files have been written to: /home/hady/teleop/gbot_ws/build/teleop
[35m[1mConsolidate compiler generated dependencies of target juice[0m
[35m[1mConsolidate compiler generated dependencies of target usrsctp[0m
[ 19%] Built target juice
[ 40%] Built target usrsctp
[35m[1mConsolidate compiler generated dependencies of target datachannel[0m
[ 94%] Built target datachannel
[35m[1mConsolidate compiler generated dependencies of target webrtc_lib[0m
[ 98%] Built target webrtc_lib
[35m[1mConsolidate compiler generated dependencies of target image_subscriber[0m
[100%] [32m[1mLinking CXX executable image_subscriber[0m
