[0.025s] Invoking command in '/home/hady/teleop/gbot_ws/build/gbot_navigation': CMAKE_PREFIX_PATH=${CMAKE_PREFIX_PATH}:/opt/ros/humble /usr/bin/cmake /home/hady/teleop/gbot_ws/src/gbot_navigation -DCMAKE_INSTALL_PREFIX=/home/hady/teleop/gbot_ws/install/gbot_navigation
[0.150s] -- The C compiler identification is GNU 11.4.0
[0.270s] -- The CXX compiler identification is GNU 11.4.0
[0.280s] -- Detecting C compiler ABI info
[0.473s] -- Detecting C compiler ABI info - done
[0.483s] -- Check for working C compiler: /usr/bin/cc - skipped
[0.484s] -- Detecting C compile features
[0.484s] -- Detecting C compile features - done
[0.488s] -- Detecting CXX compiler ABI info
[0.718s] -- Detecting CXX compiler ABI info - done
[0.760s] -- Check for working CXX compiler: /usr/bin/c++ - skipped
[0.761s] -- Detecting CXX compile features
[0.765s] -- Detecting CXX compile features - done
[0.767s] -- Found ament_cmake: 1.3.11 (/opt/ros/humble/share/ament_cmake/cmake)
[1.151s] -- Found Python3: /usr/bin/python3 (found version "3.10.12") found components: Interpreter 
[1.357s] -- Found rclcpp: 16.0.11 (/opt/ros/humble/share/rclcpp/cmake)
[1.423s] -- Found rosidl_generator_c: 3.1.6 (/opt/ros/humble/share/rosidl_generator_c/cmake)
[1.432s] -- Found rosidl_adapter: 3.1.6 (/opt/ros/humble/share/rosidl_adapter/cmake)
[1.445s] -- Found rosidl_generator_cpp: 3.1.6 (/opt/ros/humble/share/rosidl_generator_cpp/cmake)
[1.463s] -- Using all available rosidl_typesupport_c: rosidl_typesupport_fastrtps_c;rosidl_typesupport_introspection_c
[1.486s] -- Using all available rosidl_typesupport_cpp: rosidl_typesupport_fastrtps_cpp;rosidl_typesupport_introspection_cpp
[1.555s] -- Found rmw_implementation_cmake: 6.1.2 (/opt/ros/humble/share/rmw_implementation_cmake/cmake)
[1.559s] -- Found rmw_fastrtps_cpp: 6.2.7 (/opt/ros/humble/share/rmw_fastrtps_cpp/cmake)
[1.766s] -- Found OpenSSL: /usr/lib/aarch64-linux-gnu/libcrypto.so (found version "3.0.2")  
[1.816s] -- Found FastRTPS: /opt/ros/humble/include  
[1.893s] -- Using RMW implementation 'rmw_fastrtps_cpp' as default
[1.905s] -- Looking for pthread.h
[2.082s] -- Looking for pthread.h - found
[2.083s] -- Performing Test CMAKE_HAVE_LIBC_PTHREAD
[2.255s] -- Performing Test CMAKE_HAVE_LIBC_PTHREAD - Success
[2.257s] -- Found Threads: TRUE  
[2.341s] -- Found ament_lint_auto: 0.12.11 (/opt/ros/humble/share/ament_lint_auto/cmake)
[2.490s] -- Added test 'cppcheck' to perform static code analysis on C / C++ code
[2.491s] -- Configured cppcheck include dirs: /home/hady/teleop/gbot_ws/src/gbot_navigation/include
[2.491s] -- Configured cppcheck exclude dirs and/or files: 
[2.492s] -- Added test 'lint_cmake' to check CMake code style
[2.493s] -- Added test 'uncrustify' to check C / C++ code style
[2.493s] -- Configured uncrustify additional arguments: 
[2.494s] -- Added test 'xmllint' to check XML markup files
[2.496s] -- Configuring done
[2.510s] -- Generating done
[2.516s] -- Build files have been written to: /home/hady/teleop/gbot_ws/build/gbot_navigation
[2.537s] Invoked command in '/home/hady/teleop/gbot_ws/build/gbot_navigation' returned '0': CMAKE_PREFIX_PATH=${CMAKE_PREFIX_PATH}:/opt/ros/humble /usr/bin/cmake /home/hady/teleop/gbot_ws/src/gbot_navigation -DCMAKE_INSTALL_PREFIX=/home/hady/teleop/gbot_ws/install/gbot_navigation
[2.541s] Invoking command in '/home/hady/teleop/gbot_ws/build/gbot_navigation': CMAKE_PREFIX_PATH=${CMAKE_PREFIX_PATH}:/opt/ros/humble /usr/bin/cmake --build /home/hady/teleop/gbot_ws/build/gbot_navigation -- -j8 -l8
[2.660s] [ 50%] [32mBuilding CXX object CMakeFiles/path_planner.dir/src/coordinates.cpp.o[0m
[2.661s] [ 50%] [32mBuilding CXX object CMakeFiles/path_planner.dir/src/object_subscriber.cpp.o[0m
[2.677s] [ 75%] [32mBuilding CXX object CMakeFiles/path_planner.dir/src/main.cpp.o[0m
[28.181s] [100%] [32m[1mLinking CXX executable path_planner[0m
[32.262s] [100%] Built target path_planner
[32.324s] Invoked command in '/home/hady/teleop/gbot_ws/build/gbot_navigation' returned '0': CMAKE_PREFIX_PATH=${CMAKE_PREFIX_PATH}:/opt/ros/humble /usr/bin/cmake --build /home/hady/teleop/gbot_ws/build/gbot_navigation -- -j8 -l8
[32.388s] Invoking command in '/home/hady/teleop/gbot_ws/build/gbot_navigation': CMAKE_PREFIX_PATH=${CMAKE_PREFIX_PATH}:/opt/ros/humble /usr/bin/cmake --install /home/hady/teleop/gbot_ws/build/gbot_navigation
[32.449s] -- Install configuration: ""
[32.462s] -- Installing: /home/hady/teleop/gbot_ws/install/gbot_navigation/lib/gbot_navigation/path_planner
[32.576s] -- Set runtime path of "/home/hady/teleop/gbot_ws/install/gbot_navigation/lib/gbot_navigation/path_planner" to ""
[32.577s] -- Installing: /home/hady/teleop/gbot_ws/install/gbot_navigation/share/ament_index/resource_index/package_run_dependencies/gbot_navigation
[32.578s] -- Installing: /home/hady/teleop/gbot_ws/install/gbot_navigation/share/ament_index/resource_index/parent_prefix_path/gbot_navigation
[32.578s] -- Up-to-date: /home/hady/teleop/gbot_ws/install/gbot_navigation/share/gbot_navigation/environment/ament_prefix_path.sh
[32.579s] -- Installing: /home/hady/teleop/gbot_ws/install/gbot_navigation/share/gbot_navigation/environment/ament_prefix_path.dsv
[32.579s] -- Up-to-date: /home/hady/teleop/gbot_ws/install/gbot_navigation/share/gbot_navigation/environment/path.sh
[32.580s] -- Installing: /home/hady/teleop/gbot_ws/install/gbot_navigation/share/gbot_navigation/environment/path.dsv
[32.581s] -- Installing: /home/hady/teleop/gbot_ws/install/gbot_navigation/share/gbot_navigation/local_setup.bash
[32.582s] -- Installing: /home/hady/teleop/gbot_ws/install/gbot_navigation/share/gbot_navigation/local_setup.sh
[32.582s] -- Installing: /home/hady/teleop/gbot_ws/install/gbot_navigation/share/gbot_navigation/local_setup.zsh
[32.583s] -- Installing: /home/hady/teleop/gbot_ws/install/gbot_navigation/share/gbot_navigation/local_setup.dsv
[32.589s] -- Installing: /home/hady/teleop/gbot_ws/install/gbot_navigation/share/gbot_navigation/package.dsv
[32.590s] -- Installing: /home/hady/teleop/gbot_ws/install/gbot_navigation/share/ament_index/resource_index/packages/gbot_navigation
[32.591s] -- Installing: /home/hady/teleop/gbot_ws/install/gbot_navigation/share/gbot_navigation/cmake/gbot_navigationConfig.cmake
[32.592s] -- Installing: /home/hady/teleop/gbot_ws/install/gbot_navigation/share/gbot_navigation/cmake/gbot_navigationConfig-version.cmake
[32.593s] -- Up-to-date: /home/hady/teleop/gbot_ws/install/gbot_navigation/share/gbot_navigation/package.xml
[32.621s] Invoked command in '/home/hady/teleop/gbot_ws/build/gbot_navigation' returned '0': CMAKE_PREFIX_PATH=${CMAKE_PREFIX_PATH}:/opt/ros/humble /usr/bin/cmake --install /home/hady/teleop/gbot_ws/build/gbot_navigation
