[0.151s] DEBUG:colcon:Command line arguments: ['/usr/bin/colcon', 'build']
[0.151s] DEBUG:colcon:Parsed command line arguments: Namespace(log_base=None, log_level=None, verb_name='build', build_base='build', install_base='install', merge_install=False, symlink_install=False, test_result_base=None, continue_on_error=False, executor='parallel', parallel_workers=8, event_handlers=None, ignore_user_meta=False, metas=['./colcon.meta'], base_paths=['.'], packages_ignore=None, packages_ignore_regex=None, paths=None, packages_up_to=None, packages_up_to_regex=None, packages_above=None, packages_above_and_dependencies=None, packages_above_depth=None, packages_select_by_dep=None, packages_skip_by_dep=None, packages_skip_up_to=None, packages_select_build_failed=False, packages_skip_build_finished=False, packages_select_test_failures=False, packages_skip_test_passed=False, packages_select=None, packages_skip=None, packages_select_regex=None, packages_skip_regex=None, packages_start=None, packages_end=None, allow_overriding=[], cmake_args=None, cmake_target=None, cmake_target_skip_unavailable=False, cmake_clean_cache=False, cmake_clean_first=False, cmake_force_configure=False, ament_cmake_args=None, catkin_cmake_args=None, catkin_skip_building_tests=False, mixin_files=None, mixin=None, verb_parser=<colcon_mixin.mixin.mixin_argument.MixinArgumentDecorator object at 0xffff8b0dd810>, verb_extension=<colcon_core.verb.build.BuildVerb object at 0xffff8b0dd210>, main=<bound method BuildVerb.main of <colcon_core.verb.build.BuildVerb object at 0xffff8b0dd210>>, mixin_verb=('build',))
[0.382s] Level 1:colcon.colcon_core.package_discovery:discover_packages(colcon_meta) check parameters
[0.383s] Level 1:colcon.colcon_core.package_discovery:discover_packages(recursive) check parameters
[0.383s] Level 1:colcon.colcon_core.package_discovery:discover_packages(ignore) check parameters
[0.383s] Level 1:colcon.colcon_core.package_discovery:discover_packages(path) check parameters
[0.383s] Level 1:colcon.colcon_core.package_discovery:discover_packages(colcon_meta) discover
[0.383s] Level 1:colcon.colcon_core.package_discovery:discover_packages(recursive) discover
[0.383s] INFO:colcon.colcon_core.package_discovery:Crawling recursively for packages in '/home/hady/teleop/gbot_ws'
[0.383s] Level 1:colcon.colcon_core.package_identification:_identify(.) by extensions ['ignore', 'ignore_ament_install']
[0.383s] Level 1:colcon.colcon_core.package_identification:_identify(.) by extension 'ignore'
[0.383s] Level 1:colcon.colcon_core.package_identification:_identify(.) by extension 'ignore_ament_install'
[0.383s] Level 1:colcon.colcon_core.package_identification:_identify(.) by extensions ['colcon_pkg']
[0.383s] Level 1:colcon.colcon_core.package_identification:_identify(.) by extension 'colcon_pkg'
[0.384s] Level 1:colcon.colcon_core.package_identification:_identify(.) by extensions ['colcon_meta']
[0.384s] Level 1:colcon.colcon_core.package_identification:_identify(.) by extension 'colcon_meta'
[0.384s] Level 1:colcon.colcon_core.package_identification:_identify(.) by extensions ['ros']
[0.384s] Level 1:colcon.colcon_core.package_identification:_identify(.) by extension 'ros'
[0.399s] Level 1:colcon.colcon_core.package_identification:_identify(.) by extensions ['cmake', 'python']
[0.399s] Level 1:colcon.colcon_core.package_identification:_identify(.) by extension 'cmake'
[0.399s] Level 1:colcon.colcon_core.package_identification:_identify(.) by extension 'python'
[0.400s] Level 1:colcon.colcon_core.package_identification:_identify(.) by extensions ['python_setup_py']
[0.400s] Level 1:colcon.colcon_core.package_identification:_identify(.) by extension 'python_setup_py'
[0.400s] Level 1:colcon.colcon_core.package_identification:_identify(build) by extensions ['ignore', 'ignore_ament_install']
[0.400s] Level 1:colcon.colcon_core.package_identification:_identify(build) by extension 'ignore'
[0.400s] Level 1:colcon.colcon_core.package_identification:_identify(build) ignored
[0.400s] Level 1:colcon.colcon_core.package_identification:_identify(install) by extensions ['ignore', 'ignore_ament_install']
[0.400s] Level 1:colcon.colcon_core.package_identification:_identify(install) by extension 'ignore'
[0.400s] Level 1:colcon.colcon_core.package_identification:_identify(install) ignored
[0.400s] Level 1:colcon.colcon_core.package_identification:_identify(log) by extensions ['ignore', 'ignore_ament_install']
[0.401s] Level 1:colcon.colcon_core.package_identification:_identify(log) by extension 'ignore'
[0.401s] Level 1:colcon.colcon_core.package_identification:_identify(log) ignored
[0.401s] Level 1:colcon.colcon_core.package_identification:_identify(src) by extensions ['ignore', 'ignore_ament_install']
[0.401s] Level 1:colcon.colcon_core.package_identification:_identify(src) by extension 'ignore'
[0.401s] Level 1:colcon.colcon_core.package_identification:_identify(src) by extension 'ignore_ament_install'
[0.401s] Level 1:colcon.colcon_core.package_identification:_identify(src) by extensions ['colcon_pkg']
[0.401s] Level 1:colcon.colcon_core.package_identification:_identify(src) by extension 'colcon_pkg'
[0.401s] Level 1:colcon.colcon_core.package_identification:_identify(src) by extensions ['colcon_meta']
[0.401s] Level 1:colcon.colcon_core.package_identification:_identify(src) by extension 'colcon_meta'
[0.401s] Level 1:colcon.colcon_core.package_identification:_identify(src) by extensions ['ros']
[0.401s] Level 1:colcon.colcon_core.package_identification:_identify(src) by extension 'ros'
[0.401s] Level 1:colcon.colcon_core.package_identification:_identify(src) by extensions ['cmake', 'python']
[0.401s] Level 1:colcon.colcon_core.package_identification:_identify(src) by extension 'cmake'
[0.401s] Level 1:colcon.colcon_core.package_identification:_identify(src) by extension 'python'
[0.401s] Level 1:colcon.colcon_core.package_identification:_identify(src) by extensions ['python_setup_py']
[0.401s] Level 1:colcon.colcon_core.package_identification:_identify(src) by extension 'python_setup_py'
[0.402s] Level 1:colcon.colcon_core.package_identification:_identify(src/gbot_navigation) by extensions ['ignore', 'ignore_ament_install']
[0.402s] Level 1:colcon.colcon_core.package_identification:_identify(src/gbot_navigation) by extension 'ignore'
[0.402s] Level 1:colcon.colcon_core.package_identification:_identify(src/gbot_navigation) by extension 'ignore_ament_install'
[0.402s] Level 1:colcon.colcon_core.package_identification:_identify(src/gbot_navigation) by extensions ['colcon_pkg']
[0.402s] Level 1:colcon.colcon_core.package_identification:_identify(src/gbot_navigation) by extension 'colcon_pkg'
[0.402s] Level 1:colcon.colcon_core.package_identification:_identify(src/gbot_navigation) by extensions ['colcon_meta']
[0.402s] Level 1:colcon.colcon_core.package_identification:_identify(src/gbot_navigation) by extension 'colcon_meta'
[0.402s] Level 1:colcon.colcon_core.package_identification:_identify(src/gbot_navigation) by extensions ['ros']
[0.402s] Level 1:colcon.colcon_core.package_identification:_identify(src/gbot_navigation) by extension 'ros'
[0.406s] DEBUG:colcon.colcon_core.package_identification:Package 'src/gbot_navigation' with type 'ros.ament_cmake' and name 'gbot_navigation'
[0.406s] Level 1:colcon.colcon_core.package_identification:_identify(src/teleop) by extensions ['ignore', 'ignore_ament_install']
[0.406s] Level 1:colcon.colcon_core.package_identification:_identify(src/teleop) by extension 'ignore'
[0.406s] Level 1:colcon.colcon_core.package_identification:_identify(src/teleop) by extension 'ignore_ament_install'
[0.406s] Level 1:colcon.colcon_core.package_identification:_identify(src/teleop) by extensions ['colcon_pkg']
[0.406s] Level 1:colcon.colcon_core.package_identification:_identify(src/teleop) by extension 'colcon_pkg'
[0.406s] Level 1:colcon.colcon_core.package_identification:_identify(src/teleop) by extensions ['colcon_meta']
[0.406s] Level 1:colcon.colcon_core.package_identification:_identify(src/teleop) by extension 'colcon_meta'
[0.406s] Level 1:colcon.colcon_core.package_identification:_identify(src/teleop) by extensions ['ros']
[0.406s] Level 1:colcon.colcon_core.package_identification:_identify(src/teleop) by extension 'ros'
[0.408s] DEBUG:colcon.colcon_core.package_identification:Package 'src/teleop' with type 'ros.ament_cmake' and name 'teleop'
[0.408s] Level 1:colcon.colcon_core.package_discovery:discover_packages(recursive) using defaults
[0.408s] Level 1:colcon.colcon_core.package_discovery:discover_packages(ignore) discover
[0.408s] Level 1:colcon.colcon_core.package_discovery:discover_packages(ignore) using defaults
[0.408s] Level 1:colcon.colcon_core.package_discovery:discover_packages(path) discover
[0.408s] Level 1:colcon.colcon_core.package_discovery:discover_packages(path) using defaults
[0.461s] Level 1:colcon.colcon_core.package_discovery:discover_packages(prefix_path) check parameters
[0.461s] Level 1:colcon.colcon_core.package_discovery:discover_packages(prefix_path) discover
[0.464s] DEBUG:colcon.colcon_installed_package_information.package_discovery:Found 271 installed packages in /opt/ros/humble
[0.466s] Level 1:colcon.colcon_core.package_discovery:discover_packages(prefix_path) using defaults
[0.518s] Level 5:colcon.colcon_core.verb:set package 'gbot_navigation' build argument 'cmake_args' from command line to 'None'
[0.518s] Level 5:colcon.colcon_core.verb:set package 'gbot_navigation' build argument 'cmake_target' from command line to 'None'
[0.519s] Level 5:colcon.colcon_core.verb:set package 'gbot_navigation' build argument 'cmake_target_skip_unavailable' from command line to 'False'
[0.519s] Level 5:colcon.colcon_core.verb:set package 'gbot_navigation' build argument 'cmake_clean_cache' from command line to 'False'
[0.519s] Level 5:colcon.colcon_core.verb:set package 'gbot_navigation' build argument 'cmake_clean_first' from command line to 'False'
[0.519s] Level 5:colcon.colcon_core.verb:set package 'gbot_navigation' build argument 'cmake_force_configure' from command line to 'False'
[0.519s] Level 5:colcon.colcon_core.verb:set package 'gbot_navigation' build argument 'ament_cmake_args' from command line to 'None'
[0.519s] Level 5:colcon.colcon_core.verb:set package 'gbot_navigation' build argument 'catkin_cmake_args' from command line to 'None'
[0.519s] Level 5:colcon.colcon_core.verb:set package 'gbot_navigation' build argument 'catkin_skip_building_tests' from command line to 'False'
[0.519s] DEBUG:colcon.colcon_core.verb:Building package 'gbot_navigation' with the following arguments: {'ament_cmake_args': None, 'build_base': '/home/hady/teleop/gbot_ws/build/gbot_navigation', 'catkin_cmake_args': None, 'catkin_skip_building_tests': False, 'cmake_args': None, 'cmake_clean_cache': False, 'cmake_clean_first': False, 'cmake_force_configure': False, 'cmake_target': None, 'cmake_target_skip_unavailable': False, 'install_base': '/home/hady/teleop/gbot_ws/install/gbot_navigation', 'merge_install': False, 'path': '/home/hady/teleop/gbot_ws/src/gbot_navigation', 'symlink_install': False, 'test_result_base': None}
[0.519s] Level 5:colcon.colcon_core.verb:set package 'teleop' build argument 'cmake_args' from command line to 'None'
[0.519s] Level 5:colcon.colcon_core.verb:set package 'teleop' build argument 'cmake_target' from command line to 'None'
[0.519s] Level 5:colcon.colcon_core.verb:set package 'teleop' build argument 'cmake_target_skip_unavailable' from command line to 'False'
[0.519s] Level 5:colcon.colcon_core.verb:set package 'teleop' build argument 'cmake_clean_cache' from command line to 'False'
[0.519s] Level 5:colcon.colcon_core.verb:set package 'teleop' build argument 'cmake_clean_first' from command line to 'False'
[0.519s] Level 5:colcon.colcon_core.verb:set package 'teleop' build argument 'cmake_force_configure' from command line to 'False'
[0.520s] Level 5:colcon.colcon_core.verb:set package 'teleop' build argument 'ament_cmake_args' from command line to 'None'
[0.520s] Level 5:colcon.colcon_core.verb:set package 'teleop' build argument 'catkin_cmake_args' from command line to 'None'
[0.520s] Level 5:colcon.colcon_core.verb:set package 'teleop' build argument 'catkin_skip_building_tests' from command line to 'False'
[0.520s] DEBUG:colcon.colcon_core.verb:Building package 'teleop' with the following arguments: {'ament_cmake_args': None, 'build_base': '/home/hady/teleop/gbot_ws/build/teleop', 'catkin_cmake_args': None, 'catkin_skip_building_tests': False, 'cmake_args': None, 'cmake_clean_cache': False, 'cmake_clean_first': False, 'cmake_force_configure': False, 'cmake_target': None, 'cmake_target_skip_unavailable': False, 'install_base': '/home/hady/teleop/gbot_ws/install/teleop', 'merge_install': False, 'path': '/home/hady/teleop/gbot_ws/src/teleop', 'symlink_install': False, 'test_result_base': None}
[0.520s] INFO:colcon.colcon_core.executor:Executing jobs using 'parallel' executor
[0.521s] DEBUG:colcon.colcon_parallel_executor.executor.parallel:run_until_complete
[0.522s] INFO:colcon.colcon_ros.task.ament_cmake.build:Building ROS package in '/home/hady/teleop/gbot_ws/src/gbot_navigation' with build type 'ament_cmake'
[0.522s] INFO:colcon.colcon_cmake.task.cmake.build:Building CMake package in '/home/hady/teleop/gbot_ws/src/gbot_navigation'
[0.525s] INFO:colcon.colcon_core.plugin_system:Skipping extension 'colcon_core.shell.bat': Not used on non-Windows systems
[0.526s] INFO:colcon.colcon_core.shell:Skip shell extension 'powershell' for command environment: Not usable outside of PowerShell
[0.526s] DEBUG:colcon.colcon_core.shell:Skip shell extension 'dsv' for command environment
[0.530s] INFO:colcon.colcon_ros.task.ament_cmake.build:Building ROS package in '/home/hady/teleop/gbot_ws/src/teleop' with build type 'ament_cmake'
[0.530s] INFO:colcon.colcon_cmake.task.cmake.build:Building CMake package in '/home/hady/teleop/gbot_ws/src/teleop'
[0.531s] INFO:colcon.colcon_core.shell:Skip shell extension 'powershell' for command environment: Not usable outside of PowerShell
[0.531s] DEBUG:colcon.colcon_core.shell:Skip shell extension 'dsv' for command environment
[0.542s] DEBUG:colcon.colcon_core.event_handler.log_command:Invoking command in '/home/hady/teleop/gbot_ws/build/gbot_navigation': CMAKE_PREFIX_PATH=/opt/ros/humble /usr/bin/cmake --build /home/hady/teleop/gbot_ws/build/gbot_navigation -- -j8 -l8
[0.549s] DEBUG:colcon.colcon_core.event_handler.log_command:Invoking command in '/home/hady/teleop/gbot_ws/build/teleop': CMAKE_PREFIX_PATH=/opt/ros/humble /usr/bin/cmake /home/hady/teleop/gbot_ws/src/teleop -DCMAKE_INSTALL_PREFIX=/home/hady/teleop/gbot_ws/install/teleop
[0.767s] DEBUG:colcon.colcon_core.event_handler.log_command:Invoked command in '/home/hady/teleop/gbot_ws/build/gbot_navigation' returned '0': CMAKE_PREFIX_PATH=/opt/ros/humble /usr/bin/cmake --build /home/hady/teleop/gbot_ws/build/gbot_navigation -- -j8 -l8
[0.802s] DEBUG:colcon.colcon_core.event_handler.log_command:Invoking command in '/home/hady/teleop/gbot_ws/build/gbot_navigation': CMAKE_PREFIX_PATH=/opt/ros/humble /usr/bin/cmake --install /home/hady/teleop/gbot_ws/build/gbot_navigation
[0.842s] Level 1:colcon.colcon_core.environment:create_environment_scripts_only(gbot_navigation)
[0.845s] DEBUG:colcon.colcon_core.event_handler.log_command:Invoked command in '/home/hady/teleop/gbot_ws/build/gbot_navigation' returned '0': CMAKE_PREFIX_PATH=/opt/ros/humble /usr/bin/cmake --install /home/hady/teleop/gbot_ws/build/gbot_navigation
[0.856s] Level 1:colcon.colcon_core.environment:checking '/home/hady/teleop/gbot_ws/install/gbot_navigation' for CMake module files
[0.858s] Level 1:colcon.colcon_core.environment:checking '/home/hady/teleop/gbot_ws/install/gbot_navigation' for CMake config files
[0.859s] Level 1:colcon.colcon_core.shell:create_environment_hook('gbot_navigation', 'cmake_prefix_path')
[0.860s] INFO:colcon.colcon_core.shell:Creating environment hook '/home/hady/teleop/gbot_ws/install/gbot_navigation/share/gbot_navigation/hook/cmake_prefix_path.ps1'
[0.863s] INFO:colcon.colcon_core.shell:Creating environment descriptor '/home/hady/teleop/gbot_ws/install/gbot_navigation/share/gbot_navigation/hook/cmake_prefix_path.dsv'
[0.865s] INFO:colcon.colcon_core.shell:Creating environment hook '/home/hady/teleop/gbot_ws/install/gbot_navigation/share/gbot_navigation/hook/cmake_prefix_path.sh'
[0.869s] Level 1:colcon.colcon_core.environment:checking '/home/hady/teleop/gbot_ws/install/gbot_navigation/lib'
[0.870s] Level 1:colcon.colcon_core.environment:checking '/home/hady/teleop/gbot_ws/install/gbot_navigation/bin'
[0.870s] Level 1:colcon.colcon_core.environment:checking '/home/hady/teleop/gbot_ws/install/gbot_navigation/lib/pkgconfig/gbot_navigation.pc'
[0.871s] Level 1:colcon.colcon_core.environment:checking '/home/hady/teleop/gbot_ws/install/gbot_navigation/lib/python3.10/site-packages'
[0.872s] Level 1:colcon.colcon_core.environment:checking '/home/hady/teleop/gbot_ws/install/gbot_navigation/bin'
[0.874s] INFO:colcon.colcon_core.shell:Creating package script '/home/hady/teleop/gbot_ws/install/gbot_navigation/share/gbot_navigation/package.ps1'
[0.877s] INFO:colcon.colcon_core.shell:Creating package descriptor '/home/hady/teleop/gbot_ws/install/gbot_navigation/share/gbot_navigation/package.dsv'
[0.879s] INFO:colcon.colcon_core.shell:Creating package script '/home/hady/teleop/gbot_ws/install/gbot_navigation/share/gbot_navigation/package.sh'
[0.880s] INFO:colcon.colcon_core.shell:Creating package script '/home/hady/teleop/gbot_ws/install/gbot_navigation/share/gbot_navigation/package.bash'
[0.881s] INFO:colcon.colcon_core.shell:Creating package script '/home/hady/teleop/gbot_ws/install/gbot_navigation/share/gbot_navigation/package.zsh'
[0.882s] Level 1:colcon.colcon_core.environment:create_file_with_runtime_dependencies(/home/hady/teleop/gbot_ws/install/gbot_navigation/share/colcon-core/packages/gbot_navigation)
[0.883s] Level 1:colcon.colcon_core.environment:create_environment_scripts_only(gbot_navigation)
[0.884s] Level 1:colcon.colcon_core.environment:checking '/home/hady/teleop/gbot_ws/install/gbot_navigation' for CMake module files
[0.884s] Level 1:colcon.colcon_core.environment:checking '/home/hady/teleop/gbot_ws/install/gbot_navigation' for CMake config files
[0.884s] Level 1:colcon.colcon_core.shell:create_environment_hook('gbot_navigation', 'cmake_prefix_path')
[0.885s] INFO:colcon.colcon_core.shell:Creating environment hook '/home/hady/teleop/gbot_ws/install/gbot_navigation/share/gbot_navigation/hook/cmake_prefix_path.ps1'
[0.885s] INFO:colcon.colcon_core.shell:Creating environment descriptor '/home/hady/teleop/gbot_ws/install/gbot_navigation/share/gbot_navigation/hook/cmake_prefix_path.dsv'
[0.886s] INFO:colcon.colcon_core.shell:Creating environment hook '/home/hady/teleop/gbot_ws/install/gbot_navigation/share/gbot_navigation/hook/cmake_prefix_path.sh'
[0.886s] Level 1:colcon.colcon_core.environment:checking '/home/hady/teleop/gbot_ws/install/gbot_navigation/lib'
[0.886s] Level 1:colcon.colcon_core.environment:checking '/home/hady/teleop/gbot_ws/install/gbot_navigation/bin'
[0.886s] Level 1:colcon.colcon_core.environment:checking '/home/hady/teleop/gbot_ws/install/gbot_navigation/lib/pkgconfig/gbot_navigation.pc'
[0.887s] Level 1:colcon.colcon_core.environment:checking '/home/hady/teleop/gbot_ws/install/gbot_navigation/lib/python3.10/site-packages'
[0.887s] Level 1:colcon.colcon_core.environment:checking '/home/hady/teleop/gbot_ws/install/gbot_navigation/bin'
[0.887s] INFO:colcon.colcon_core.shell:Creating package script '/home/hady/teleop/gbot_ws/install/gbot_navigation/share/gbot_navigation/package.ps1'
[0.888s] INFO:colcon.colcon_core.shell:Creating package descriptor '/home/hady/teleop/gbot_ws/install/gbot_navigation/share/gbot_navigation/package.dsv'
[0.889s] INFO:colcon.colcon_core.shell:Creating package script '/home/hady/teleop/gbot_ws/install/gbot_navigation/share/gbot_navigation/package.sh'
[0.890s] INFO:colcon.colcon_core.shell:Creating package script '/home/hady/teleop/gbot_ws/install/gbot_navigation/share/gbot_navigation/package.bash'
[0.890s] INFO:colcon.colcon_core.shell:Creating package script '/home/hady/teleop/gbot_ws/install/gbot_navigation/share/gbot_navigation/package.zsh'
[0.891s] Level 1:colcon.colcon_core.environment:create_file_with_runtime_dependencies(/home/hady/teleop/gbot_ws/install/gbot_navigation/share/colcon-core/packages/gbot_navigation)
[157.881s] DEBUG:colcon.colcon_core.event_handler.log_command:Invoked command in '/home/hady/teleop/gbot_ws/build/teleop' returned '1': CMAKE_PREFIX_PATH=/opt/ros/humble /usr/bin/cmake /home/hady/teleop/gbot_ws/src/teleop -DCMAKE_INSTALL_PREFIX=/home/hady/teleop/gbot_ws/install/teleop
[157.925s] Level 1:colcon.colcon_core.environment:create_environment_scripts_only(teleop)
[157.927s] Level 1:colcon.colcon_core.environment:checking '/home/hady/teleop/gbot_ws/install/teleop' for CMake module files
[157.929s] Level 1:colcon.colcon_core.environment:checking '/home/hady/teleop/gbot_ws/install/teleop' for CMake config files
[157.931s] Level 1:colcon.colcon_core.environment:checking '/home/hady/teleop/gbot_ws/install/teleop/bin'
[157.931s] Level 1:colcon.colcon_core.environment:checking '/home/hady/teleop/gbot_ws/install/teleop/lib/pkgconfig/teleop.pc'
[157.933s] Level 1:colcon.colcon_core.environment:checking '/home/hady/teleop/gbot_ws/install/teleop/lib/python3.10/site-packages'
[157.934s] Level 1:colcon.colcon_core.environment:checking '/home/hady/teleop/gbot_ws/install/teleop/bin'
[157.935s] INFO:colcon.colcon_core.shell:Creating package script '/home/hady/teleop/gbot_ws/install/teleop/share/teleop/package.ps1'
[157.937s] INFO:colcon.colcon_core.shell:Creating package descriptor '/home/hady/teleop/gbot_ws/install/teleop/share/teleop/package.dsv'
[157.939s] INFO:colcon.colcon_core.shell:Creating package script '/home/hady/teleop/gbot_ws/install/teleop/share/teleop/package.sh'
[157.940s] INFO:colcon.colcon_core.shell:Creating package script '/home/hady/teleop/gbot_ws/install/teleop/share/teleop/package.bash'
[157.942s] INFO:colcon.colcon_core.shell:Creating package script '/home/hady/teleop/gbot_ws/install/teleop/share/teleop/package.zsh'
[157.943s] Level 1:colcon.colcon_core.environment:create_file_with_runtime_dependencies(/home/hady/teleop/gbot_ws/install/teleop/share/colcon-core/packages/teleop)
[157.955s] DEBUG:colcon.colcon_parallel_executor.executor.parallel:closing loop
[157.956s] DEBUG:colcon.colcon_parallel_executor.executor.parallel:loop closed
[157.956s] DEBUG:colcon.colcon_parallel_executor.executor.parallel:run_until_complete finished with '1'
[157.957s] DEBUG:colcon.colcon_core.event_reactor:joining thread
[157.986s] INFO:colcon.colcon_core.plugin_system:Skipping extension 'colcon_notification.desktop_notification.terminal_notifier': Not used on non-Darwin systems
[157.986s] INFO:colcon.colcon_core.plugin_system:Skipping extension 'colcon_notification.desktop_notification.win32': Not used on non-Windows systems
[157.987s] INFO:colcon.colcon_notification.desktop_notification:Sending desktop notification using 'notify2'
[158.035s] DEBUG:colcon.colcon_core.event_reactor:joined thread
[158.038s] INFO:colcon.colcon_core.shell:Creating prefix script '/home/hady/teleop/gbot_ws/install/local_setup.ps1'
[158.044s] INFO:colcon.colcon_core.shell:Creating prefix util module '/home/hady/teleop/gbot_ws/install/_local_setup_util_ps1.py'
[158.054s] INFO:colcon.colcon_core.shell:Creating prefix chain script '/home/hady/teleop/gbot_ws/install/setup.ps1'
[158.063s] INFO:colcon.colcon_core.shell:Creating prefix script '/home/hady/teleop/gbot_ws/install/local_setup.sh'
[158.069s] INFO:colcon.colcon_core.shell:Creating prefix util module '/home/hady/teleop/gbot_ws/install/_local_setup_util_sh.py'
[158.072s] INFO:colcon.colcon_core.shell:Creating prefix chain script '/home/hady/teleop/gbot_ws/install/setup.sh'
[158.081s] INFO:colcon.colcon_core.shell:Creating prefix script '/home/hady/teleop/gbot_ws/install/local_setup.bash'
[158.084s] INFO:colcon.colcon_core.shell:Creating prefix chain script '/home/hady/teleop/gbot_ws/install/setup.bash'
[158.086s] INFO:colcon.colcon_core.shell:Creating prefix script '/home/hady/teleop/gbot_ws/install/local_setup.zsh'
[158.087s] INFO:colcon.colcon_core.shell:Creating prefix chain script '/home/hady/teleop/gbot_ws/install/setup.zsh'
