In file included from [01m[K/home/hady/teleop/gbot_ws/libdatachannel/include/rtc/message.hpp:13[m[K,
                 from [01m[K/home/hady/teleop/gbot_ws/libdatachannel/include/rtc/mediahandler.hpp:15[m[K,
                 from [01m[K/home/hady/teleop/gbot_ws/libdatachannel/include/rtc/track.hpp:15[m[K,
                 from [01m[K/home/hady/teleop/gbot_ws/libdatachannel/include/rtc/peerconnection.hpp:18[m[K,
                 from [01m[K/home/hady/teleop/gbot_ws/libdatachannel/include/rtc/rtc.hpp:17[m[K,
                 from [01m[K/home/hady/teleop/gbot_ws/src/teleop/include/teleop/webrtc.hpp:8[m[K,
                 from [01m[K/home/hady/teleop/gbot_ws/src/teleop/src/webrtc.cpp:1[m[K:
[01m[K/home/hady/teleop/gbot_ws/libdatachannel/include/rtc/frameinfo.hpp:20:142:[m[K [01;35m[Kwarning: [m[Kextra ‘[01m[K;[m[K’ [[01;35m[K]8;;https://gcc.gnu.org/onlinedocs/gcc/Warning-Options.html#index-Wpedantic-Wpedantic]8;;[m[K]
   20 | (std::chrono::duration<double, Period> timestamp) : timestampSeconds(timestamp) {}[01;35m[K;[m[K
      |                                                                                   [01;35m[K^[m[K
      |                                                                                   [31m[K-[m[K
In file included from [01m[K/home/hady/teleop/gbot_ws/libdatachannel/include/rtc/message.hpp:13[m[K,
                 from [01m[K/home/hady/teleop/gbot_ws/libdatachannel/include/rtc/mediahandler.hpp:15[m[K,
                 from [01m[K/home/hady/teleop/gbot_ws/libdatachannel/include/rtc/track.hpp:15[m[K,
                 from [01m[K/home/hady/teleop/gbot_ws/libdatachannel/include/rtc/peerconnection.hpp:18[m[K,
                 from [01m[K/home/hady/teleop/gbot_ws/libdatachannel/include/rtc/rtc.hpp:17[m[K,
                 from [01m[K/home/hady/teleop/gbot_ws/src/teleop/include/teleop/webrtc.hpp:8[m[K,
                 from [01m[K/home/hady/teleop/gbot_ws/src/teleop/src/image_subscriber.cpp:7[m[K:
[01m[K/home/hady/teleop/gbot_ws/libdatachannel/include/rtc/frameinfo.hpp:20:142:[m[K [01;35m[Kwarning: [m[Kextra ‘[01m[K;[m[K’ [[01;35m[K]8;;https://gcc.gnu.org/onlinedocs/gcc/Warning-Options.html#index-Wpedantic-Wpedantic]8;;[m[K]
   20 | (std::chrono::duration<double, Period> timestamp) : timestampSeconds(timestamp) {}[01;35m[K;[m[K
      |                                                                                   [01;35m[K^[m[K
      |                                                                                   [31m[K-[m[K
/usr/bin/ld: CMakeFiles/image_subscriber.dir/src/image_subscriber.cpp.o: undefined reference to symbol '_ZNK3rtc11DataChannel8isClosedEv'
/usr/bin/ld: /home/hady/teleop/gbot_ws/build/teleop/libdatachannel/libdatachannel.so.0.22: error adding symbols: DSO missing from command line
collect2: error: ld returned 1 exit status
gmake[2]: *** [CMakeFiles/image_subscriber.dir/build.make:233: image_subscriber] Error 1
gmake[1]: *** [CMakeFiles/Makefile2:247: CMakeFiles/image_subscriber.dir/all] Error 2
gmake: *** [Makefile:146: all] Error 2
