[0.031s] Invoking command in '/home/hady/teleop/gbot_ws/build/teleop': CMAKE_PREFIX_PATH=/opt/ros/humble /usr/bin/cmake --build /home/hady/teleop/gbot_ws/build/teleop -- -j8 -l8
[0.085s] -- Found ament_cmake: 1.3.11 (/opt/ros/humble/share/ament_cmake/cmake)
[0.319s] -- Found rclcpp: 16.0.11 (/opt/ros/humble/share/rclcpp/cmake)
[0.380s] -- Found rosidl_generator_c: 3.1.6 (/opt/ros/humble/share/rosidl_generator_c/cmake)
[0.384s] -- Found rosidl_adapter: 3.1.6 (/opt/ros/humble/share/rosidl_adapter/cmake)
[0.395s] -- Found rosidl_generator_cpp: 3.1.6 (/opt/ros/humble/share/rosidl_generator_cpp/cmake)
[0.416s] -- Using all available rosidl_typesupport_c: rosidl_typesupport_fastrtps_c;rosidl_typesupport_introspection_c
[0.437s] -- Using all available rosidl_typesupport_cpp: rosidl_typesupport_fastrtps_cpp;rosidl_typesupport_introspection_cpp
[0.491s] -- Found rmw_implementation_cmake: 6.1.2 (/opt/ros/humble/share/rmw_implementation_cmake/cmake)
[0.493s] -- Found rmw_fastrtps_cpp: 6.2.7 (/opt/ros/humble/share/rmw_fastrtps_cpp/cmake)
[0.658s] -- Using RMW implementation 'rmw_fastrtps_cpp' as default
[0.732s] -- Found sensor_msgs: 4.2.4 (/opt/ros/humble/share/sensor_msgs/cmake)
[0.778s] -- Found cv_bridge: 3.2.1 (/opt/ros/humble/share/cv_bridge/cmake)
[0.794s] -- Found image_transport: 3.1.10 (/opt/ros/humble/share/image_transport/cmake)
[0.867s] -- Found nlohmann_json: /usr/lib/cmake/nlohmann_json/nlohmann_jsonConfig.cmake (found version "3.10.5") 
[0.882s] -- No build type selected, using DEBUG
[0.886s] -- Compiler flags (CMAKE_C_FLAGS):  -std=c99 -pedantic -Wall -Wextra -Wfloat-equal -Wshadow -Wpointer-arith -Wunreachable-code -Winit-self -Wno-unused-function -Wno-unused-parameter -Wno-unreachable-code -Wstrict-prototypes
[0.929s] -- Found ament_lint_auto: 0.12.11 (/opt/ros/humble/share/ament_lint_auto/cmake)
[1.073s] -- Added test 'cppcheck' to perform static code analysis on C / C++ code
[1.073s] -- Configured cppcheck include dirs: /home/hady/teleop/gbot_ws/src/teleop/include
[1.073s] -- Configured cppcheck exclude dirs and/or files: 
[1.074s] -- Added test 'lint_cmake' to check CMake code style
[1.075s] -- Added test 'uncrustify' to check C / C++ code style
[1.075s] -- Configured uncrustify additional arguments: 
[1.075s] -- Added test 'xmllint' to check XML markup files
[1.077s] -- Configuring done
[1.166s] -- Generating done
[1.186s] -- Build files have been written to: /home/hady/teleop/gbot_ws/build/teleop
[1.290s] [35m[1mConsolidate compiler generated dependencies of target usrsctp[0m
[1.305s] [35m[1mConsolidate compiler generated dependencies of target juice[0m
[1.358s] [ 19%] Built target juice
[1.360s] [ 40%] Built target usrsctp
[1.424s] [35m[1mConsolidate compiler generated dependencies of target datachannel[0m
[1.573s] [ 94%] Built target datachannel
[1.649s] [ 96%] [32mBuilding CXX object CMakeFiles/webrtc_lib.dir/src/webrtc.cpp.o[0m
[5.028s] In file included from [01m[K/home/hady/teleop/gbot_ws/libdatachannel/include/rtc/message.hpp:13[m[K,
[5.028s]                  from [01m[K/home/hady/teleop/gbot_ws/libdatachannel/include/rtc/mediahandler.hpp:15[m[K,
[5.029s]                  from [01m[K/home/hady/teleop/gbot_ws/libdatachannel/include/rtc/track.hpp:15[m[K,
[5.029s]                  from [01m[K/home/hady/teleop/gbot_ws/libdatachannel/include/rtc/peerconnection.hpp:18[m[K,
[5.030s]                  from [01m[K/home/hady/teleop/gbot_ws/libdatachannel/include/rtc/rtc.hpp:17[m[K,
[5.030s]                  from [01m[K/home/hady/teleop/gbot_ws/src/teleop/include/teleop/webrtc.hpp:8[m[K,
[5.030s]                  from [01m[K/home/hady/teleop/gbot_ws/src/teleop/src/webrtc.cpp:1[m[K:
[5.031s] [01m[K/home/hady/teleop/gbot_ws/libdatachannel/include/rtc/frameinfo.hpp:20:142:[m[K [01;35m[Kwarning: [m[Kextra ‘[01m[K;[m[K’ [[01;35m[K]8;;https://gcc.gnu.org/onlinedocs/gcc/Warning-Options.html#index-Wpedantic-Wpedantic]8;;[m[K]
[5.031s]    20 | (std::chrono::duration<double, Period> timestamp) : timestampSeconds(timestamp) {}[01;35m[K;[m[K
[5.032s]       |                                                                                   [01;35m[K^[m[K
[5.032s]       |                                                                                   [31m[K-[m[K
[21.319s] [ 98%] [32m[1mLinking CXX shared library libwebrtc_lib.so[0m
[22.775s] [ 98%] Built target webrtc_lib
[22.841s] [ 98%] [32mBuilding CXX object CMakeFiles/image_subscriber.dir/src/image_subscriber.cpp.o[0m
[29.226s] In file included from [01m[K/home/hady/teleop/gbot_ws/libdatachannel/include/rtc/message.hpp:13[m[K,
[29.226s]                  from [01m[K/home/hady/teleop/gbot_ws/libdatachannel/include/rtc/mediahandler.hpp:15[m[K,
[29.227s]                  from [01m[K/home/hady/teleop/gbot_ws/libdatachannel/include/rtc/track.hpp:15[m[K,
[29.227s]                  from [01m[K/home/hady/teleop/gbot_ws/libdatachannel/include/rtc/peerconnection.hpp:18[m[K,
[29.227s]                  from [01m[K/home/hady/teleop/gbot_ws/libdatachannel/include/rtc/rtc.hpp:17[m[K,
[29.228s]                  from [01m[K/home/hady/teleop/gbot_ws/src/teleop/include/teleop/webrtc.hpp:8[m[K,
[29.228s]                  from [01m[K/home/hady/teleop/gbot_ws/src/teleop/src/image_subscriber.cpp:7[m[K:
[29.228s] [01m[K/home/hady/teleop/gbot_ws/libdatachannel/include/rtc/frameinfo.hpp:20:142:[m[K [01;35m[Kwarning: [m[Kextra ‘[01m[K;[m[K’ [[01;35m[K]8;;https://gcc.gnu.org/onlinedocs/gcc/Warning-Options.html#index-Wpedantic-Wpedantic]8;;[m[K]
[29.229s]    20 | (std::chrono::duration<double, Period> timestamp) : timestampSeconds(timestamp) {}[01;35m[K;[m[K
[29.229s]       |                                                                                   [01;35m[K^[m[K
[29.230s]       |                                                                                   [31m[K-[m[K
[42.344s] [100%] [32m[1mLinking CXX executable image_subscriber[0m
[43.403s] /usr/bin/ld: CMakeFiles/image_subscriber.dir/src/image_subscriber.cpp.o: undefined reference to symbol '_ZNK3rtc11DataChannel8isClosedEv'
[43.404s] /usr/bin/ld: /home/hady/teleop/gbot_ws/build/teleop/libdatachannel/libdatachannel.so.0.22: error adding symbols: DSO missing from command line
[43.411s] collect2: error: ld returned 1 exit status
[43.415s] gmake[2]: *** [CMakeFiles/image_subscriber.dir/build.make:233: image_subscriber] Error 1
[43.415s] gmake[1]: *** [CMakeFiles/Makefile2:247: CMakeFiles/image_subscriber.dir/all] Error 2
[43.417s] gmake: *** [Makefile:146: all] Error 2
[43.434s] Invoked command in '/home/hady/teleop/gbot_ws/build/teleop' returned '2': CMAKE_PREFIX_PATH=/opt/ros/humble /usr/bin/cmake --build /home/hady/teleop/gbot_ws/build/teleop -- -j8 -l8
