[0.019s] Invoking command in '/home/hady/teleop/gbot_ws/build/teleop': CMAKE_PREFIX_PATH=/opt/ros/humble /usr/bin/cmake --build /home/hady/teleop/gbot_ws/build/teleop -- -j8 -l8
[0.092s] -- Found ament_cmake: 1.3.11 (/opt/ros/humble/share/ament_cmake/cmake)
[0.363s] -- Found rclcpp: 16.0.11 (/opt/ros/humble/share/rclcpp/cmake)
[0.405s] -- Found rosidl_generator_c: 3.1.6 (/opt/ros/humble/share/rosidl_generator_c/cmake)
[0.409s] -- Found rosidl_adapter: 3.1.6 (/opt/ros/humble/share/rosidl_adapter/cmake)
[0.418s] -- Found rosidl_generator_cpp: 3.1.6 (/opt/ros/humble/share/rosidl_generator_cpp/cmake)
[0.432s] -- Using all available rosidl_typesupport_c: rosidl_typesupport_fastrtps_c;rosidl_typesupport_introspection_c
[0.450s] -- Using all available rosidl_typesupport_cpp: rosidl_typesupport_fastrtps_cpp;rosidl_typesupport_introspection_cpp
[0.496s] -- Found rmw_implementation_cmake: 6.1.2 (/opt/ros/humble/share/rmw_implementation_cmake/cmake)
[0.498s] -- Found rmw_fastrtps_cpp: 6.2.7 (/opt/ros/humble/share/rmw_fastrtps_cpp/cmake)
[0.678s] -- Using RMW implementation 'rmw_fastrtps_cpp' as default
[0.756s] -- Found sensor_msgs: 4.2.4 (/opt/ros/humble/share/sensor_msgs/cmake)
[0.800s] -- Found cv_bridge: 3.2.1 (/opt/ros/humble/share/cv_bridge/cmake)
[0.814s] -- Found image_transport: 3.1.10 (/opt/ros/humble/share/image_transport/cmake)
[0.894s] -- No build type selected, using DEBUG
[0.898s] -- Compiler flags (CMAKE_C_FLAGS):  -std=c99 -pedantic -Wall -Wextra -Wfloat-equal -Wshadow -Wpointer-arith -Wunreachable-code -Winit-self -Wno-unused-function -Wno-unused-parameter -Wno-unreachable-code -Wstrict-prototypes
[0.938s] -- Found ament_lint_auto: 0.12.11 (/opt/ros/humble/share/ament_lint_auto/cmake)
[1.081s] -- Added test 'cppcheck' to perform static code analysis on C / C++ code
[1.082s] -- Configured cppcheck include dirs: /home/hady/teleop/gbot_ws/src/teleop/include
[1.082s] -- Configured cppcheck exclude dirs and/or files: 
[1.083s] -- Added test 'lint_cmake' to check CMake code style
[1.083s] -- Added test 'uncrustify' to check C / C++ code style
[1.084s] -- Configured uncrustify additional arguments: 
[1.084s] -- Added test 'xmllint' to check XML markup files
[1.085s] -- Configuring done
[1.175s] -- Generating done
[1.195s] -- Build files have been written to: /home/hady/teleop/gbot_ws/build/teleop
[1.320s] [35m[1mConsolidate compiler generated dependencies of target juice[0m
[1.324s] [35m[1mConsolidate compiler generated dependencies of target usrsctp[0m
[1.384s] [ 19%] Built target juice
[1.395s] [ 40%] Built target usrsctp
[1.460s] [35m[1mConsolidate compiler generated dependencies of target datachannel[0m
[1.599s] [ 94%] Built target datachannel
[1.638s] [35m[1mConsolidate compiler generated dependencies of target webrtc_lib[0m
[1.717s] [ 98%] Built target webrtc_lib
[1.764s] [35m[1mConsolidate compiler generated dependencies of target image_subscriber[0m
[1.846s] [100%] [32m[1mLinking CXX executable image_subscriber[0m
[2.882s] /usr/bin/ld: CMakeFiles/image_subscriber.dir/src/image_subscriber.cpp.o: undefined reference to symbol '_ZNK3rtc11DataChannel8isClosedEv'
[2.882s] /usr/bin/ld: /home/hady/teleop/gbot_ws/build/teleop/libdatachannel/libdatachannel.so.0.22: error adding symbols: DSO missing from command line
[2.888s] collect2: error: ld returned 1 exit status
[2.894s] gmake[2]: *** [CMakeFiles/image_subscriber.dir/build.make:233: image_subscriber] Error 1
[2.894s] gmake[1]: *** [CMakeFiles/Makefile2:247: CMakeFiles/image_subscriber.dir/all] Error 2
[2.895s] gmake: *** [Makefile:146: all] Error 2
[2.899s] Invoked command in '/home/hady/teleop/gbot_ws/build/teleop' returned '2': CMAKE_PREFIX_PATH=/opt/ros/humble /usr/bin/cmake --build /home/hady/teleop/gbot_ws/build/teleop -- -j8 -l8
