[0.021s] Invoking command in '/home/hady/teleop/gbot_ws/build/gbot_navigation': CMAKE_PREFIX_PATH=/opt/ros/humble /usr/bin/cmake /home/hady/teleop/gbot_ws/src/gbot_navigation -DCMAKE_INSTALL_PREFIX=/home/hady/teleop/gbot_ws/install/gbot_navigation
[0.191s] -- The C compiler identification is GNU 11.4.0
[0.353s] -- The CXX compiler identification is GNU 11.4.0
[0.365s] -- Detecting C compiler ABI info
[0.589s] -- Detecting C compiler ABI info - done
[0.601s] -- Check for working C compiler: /usr/bin/cc - skipped
[0.601s] -- Detecting C compile features
[0.602s] -- Detecting C compile features - done
[0.609s] -- Detecting CXX compiler ABI info
[0.881s] -- Detecting CXX compiler ABI info - done
[0.893s] -- Check for working CXX compiler: /usr/bin/c++ - skipped
[0.894s] -- Detecting CXX compile features
[0.894s] -- Detecting CXX compile features - done
[0.899s] -- Found ament_cmake: 1.3.11 (/opt/ros/humble/share/ament_cmake/cmake)
[1.250s] -- Found Python3: /usr/bin/python3 (found version "3.10.12") found components: Interpreter 
[1.419s] -- Found rclcpp: 16.0.11 (/opt/ros/humble/share/rclcpp/cmake)
[1.485s] -- Found rosidl_generator_c: 3.1.6 (/opt/ros/humble/share/rosidl_generator_c/cmake)
[1.492s] -- Found rosidl_adapter: 3.1.6 (/opt/ros/humble/share/rosidl_adapter/cmake)
[1.506s] -- Found rosidl_generator_cpp: 3.1.6 (/opt/ros/humble/share/rosidl_generator_cpp/cmake)
[1.528s] -- Using all available rosidl_typesupport_c: rosidl_typesupport_fastrtps_c;rosidl_typesupport_introspection_c
[1.555s] -- Using all available rosidl_typesupport_cpp: rosidl_typesupport_fastrtps_cpp;rosidl_typesupport_introspection_cpp
[1.630s] -- Found rmw_implementation_cmake: 6.1.2 (/opt/ros/humble/share/rmw_implementation_cmake/cmake)
[1.633s] -- Found rmw_fastrtps_cpp: 6.2.7 (/opt/ros/humble/share/rmw_fastrtps_cpp/cmake)
[1.841s] -- Found OpenSSL: /usr/lib/aarch64-linux-gnu/libcrypto.so (found version "3.0.2")  
[1.896s] -- Found FastRTPS: /opt/ros/humble/include  
[1.980s] -- Using RMW implementation 'rmw_fastrtps_cpp' as default
[1.995s] -- Looking for pthread.h
[2.249s] -- Looking for pthread.h - found
[2.249s] -- Performing Test CMAKE_HAVE_LIBC_PTHREAD
[2.513s] -- Performing Test CMAKE_HAVE_LIBC_PTHREAD - Success
[2.518s] -- Found Threads: TRUE  
[2.638s] -- Found ament_lint_auto: 0.12.11 (/opt/ros/humble/share/ament_lint_auto/cmake)
[2.815s] -- Added test 'cppcheck' to perform static code analysis on C / C++ code
[2.815s] -- Configured cppcheck include dirs: /home/hady/teleop/gbot_ws/src/gbot_navigation/include
[2.816s] -- Configured cppcheck exclude dirs and/or files: 
[2.816s] -- Added test 'lint_cmake' to check CMake code style
[2.817s] -- Added test 'uncrustify' to check C / C++ code style
[2.817s] -- Configured uncrustify additional arguments: 
[2.818s] -- Added test 'xmllint' to check XML markup files
[2.821s] -- Configuring done
[2.842s] -- Generating done
[2.848s] -- Build files have been written to: /home/hady/teleop/gbot_ws/build/gbot_navigation
[2.881s] Invoked command in '/home/hady/teleop/gbot_ws/build/gbot_navigation' returned '0': CMAKE_PREFIX_PATH=/opt/ros/humble /usr/bin/cmake /home/hady/teleop/gbot_ws/src/gbot_navigation -DCMAKE_INSTALL_PREFIX=/home/hady/teleop/gbot_ws/install/gbot_navigation
[2.886s] Invoking command in '/home/hady/teleop/gbot_ws/build/gbot_navigation': CMAKE_PREFIX_PATH=/opt/ros/humble /usr/bin/cmake --build /home/hady/teleop/gbot_ws/build/gbot_navigation -- -j8 -l8
[3.048s] [ 25%] [32mBuilding CXX object CMakeFiles/path_planner.dir/src/object_subscriber.cpp.o[0m
[3.062s] [ 75%] [32mBuilding CXX object CMakeFiles/path_planner.dir/src/coordinates.cpp.o[0m
[3.062s] [ 75%] [32mBuilding CXX object CMakeFiles/path_planner.dir/src/main.cpp.o[0m
[17.198s] [100%] [32m[1mLinking CXX executable path_planner[0m
[18.038s] [100%] Built target path_planner
