[0.148s] DEBUG:colcon:Command line arguments: ['/usr/bin/colcon', 'build']
[0.148s] DEBUG:colcon:Parsed command line arguments: Namespace(log_base=None, log_level=None, verb_name='build', build_base='build', install_base='install', merge_install=False, symlink_install=False, test_result_base=None, continue_on_error=False, executor='parallel', parallel_workers=8, event_handlers=None, ignore_user_meta=False, metas=['./colcon.meta'], base_paths=['.'], packages_ignore=None, packages_ignore_regex=None, paths=None, packages_up_to=None, packages_up_to_regex=None, packages_above=None, packages_above_and_dependencies=None, packages_above_depth=None, packages_select_by_dep=None, packages_skip_by_dep=None, packages_skip_up_to=None, packages_select_build_failed=False, packages_skip_build_finished=False, packages_select_test_failures=False, packages_skip_test_passed=False, packages_select=None, packages_skip=None, packages_select_regex=None, packages_skip_regex=None, packages_start=None, packages_end=None, allow_overriding=[], cmake_args=None, cmake_target=None, cmake_target_skip_unavailable=False, cmake_clean_cache=False, cmake_clean_first=False, cmake_force_configure=False, ament_cmake_args=None, catkin_cmake_args=None, catkin_skip_building_tests=False, mixin_files=None, mixin=None, verb_parser=<colcon_mixin.mixin.mixin_argument.MixinArgumentDecorator object at 0xffff981cd810>, verb_extension=<colcon_core.verb.build.BuildVerb object at 0xffff981cd210>, main=<bound method BuildVerb.main of <colcon_core.verb.build.BuildVerb object at 0xffff981cd210>>, mixin_verb=('build',))
[0.380s] Level 1:colcon.colcon_core.package_discovery:discover_packages(colcon_meta) check parameters
[0.380s] Level 1:colcon.colcon_core.package_discovery:discover_packages(recursive) check parameters
[0.380s] Level 1:colcon.colcon_core.package_discovery:discover_packages(ignore) check parameters
[0.380s] Level 1:colcon.colcon_core.package_discovery:discover_packages(path) check parameters
[0.380s] Level 1:colcon.colcon_core.package_discovery:discover_packages(colcon_meta) discover
[0.380s] Level 1:colcon.colcon_core.package_discovery:discover_packages(recursive) discover
[0.380s] INFO:colcon.colcon_core.package_discovery:Crawling recursively for packages in '/home/hady/teleop/gbot_ws'
[0.381s] Level 1:colcon.colcon_core.package_identification:_identify(.) by extensions ['ignore', 'ignore_ament_install']
[0.381s] Level 1:colcon.colcon_core.package_identification:_identify(.) by extension 'ignore'
[0.381s] Level 1:colcon.colcon_core.package_identification:_identify(.) by extension 'ignore_ament_install'
[0.381s] Level 1:colcon.colcon_core.package_identification:_identify(.) by extensions ['colcon_pkg']
[0.381s] Level 1:colcon.colcon_core.package_identification:_identify(.) by extension 'colcon_pkg'
[0.381s] Level 1:colcon.colcon_core.package_identification:_identify(.) by extensions ['colcon_meta']
[0.381s] Level 1:colcon.colcon_core.package_identification:_identify(.) by extension 'colcon_meta'
[0.381s] Level 1:colcon.colcon_core.package_identification:_identify(.) by extensions ['ros']
[0.381s] Level 1:colcon.colcon_core.package_identification:_identify(.) by extension 'ros'
[0.396s] Level 1:colcon.colcon_core.package_identification:_identify(.) by extensions ['cmake', 'python']
[0.397s] Level 1:colcon.colcon_core.package_identification:_identify(.) by extension 'cmake'
[0.397s] Level 1:colcon.colcon_core.package_identification:_identify(.) by extension 'python'
[0.397s] Level 1:colcon.colcon_core.package_identification:_identify(.) by extensions ['python_setup_py']
[0.397s] Level 1:colcon.colcon_core.package_identification:_identify(.) by extension 'python_setup_py'
[0.397s] Level 1:colcon.colcon_core.package_identification:_identify(build) by extensions ['ignore', 'ignore_ament_install']
[0.397s] Level 1:colcon.colcon_core.package_identification:_identify(build) by extension 'ignore'
[0.397s] Level 1:colcon.colcon_core.package_identification:_identify(build) ignored
[0.397s] Level 1:colcon.colcon_core.package_identification:_identify(install) by extensions ['ignore', 'ignore_ament_install']
[0.398s] Level 1:colcon.colcon_core.package_identification:_identify(install) by extension 'ignore'
[0.398s] Level 1:colcon.colcon_core.package_identification:_identify(install) ignored
[0.398s] Level 1:colcon.colcon_core.package_identification:_identify(libdatachannel) by extensions ['ignore', 'ignore_ament_install']
[0.398s] Level 1:colcon.colcon_core.package_identification:_identify(libdatachannel) by extension 'ignore'
[0.398s] Level 1:colcon.colcon_core.package_identification:_identify(libdatachannel) by extension 'ignore_ament_install'
[0.398s] Level 1:colcon.colcon_core.package_identification:_identify(libdatachannel) by extensions ['colcon_pkg']
[0.398s] Level 1:colcon.colcon_core.package_identification:_identify(libdatachannel) by extension 'colcon_pkg'
[0.398s] Level 1:colcon.colcon_core.package_identification:_identify(libdatachannel) by extensions ['colcon_meta']
[0.398s] Level 1:colcon.colcon_core.package_identification:_identify(libdatachannel) by extension 'colcon_meta'
[0.398s] Level 1:colcon.colcon_core.package_identification:_identify(libdatachannel) by extensions ['ros']
[0.398s] Level 1:colcon.colcon_core.package_identification:_identify(libdatachannel) by extension 'ros'
[0.398s] Level 1:colcon.colcon_core.package_identification:_identify(libdatachannel) by extensions ['cmake', 'python']
[0.398s] Level 1:colcon.colcon_core.package_identification:_identify(libdatachannel) by extension 'cmake'
[0.480s] Level 1:colcon.colcon_core.package_identification:_identify(libdatachannel) by extension 'python'
[0.480s] DEBUG:colcon.colcon_core.package_identification:Package 'libdatachannel' with type 'cmake' and name 'libdatachannel'
[0.481s] Level 1:colcon.colcon_core.package_identification:_identify(log) by extensions ['ignore', 'ignore_ament_install']
[0.481s] Level 1:colcon.colcon_core.package_identification:_identify(log) by extension 'ignore'
[0.481s] Level 1:colcon.colcon_core.package_identification:_identify(log) ignored
[0.481s] Level 1:colcon.colcon_core.package_identification:_identify(src) by extensions ['ignore', 'ignore_ament_install']
[0.481s] Level 1:colcon.colcon_core.package_identification:_identify(src) by extension 'ignore'
[0.481s] Level 1:colcon.colcon_core.package_identification:_identify(src) by extension 'ignore_ament_install'
[0.481s] Level 1:colcon.colcon_core.package_identification:_identify(src) by extensions ['colcon_pkg']
[0.481s] Level 1:colcon.colcon_core.package_identification:_identify(src) by extension 'colcon_pkg'
[0.481s] Level 1:colcon.colcon_core.package_identification:_identify(src) by extensions ['colcon_meta']
[0.481s] Level 1:colcon.colcon_core.package_identification:_identify(src) by extension 'colcon_meta'
[0.481s] Level 1:colcon.colcon_core.package_identification:_identify(src) by extensions ['ros']
[0.481s] Level 1:colcon.colcon_core.package_identification:_identify(src) by extension 'ros'
[0.481s] Level 1:colcon.colcon_core.package_identification:_identify(src) by extensions ['cmake', 'python']
[0.481s] Level 1:colcon.colcon_core.package_identification:_identify(src) by extension 'cmake'
[0.481s] Level 1:colcon.colcon_core.package_identification:_identify(src) by extension 'python'
[0.482s] Level 1:colcon.colcon_core.package_identification:_identify(src) by extensions ['python_setup_py']
[0.482s] Level 1:colcon.colcon_core.package_identification:_identify(src) by extension 'python_setup_py'
[0.482s] Level 1:colcon.colcon_core.package_identification:_identify(src/gbot_navigation) by extensions ['ignore', 'ignore_ament_install']
[0.482s] Level 1:colcon.colcon_core.package_identification:_identify(src/gbot_navigation) by extension 'ignore'
[0.482s] Level 1:colcon.colcon_core.package_identification:_identify(src/gbot_navigation) by extension 'ignore_ament_install'
[0.482s] Level 1:colcon.colcon_core.package_identification:_identify(src/gbot_navigation) by extensions ['colcon_pkg']
[0.482s] Level 1:colcon.colcon_core.package_identification:_identify(src/gbot_navigation) by extension 'colcon_pkg'
[0.482s] Level 1:colcon.colcon_core.package_identification:_identify(src/gbot_navigation) by extensions ['colcon_meta']
[0.482s] Level 1:colcon.colcon_core.package_identification:_identify(src/gbot_navigation) by extension 'colcon_meta'
[0.482s] Level 1:colcon.colcon_core.package_identification:_identify(src/gbot_navigation) by extensions ['ros']
[0.482s] Level 1:colcon.colcon_core.package_identification:_identify(src/gbot_navigation) by extension 'ros'
[0.486s] DEBUG:colcon.colcon_core.package_identification:Package 'src/gbot_navigation' with type 'ros.ament_cmake' and name 'gbot_navigation'
[0.486s] Level 1:colcon.colcon_core.package_identification:_identify(src/teleop) by extensions ['ignore', 'ignore_ament_install']
[0.486s] Level 1:colcon.colcon_core.package_identification:_identify(src/teleop) by extension 'ignore'
[0.486s] Level 1:colcon.colcon_core.package_identification:_identify(src/teleop) by extension 'ignore_ament_install'
[0.487s] Level 1:colcon.colcon_core.package_identification:_identify(src/teleop) by extensions ['colcon_pkg']
[0.487s] Level 1:colcon.colcon_core.package_identification:_identify(src/teleop) by extension 'colcon_pkg'
[0.487s] Level 1:colcon.colcon_core.package_identification:_identify(src/teleop) by extensions ['colcon_meta']
[0.487s] Level 1:colcon.colcon_core.package_identification:_identify(src/teleop) by extension 'colcon_meta'
[0.487s] Level 1:colcon.colcon_core.package_identification:_identify(src/teleop) by extensions ['ros']
[0.487s] Level 1:colcon.colcon_core.package_identification:_identify(src/teleop) by extension 'ros'
[0.489s] DEBUG:colcon.colcon_core.package_identification:Package 'src/teleop' with type 'ros.ament_cmake' and name 'teleop'
[0.489s] Level 1:colcon.colcon_core.package_discovery:discover_packages(recursive) using defaults
[0.489s] Level 1:colcon.colcon_core.package_discovery:discover_packages(ignore) discover
[0.489s] Level 1:colcon.colcon_core.package_discovery:discover_packages(ignore) using defaults
[0.489s] Level 1:colcon.colcon_core.package_discovery:discover_packages(path) discover
[0.489s] Level 1:colcon.colcon_core.package_discovery:discover_packages(path) using defaults
[0.544s] Level 1:colcon.colcon_core.package_discovery:discover_packages(prefix_path) check parameters
[0.544s] Level 1:colcon.colcon_core.package_discovery:discover_packages(prefix_path) discover
[0.547s] DEBUG:colcon.colcon_installed_package_information.package_discovery:Found 271 installed packages in /opt/ros/humble
[0.549s] Level 1:colcon.colcon_core.package_discovery:discover_packages(prefix_path) using defaults
[0.600s] Level 5:colcon.colcon_core.verb:set package 'gbot_navigation' build argument 'cmake_args' from command line to 'None'
[0.600s] Level 5:colcon.colcon_core.verb:set package 'gbot_navigation' build argument 'cmake_target' from command line to 'None'
[0.600s] Level 5:colcon.colcon_core.verb:set package 'gbot_navigation' build argument 'cmake_target_skip_unavailable' from command line to 'False'
[0.600s] Level 5:colcon.colcon_core.verb:set package 'gbot_navigation' build argument 'cmake_clean_cache' from command line to 'False'
[0.600s] Level 5:colcon.colcon_core.verb:set package 'gbot_navigation' build argument 'cmake_clean_first' from command line to 'False'
[0.600s] Level 5:colcon.colcon_core.verb:set package 'gbot_navigation' build argument 'cmake_force_configure' from command line to 'False'
[0.600s] Level 5:colcon.colcon_core.verb:set package 'gbot_navigation' build argument 'ament_cmake_args' from command line to 'None'
[0.600s] Level 5:colcon.colcon_core.verb:set package 'gbot_navigation' build argument 'catkin_cmake_args' from command line to 'None'
[0.600s] Level 5:colcon.colcon_core.verb:set package 'gbot_navigation' build argument 'catkin_skip_building_tests' from command line to 'False'
[0.600s] DEBUG:colcon.colcon_core.verb:Building package 'gbot_navigation' with the following arguments: {'ament_cmake_args': None, 'build_base': '/home/hady/teleop/gbot_ws/build/gbot_navigation', 'catkin_cmake_args': None, 'catkin_skip_building_tests': False, 'cmake_args': None, 'cmake_clean_cache': False, 'cmake_clean_first': False, 'cmake_force_configure': False, 'cmake_target': None, 'cmake_target_skip_unavailable': False, 'install_base': '/home/hady/teleop/gbot_ws/install/gbot_navigation', 'merge_install': False, 'path': '/home/hady/teleop/gbot_ws/src/gbot_navigation', 'symlink_install': False, 'test_result_base': None}
[0.601s] Level 5:colcon.colcon_core.verb:set package 'libdatachannel' build argument 'cmake_args' from command line to 'None'
[0.601s] Level 5:colcon.colcon_core.verb:set package 'libdatachannel' build argument 'cmake_target' from command line to 'None'
[0.601s] Level 5:colcon.colcon_core.verb:set package 'libdatachannel' build argument 'cmake_target_skip_unavailable' from command line to 'False'
[0.601s] Level 5:colcon.colcon_core.verb:set package 'libdatachannel' build argument 'cmake_clean_cache' from command line to 'False'
[0.601s] Level 5:colcon.colcon_core.verb:set package 'libdatachannel' build argument 'cmake_clean_first' from command line to 'False'
[0.601s] Level 5:colcon.colcon_core.verb:set package 'libdatachannel' build argument 'cmake_force_configure' from command line to 'False'
[0.601s] Level 5:colcon.colcon_core.verb:set package 'libdatachannel' build argument 'ament_cmake_args' from command line to 'None'
[0.601s] Level 5:colcon.colcon_core.verb:set package 'libdatachannel' build argument 'catkin_cmake_args' from command line to 'None'
[0.601s] Level 5:colcon.colcon_core.verb:set package 'libdatachannel' build argument 'catkin_skip_building_tests' from command line to 'False'
[0.601s] DEBUG:colcon.colcon_core.verb:Building package 'libdatachannel' with the following arguments: {'ament_cmake_args': None, 'build_base': '/home/hady/teleop/gbot_ws/build/libdatachannel', 'catkin_cmake_args': None, 'catkin_skip_building_tests': False, 'cmake_args': None, 'cmake_clean_cache': False, 'cmake_clean_first': False, 'cmake_force_configure': False, 'cmake_target': None, 'cmake_target_skip_unavailable': False, 'install_base': '/home/hady/teleop/gbot_ws/install/libdatachannel', 'merge_install': False, 'path': '/home/hady/teleop/gbot_ws/libdatachannel', 'symlink_install': False, 'test_result_base': None}
[0.602s] Level 5:colcon.colcon_core.verb:set package 'teleop' build argument 'cmake_args' from command line to 'None'
[0.602s] Level 5:colcon.colcon_core.verb:set package 'teleop' build argument 'cmake_target' from command line to 'None'
[0.602s] Level 5:colcon.colcon_core.verb:set package 'teleop' build argument 'cmake_target_skip_unavailable' from command line to 'False'
[0.602s] Level 5:colcon.colcon_core.verb:set package 'teleop' build argument 'cmake_clean_cache' from command line to 'False'
[0.602s] Level 5:colcon.colcon_core.verb:set package 'teleop' build argument 'cmake_clean_first' from command line to 'False'
[0.602s] Level 5:colcon.colcon_core.verb:set package 'teleop' build argument 'cmake_force_configure' from command line to 'False'
[0.602s] Level 5:colcon.colcon_core.verb:set package 'teleop' build argument 'ament_cmake_args' from command line to 'None'
[0.602s] Level 5:colcon.colcon_core.verb:set package 'teleop' build argument 'catkin_cmake_args' from command line to 'None'
[0.602s] Level 5:colcon.colcon_core.verb:set package 'teleop' build argument 'catkin_skip_building_tests' from command line to 'False'
[0.602s] DEBUG:colcon.colcon_core.verb:Building package 'teleop' with the following arguments: {'ament_cmake_args': None, 'build_base': '/home/hady/teleop/gbot_ws/build/teleop', 'catkin_cmake_args': None, 'catkin_skip_building_tests': False, 'cmake_args': None, 'cmake_clean_cache': False, 'cmake_clean_first': False, 'cmake_force_configure': False, 'cmake_target': None, 'cmake_target_skip_unavailable': False, 'install_base': '/home/hady/teleop/gbot_ws/install/teleop', 'merge_install': False, 'path': '/home/hady/teleop/gbot_ws/src/teleop', 'symlink_install': False, 'test_result_base': None}
[0.602s] INFO:colcon.colcon_core.executor:Executing jobs using 'parallel' executor
[0.604s] DEBUG:colcon.colcon_parallel_executor.executor.parallel:run_until_complete
[0.604s] INFO:colcon.colcon_ros.task.ament_cmake.build:Building ROS package in '/home/hady/teleop/gbot_ws/src/gbot_navigation' with build type 'ament_cmake'
[0.605s] INFO:colcon.colcon_cmake.task.cmake.build:Building CMake package in '/home/hady/teleop/gbot_ws/src/gbot_navigation'
[0.608s] INFO:colcon.colcon_core.plugin_system:Skipping extension 'colcon_core.shell.bat': Not used on non-Windows systems
[0.608s] INFO:colcon.colcon_core.shell:Skip shell extension 'powershell' for command environment: Not usable outside of PowerShell
[0.608s] DEBUG:colcon.colcon_core.shell:Skip shell extension 'dsv' for command environment
[0.613s] INFO:colcon.colcon_cmake.task.cmake.build:Building CMake package in '/home/hady/teleop/gbot_ws/libdatachannel'
[0.614s] INFO:colcon.colcon_core.shell:Skip shell extension 'powershell' for command environment: Not usable outside of PowerShell
[0.614s] DEBUG:colcon.colcon_core.shell:Skip shell extension 'dsv' for command environment
[0.618s] INFO:colcon.colcon_ros.task.ament_cmake.build:Building ROS package in '/home/hady/teleop/gbot_ws/src/teleop' with build type 'ament_cmake'
[0.618s] INFO:colcon.colcon_cmake.task.cmake.build:Building CMake package in '/home/hady/teleop/gbot_ws/src/teleop'
[0.620s] INFO:colcon.colcon_core.shell:Skip shell extension 'powershell' for command environment: Not usable outside of PowerShell
[0.620s] DEBUG:colcon.colcon_core.shell:Skip shell extension 'dsv' for command environment
[0.642s] DEBUG:colcon.colcon_core.event_handler.log_command:Invoking command in '/home/hady/teleop/gbot_ws/build/gbot_navigation': CMAKE_PREFIX_PATH=/opt/ros/humble /usr/bin/cmake --build /home/hady/teleop/gbot_ws/build/gbot_navigation -- -j8 -l8
[0.653s] DEBUG:colcon.colcon_core.event_handler.log_command:Invoking command in '/home/hady/teleop/gbot_ws/build/libdatachannel': /usr/bin/cmake --build /home/hady/teleop/gbot_ws/build/libdatachannel -- -j8 -l8
[0.661s] DEBUG:colcon.colcon_core.event_handler.log_command:Invoking command in '/home/hady/teleop/gbot_ws/build/teleop': CMAKE_PREFIX_PATH=/opt/ros/humble /usr/bin/cmake /home/hady/teleop/gbot_ws/src/teleop -DCMAKE_INSTALL_PREFIX=/home/hady/teleop/gbot_ws/install/teleop
[0.802s] DEBUG:colcon.colcon_core.event_handler.log_command:Invoked command in '/home/hady/teleop/gbot_ws/build/gbot_navigation' returned '0': CMAKE_PREFIX_PATH=/opt/ros/humble /usr/bin/cmake --build /home/hady/teleop/gbot_ws/build/gbot_navigation -- -j8 -l8
[0.818s] DEBUG:colcon.colcon_core.event_handler.log_command:Invoking command in '/home/hady/teleop/gbot_ws/build/gbot_navigation': CMAKE_PREFIX_PATH=/opt/ros/humble /usr/bin/cmake --install /home/hady/teleop/gbot_ws/build/gbot_navigation
[0.853s] Level 1:colcon.colcon_core.environment:create_environment_scripts_only(gbot_navigation)
[0.855s] DEBUG:colcon.colcon_core.event_handler.log_command:Invoked command in '/home/hady/teleop/gbot_ws/build/gbot_navigation' returned '0': CMAKE_PREFIX_PATH=/opt/ros/humble /usr/bin/cmake --install /home/hady/teleop/gbot_ws/build/gbot_navigation
[0.858s] Level 1:colcon.colcon_core.environment:checking '/home/hady/teleop/gbot_ws/install/gbot_navigation' for CMake module files
[0.859s] Level 1:colcon.colcon_core.environment:checking '/home/hady/teleop/gbot_ws/install/gbot_navigation' for CMake config files
[0.859s] Level 1:colcon.colcon_core.shell:create_environment_hook('gbot_navigation', 'cmake_prefix_path')
[0.859s] INFO:colcon.colcon_core.shell:Creating environment hook '/home/hady/teleop/gbot_ws/install/gbot_navigation/share/gbot_navigation/hook/cmake_prefix_path.ps1'
[0.860s] INFO:colcon.colcon_core.shell:Creating environment descriptor '/home/hady/teleop/gbot_ws/install/gbot_navigation/share/gbot_navigation/hook/cmake_prefix_path.dsv'
[0.861s] INFO:colcon.colcon_core.shell:Creating environment hook '/home/hady/teleop/gbot_ws/install/gbot_navigation/share/gbot_navigation/hook/cmake_prefix_path.sh'
[0.862s] Level 1:colcon.colcon_core.environment:checking '/home/hady/teleop/gbot_ws/install/gbot_navigation/lib'
[0.863s] Level 1:colcon.colcon_core.environment:checking '/home/hady/teleop/gbot_ws/install/gbot_navigation/bin'
[0.863s] Level 1:colcon.colcon_core.environment:checking '/home/hady/teleop/gbot_ws/install/gbot_navigation/lib/pkgconfig/gbot_navigation.pc'
[0.863s] Level 1:colcon.colcon_core.environment:checking '/home/hady/teleop/gbot_ws/install/gbot_navigation/lib/python3.10/site-packages'
[0.863s] Level 1:colcon.colcon_core.environment:checking '/home/hady/teleop/gbot_ws/install/gbot_navigation/bin'
[0.864s] INFO:colcon.colcon_core.shell:Creating package script '/home/hady/teleop/gbot_ws/install/gbot_navigation/share/gbot_navigation/package.ps1'
[0.865s] INFO:colcon.colcon_core.shell:Creating package descriptor '/home/hady/teleop/gbot_ws/install/gbot_navigation/share/gbot_navigation/package.dsv'
[0.866s] INFO:colcon.colcon_core.shell:Creating package script '/home/hady/teleop/gbot_ws/install/gbot_navigation/share/gbot_navigation/package.sh'
[0.867s] INFO:colcon.colcon_core.shell:Creating package script '/home/hady/teleop/gbot_ws/install/gbot_navigation/share/gbot_navigation/package.bash'
[0.868s] INFO:colcon.colcon_core.shell:Creating package script '/home/hady/teleop/gbot_ws/install/gbot_navigation/share/gbot_navigation/package.zsh'
[0.869s] Level 1:colcon.colcon_core.environment:create_file_with_runtime_dependencies(/home/hady/teleop/gbot_ws/install/gbot_navigation/share/colcon-core/packages/gbot_navigation)
[0.870s] Level 1:colcon.colcon_core.environment:create_environment_scripts_only(gbot_navigation)
[0.870s] Level 1:colcon.colcon_core.environment:checking '/home/hady/teleop/gbot_ws/install/gbot_navigation' for CMake module files
[0.870s] Level 1:colcon.colcon_core.environment:checking '/home/hady/teleop/gbot_ws/install/gbot_navigation' for CMake config files
[0.871s] Level 1:colcon.colcon_core.shell:create_environment_hook('gbot_navigation', 'cmake_prefix_path')
[0.871s] INFO:colcon.colcon_core.shell:Creating environment hook '/home/hady/teleop/gbot_ws/install/gbot_navigation/share/gbot_navigation/hook/cmake_prefix_path.ps1'
[0.872s] INFO:colcon.colcon_core.shell:Creating environment descriptor '/home/hady/teleop/gbot_ws/install/gbot_navigation/share/gbot_navigation/hook/cmake_prefix_path.dsv'
[0.872s] INFO:colcon.colcon_core.shell:Creating environment hook '/home/hady/teleop/gbot_ws/install/gbot_navigation/share/gbot_navigation/hook/cmake_prefix_path.sh'
[0.873s] Level 1:colcon.colcon_core.environment:checking '/home/hady/teleop/gbot_ws/install/gbot_navigation/lib'
[0.873s] Level 1:colcon.colcon_core.environment:checking '/home/hady/teleop/gbot_ws/install/gbot_navigation/bin'
[0.873s] Level 1:colcon.colcon_core.environment:checking '/home/hady/teleop/gbot_ws/install/gbot_navigation/lib/pkgconfig/gbot_navigation.pc'
[0.873s] Level 1:colcon.colcon_core.environment:checking '/home/hady/teleop/gbot_ws/install/gbot_navigation/lib/python3.10/site-packages'
[0.874s] Level 1:colcon.colcon_core.environment:checking '/home/hady/teleop/gbot_ws/install/gbot_navigation/bin'
[0.874s] INFO:colcon.colcon_core.shell:Creating package script '/home/hady/teleop/gbot_ws/install/gbot_navigation/share/gbot_navigation/package.ps1'
[0.875s] INFO:colcon.colcon_core.shell:Creating package descriptor '/home/hady/teleop/gbot_ws/install/gbot_navigation/share/gbot_navigation/package.dsv'
[0.875s] INFO:colcon.colcon_core.shell:Creating package script '/home/hady/teleop/gbot_ws/install/gbot_navigation/share/gbot_navigation/package.sh'
[0.876s] INFO:colcon.colcon_core.shell:Creating package script '/home/hady/teleop/gbot_ws/install/gbot_navigation/share/gbot_navigation/package.bash'
[0.877s] INFO:colcon.colcon_core.shell:Creating package script '/home/hady/teleop/gbot_ws/install/gbot_navigation/share/gbot_navigation/package.zsh'
[0.877s] Level 1:colcon.colcon_core.environment:create_file_with_runtime_dependencies(/home/hady/teleop/gbot_ws/install/gbot_navigation/share/colcon-core/packages/gbot_navigation)
[1.217s] DEBUG:colcon.colcon_core.event_handler.log_command:Invoked command in '/home/hady/teleop/gbot_ws/build/libdatachannel' returned '0': /usr/bin/cmake --build /home/hady/teleop/gbot_ws/build/libdatachannel -- -j8 -l8
[1.220s] DEBUG:colcon.colcon_core.event_handler.log_command:Invoking command in '/home/hady/teleop/gbot_ws/build/libdatachannel': /usr/bin/cmake --install /home/hady/teleop/gbot_ws/build/libdatachannel
[1.252s] Level 1:colcon.colcon_core.environment:create_environment_scripts_only(libdatachannel)
[1.252s] DEBUG:colcon.colcon_core.event_handler.log_command:Invoked command in '/home/hady/teleop/gbot_ws/build/libdatachannel' returned '0': /usr/bin/cmake --install /home/hady/teleop/gbot_ws/build/libdatachannel
[1.254s] Level 1:colcon.colcon_core.environment:checking '/home/hady/teleop/gbot_ws/install/libdatachannel' for CMake module files
[1.256s] Level 1:colcon.colcon_core.environment:checking '/home/hady/teleop/gbot_ws/install/libdatachannel' for CMake config files
[1.256s] Level 1:colcon.colcon_core.shell:create_environment_hook('libdatachannel', 'cmake_prefix_path')
[1.258s] INFO:colcon.colcon_core.shell:Creating environment hook '/home/hady/teleop/gbot_ws/install/libdatachannel/share/libdatachannel/hook/cmake_prefix_path.ps1'
[1.259s] INFO:colcon.colcon_core.shell:Creating environment descriptor '/home/hady/teleop/gbot_ws/install/libdatachannel/share/libdatachannel/hook/cmake_prefix_path.dsv'
[1.261s] INFO:colcon.colcon_core.shell:Creating environment hook '/home/hady/teleop/gbot_ws/install/libdatachannel/share/libdatachannel/hook/cmake_prefix_path.sh'
[1.263s] Level 1:colcon.colcon_core.environment:checking '/home/hady/teleop/gbot_ws/install/libdatachannel/lib'
[1.263s] Level 1:colcon.colcon_core.shell:create_environment_hook('libdatachannel', 'ld_library_path_lib')
[1.264s] INFO:colcon.colcon_core.shell:Creating environment hook '/home/hady/teleop/gbot_ws/install/libdatachannel/share/libdatachannel/hook/ld_library_path_lib.ps1'
[1.266s] INFO:colcon.colcon_core.shell:Creating environment descriptor '/home/hady/teleop/gbot_ws/install/libdatachannel/share/libdatachannel/hook/ld_library_path_lib.dsv'
[1.267s] INFO:colcon.colcon_core.shell:Creating environment hook '/home/hady/teleop/gbot_ws/install/libdatachannel/share/libdatachannel/hook/ld_library_path_lib.sh'
[1.269s] Level 1:colcon.colcon_core.environment:checking '/home/hady/teleop/gbot_ws/install/libdatachannel/bin'
[1.269s] Level 1:colcon.colcon_core.environment:checking '/home/hady/teleop/gbot_ws/install/libdatachannel/lib/pkgconfig/libdatachannel.pc'
[1.270s] Level 1:colcon.colcon_core.environment:checking '/home/hady/teleop/gbot_ws/install/libdatachannel/lib/python3.10/site-packages'
[1.271s] Level 1:colcon.colcon_core.environment:checking '/home/hady/teleop/gbot_ws/install/libdatachannel/bin'
[1.273s] INFO:colcon.colcon_core.shell:Creating package script '/home/hady/teleop/gbot_ws/install/libdatachannel/share/libdatachannel/package.ps1'
[1.275s] INFO:colcon.colcon_core.shell:Creating package descriptor '/home/hady/teleop/gbot_ws/install/libdatachannel/share/libdatachannel/package.dsv'
[1.277s] INFO:colcon.colcon_core.shell:Creating package script '/home/hady/teleop/gbot_ws/install/libdatachannel/share/libdatachannel/package.sh'
[1.278s] INFO:colcon.colcon_core.shell:Creating package script '/home/hady/teleop/gbot_ws/install/libdatachannel/share/libdatachannel/package.bash'
[1.280s] INFO:colcon.colcon_core.shell:Creating package script '/home/hady/teleop/gbot_ws/install/libdatachannel/share/libdatachannel/package.zsh'
[1.281s] Level 1:colcon.colcon_core.environment:create_file_with_runtime_dependencies(/home/hady/teleop/gbot_ws/install/libdatachannel/share/colcon-core/packages/libdatachannel)
[1.497s] DEBUG:colcon.colcon_core.event_handler.log_command:Invoked command in '/home/hady/teleop/gbot_ws/build/teleop' returned '1': CMAKE_PREFIX_PATH=/opt/ros/humble /usr/bin/cmake /home/hady/teleop/gbot_ws/src/teleop -DCMAKE_INSTALL_PREFIX=/home/hady/teleop/gbot_ws/install/teleop
[1.540s] Level 1:colcon.colcon_core.environment:create_environment_scripts_only(teleop)
[1.542s] Level 1:colcon.colcon_core.environment:checking '/home/hady/teleop/gbot_ws/install/teleop' for CMake module files
[1.544s] Level 1:colcon.colcon_core.environment:checking '/home/hady/teleop/gbot_ws/install/teleop' for CMake config files
[1.546s] Level 1:colcon.colcon_core.environment:checking '/home/hady/teleop/gbot_ws/install/teleop/bin'
[1.546s] Level 1:colcon.colcon_core.environment:checking '/home/hady/teleop/gbot_ws/install/teleop/lib/pkgconfig/teleop.pc'
[1.547s] Level 1:colcon.colcon_core.environment:checking '/home/hady/teleop/gbot_ws/install/teleop/lib/python3.10/site-packages'
[1.548s] Level 1:colcon.colcon_core.environment:checking '/home/hady/teleop/gbot_ws/install/teleop/bin'
[1.550s] INFO:colcon.colcon_core.shell:Creating package script '/home/hady/teleop/gbot_ws/install/teleop/share/teleop/package.ps1'
[1.552s] INFO:colcon.colcon_core.shell:Creating package descriptor '/home/hady/teleop/gbot_ws/install/teleop/share/teleop/package.dsv'
[1.553s] INFO:colcon.colcon_core.shell:Creating package script '/home/hady/teleop/gbot_ws/install/teleop/share/teleop/package.sh'
[1.555s] INFO:colcon.colcon_core.shell:Creating package script '/home/hady/teleop/gbot_ws/install/teleop/share/teleop/package.bash'
[1.556s] INFO:colcon.colcon_core.shell:Creating package script '/home/hady/teleop/gbot_ws/install/teleop/share/teleop/package.zsh'
[1.558s] Level 1:colcon.colcon_core.environment:create_file_with_runtime_dependencies(/home/hady/teleop/gbot_ws/install/teleop/share/colcon-core/packages/teleop)
[1.570s] DEBUG:colcon.colcon_parallel_executor.executor.parallel:closing loop
[1.571s] DEBUG:colcon.colcon_parallel_executor.executor.parallel:loop closed
[1.571s] DEBUG:colcon.colcon_parallel_executor.executor.parallel:run_until_complete finished with '1'
[1.571s] DEBUG:colcon.colcon_core.event_reactor:joining thread
[1.602s] INFO:colcon.colcon_core.plugin_system:Skipping extension 'colcon_notification.desktop_notification.terminal_notifier': Not used on non-Darwin systems
[1.603s] INFO:colcon.colcon_core.plugin_system:Skipping extension 'colcon_notification.desktop_notification.win32': Not used on non-Windows systems
[1.603s] INFO:colcon.colcon_notification.desktop_notification:Sending desktop notification using 'notify2'
[1.654s] DEBUG:colcon.colcon_core.event_reactor:joined thread
[1.657s] INFO:colcon.colcon_core.shell:Creating prefix script '/home/hady/teleop/gbot_ws/install/local_setup.ps1'
[1.666s] INFO:colcon.colcon_core.shell:Creating prefix util module '/home/hady/teleop/gbot_ws/install/_local_setup_util_ps1.py'
[1.677s] INFO:colcon.colcon_core.shell:Creating prefix chain script '/home/hady/teleop/gbot_ws/install/setup.ps1'
[1.685s] INFO:colcon.colcon_core.shell:Creating prefix script '/home/hady/teleop/gbot_ws/install/local_setup.sh'
[1.689s] INFO:colcon.colcon_core.shell:Creating prefix util module '/home/hady/teleop/gbot_ws/install/_local_setup_util_sh.py'
[1.695s] INFO:colcon.colcon_core.shell:Creating prefix chain script '/home/hady/teleop/gbot_ws/install/setup.sh'
[1.701s] INFO:colcon.colcon_core.shell:Creating prefix script '/home/hady/teleop/gbot_ws/install/local_setup.bash'
[1.704s] INFO:colcon.colcon_core.shell:Creating prefix chain script '/home/hady/teleop/gbot_ws/install/setup.bash'
[1.711s] INFO:colcon.colcon_core.shell:Creating prefix script '/home/hady/teleop/gbot_ws/install/local_setup.zsh'
[1.712s] INFO:colcon.colcon_core.shell:Creating prefix chain script '/home/hady/teleop/gbot_ws/install/setup.zsh'
