-- The C compiler identification is GNU 11.4.0
-- The CXX compiler identification is GNU 11.4.0
-- Detecting C compiler ABI info
-- Detecting C compiler ABI info - done
-- Check for working C compiler: /usr/bin/cc - skipped
-- Detecting C compile features
-- Detecting C compile features - done
-- Detecting CXX compiler ABI info
-- Detecting CXX compiler ABI info - done
-- Check for working CXX compiler: /usr/bin/c++ - skipped
-- Detecting CXX compile features
-- Detecting CXX compile features - done
-- Found ament_cmake: 1.3.11 (/opt/ros/humble/share/ament_cmake/cmake)
-- Found Python3: /usr/bin/python3 (found version "3.10.12") found components: Interpreter 
-- Found rclcpp: 16.0.11 (/opt/ros/humble/share/rclcpp/cmake)
-- Found rosidl_generator_c: 3.1.6 (/opt/ros/humble/share/rosidl_generator_c/cmake)
-- Found rosidl_adapter: 3.1.6 (/opt/ros/humble/share/rosidl_adapter/cmake)
-- Found rosidl_generator_cpp: 3.1.6 (/opt/ros/humble/share/rosidl_generator_cpp/cmake)
-- Using all available rosidl_typesupport_c: rosidl_typesupport_fastrtps_c;rosidl_typesupport_introspection_c
-- Using all available rosidl_typesupport_cpp: rosidl_typesupport_fastrtps_cpp;rosidl_typesupport_introspection_cpp
-- Found rmw_implementation_cmake: 6.1.2 (/opt/ros/humble/share/rmw_implementation_cmake/cmake)
-- Found rmw_fastrtps_cpp: 6.2.7 (/opt/ros/humble/share/rmw_fastrtps_cpp/cmake)
-- Found OpenSSL: /usr/lib/aarch64-linux-gnu/libcrypto.so (found version "3.0.2")  
-- Found FastRTPS: /opt/ros/humble/include  
-- Using RMW implementation 'rmw_fastrtps_cpp' as default
-- Looking for pthread.h
-- Looking for pthread.h - found
-- Performing Test CMAKE_HAVE_LIBC_PTHREAD
-- Performing Test CMAKE_HAVE_LIBC_PTHREAD - Success
-- Found Threads: TRUE  
-- Found sensor_msgs: 4.2.4 (/opt/ros/humble/share/sensor_msgs/cmake)
-- Found cv_bridge: 3.2.1 (/opt/ros/humble/share/cv_bridge/cmake)
-- Found image_transport: 3.1.10 (/opt/ros/humble/share/image_transport/cmake)
-- Found OpenCV: /usr (found version "4.5.4") 
-- Found PkgConfig: /usr/bin/pkg-config (found version "0.29.2") 
-- Found ament_lint_auto: 0.12.11 (/opt/ros/humble/share/ament_lint_auto/cmake)
-- Added test 'copyright' to check source files copyright and LICENSE
-- Added test 'cppcheck' to perform static code analysis on C / C++ code
-- Configured cppcheck include dirs: /home/hady/teleop/gbot_ws/src/teleop/include;/home/hady/teleop/gbot_ws/src/teleop/../../install/libdatachannel/include;/home/hady/teleop/gbot_ws/src/teleop/../../install/libdatachannel/build/include
-- Configured cppcheck exclude dirs and/or files: 
-- Added test 'lint_cmake' to check CMake code style
-- Added test 'uncrustify' to check C / C++ code style
-- Configured uncrustify additional arguments: 
-- Added test 'xmllint' to check XML markup files
-- Configuring done
-- Generating done
-- Build files have been written to: /home/hady/teleop/build/teleop
[ 25%] [32mBuilding CXX object CMakeFiles/webrtc_lib.dir/src/webrtc.cpp.o[0m
[ 50%] [32m[1mLinking CXX static library libwebrtc_lib.a[0m
[ 50%] Built target webrtc_lib
[ 75%] [32mBuilding CXX object CMakeFiles/image_subscriber.dir/src/image_subscriber.cpp.o[0m
[100%] [32m[1mLinking CXX executable image_subscriber[0m
[100%] Built target image_subscriber
-- Install configuration: ""
-- Installing: /home/hady/teleop/install/teleop/lib/teleop/image_subscriber
-- Set runtime path of "/home/hady/teleop/install/teleop/lib/teleop/image_subscriber" to ""
-- Installing: /home/hady/teleop/install/teleop/share/ament_index/resource_index/package_run_dependencies/teleop
-- Installing: /home/hady/teleop/install/teleop/share/ament_index/resource_index/parent_prefix_path/teleop
-- Installing: /home/hady/teleop/install/teleop/share/teleop/environment/ament_prefix_path.sh
-- Installing: /home/hady/teleop/install/teleop/share/teleop/environment/ament_prefix_path.dsv
-- Installing: /home/hady/teleop/install/teleop/share/teleop/environment/path.sh
-- Installing: /home/hady/teleop/install/teleop/share/teleop/environment/path.dsv
-- Installing: /home/hady/teleop/install/teleop/share/teleop/local_setup.bash
-- Installing: /home/hady/teleop/install/teleop/share/teleop/local_setup.sh
-- Installing: /home/hady/teleop/install/teleop/share/teleop/local_setup.zsh
-- Installing: /home/hady/teleop/install/teleop/share/teleop/local_setup.dsv
-- Installing: /home/hady/teleop/install/teleop/share/teleop/package.dsv
-- Installing: /home/hady/teleop/install/teleop/share/ament_index/resource_index/packages/teleop
-- Installing: /home/hady/teleop/install/teleop/share/teleop/cmake/teleopConfig.cmake
-- Installing: /home/hady/teleop/install/teleop/share/teleop/cmake/teleopConfig-version.cmake
-- Installing: /home/hady/teleop/install/teleop/share/teleop/package.xml
