[0.019s] Invoking command in '/home/hady/teleop/gbot_ws/build/teleop': CMAKE_PREFIX_PATH=/opt/ros/humble /usr/bin/cmake --build /home/hady/teleop/gbot_ws/build/teleop -- -j8 -l8
[0.093s] -- Found ament_cmake: 1.3.11 (/opt/ros/humble/share/ament_cmake/cmake)
[0.355s] -- Found rclcpp: 16.0.11 (/opt/ros/humble/share/rclcpp/cmake)
[0.395s] -- Found rosidl_generator_c: 3.1.6 (/opt/ros/humble/share/rosidl_generator_c/cmake)
[0.398s] -- Found rosidl_adapter: 3.1.6 (/opt/ros/humble/share/rosidl_adapter/cmake)
[0.407s] -- Found rosidl_generator_cpp: 3.1.6 (/opt/ros/humble/share/rosidl_generator_cpp/cmake)
[0.421s] -- Using all available rosidl_typesupport_c: rosidl_typesupport_fastrtps_c;rosidl_typesupport_introspection_c
[0.439s] -- Using all available rosidl_typesupport_cpp: rosidl_typesupport_fastrtps_cpp;rosidl_typesupport_introspection_cpp
[0.484s] -- Found rmw_implementation_cmake: 6.1.2 (/opt/ros/humble/share/rmw_implementation_cmake/cmake)
[0.486s] -- Found rmw_fastrtps_cpp: 6.2.7 (/opt/ros/humble/share/rmw_fastrtps_cpp/cmake)
[0.656s] -- Using RMW implementation 'rmw_fastrtps_cpp' as default
[0.731s] -- Found sensor_msgs: 4.2.4 (/opt/ros/humble/share/sensor_msgs/cmake)
[0.775s] -- Found cv_bridge: 3.2.1 (/opt/ros/humble/share/cv_bridge/cmake)
[0.787s] -- Found image_transport: 3.1.10 (/opt/ros/humble/share/image_transport/cmake)
[0.861s] -- No build type selected, using DEBUG
[0.865s] -- Compiler flags (CMAKE_C_FLAGS):  -std=c99 -pedantic -Wall -Wextra -Wfloat-equal -Wshadow -Wpointer-arith -Wunreachable-code -Winit-self -Wno-unused-function -Wno-unused-parameter -Wno-unreachable-code -Wstrict-prototypes
[0.898s] -- Found ament_lint_auto: 0.12.11 (/opt/ros/humble/share/ament_lint_auto/cmake)
[1.017s] -- Added test 'cppcheck' to perform static code analysis on C / C++ code
[1.017s] -- Configured cppcheck include dirs: /home/hady/teleop/gbot_ws/src/teleop/include
[1.018s] -- Configured cppcheck exclude dirs and/or files: 
[1.018s] -- Added test 'lint_cmake' to check CMake code style
[1.019s] -- Added test 'uncrustify' to check C / C++ code style
[1.019s] -- Configured uncrustify additional arguments: 
[1.020s] -- Added test 'xmllint' to check XML markup files
[1.021s] -- Configuring done
[1.110s] -- Generating done
[1.131s] -- Build files have been written to: /home/hady/teleop/gbot_ws/build/teleop
[1.233s] [35m[1mConsolidate compiler generated dependencies of target juice[0m
[1.238s] [35m[1mConsolidate compiler generated dependencies of target usrsctp[0m
[1.298s] [ 19%] Built target juice
[1.316s] [ 40%] Built target usrsctp
[1.382s] [35m[1mConsolidate compiler generated dependencies of target datachannel[0m
[1.516s] [ 94%] Built target datachannel
[1.550s] [35m[1mConsolidate compiler generated dependencies of target webrtc_lib[0m
[1.625s] [ 96%] [32mBuilding CXX object CMakeFiles/webrtc_lib.dir/src/webrtc.cpp.o[0m
[4.506s] In file included from [01m[K/home/hady/teleop/gbot_ws/libdatachannel/include/rtc/message.hpp:13[m[K,
[4.506s]                  from [01m[K/home/hady/teleop/gbot_ws/libdatachannel/include/rtc/mediahandler.hpp:15[m[K,
[4.507s]                  from [01m[K/home/hady/teleop/gbot_ws/libdatachannel/include/rtc/track.hpp:15[m[K,
[4.507s]                  from [01m[K/home/hady/teleop/gbot_ws/libdatachannel/include/rtc/peerconnection.hpp:18[m[K,
[4.507s]                  from [01m[K/home/hady/teleop/gbot_ws/libdatachannel/include/rtc/rtc.hpp:17[m[K,
[4.508s]                  from [01m[K/home/hady/teleop/gbot_ws/src/teleop/include/teleop/webrtc.hpp:8[m[K,
[4.508s]                  from [01m[K/home/hady/teleop/gbot_ws/src/teleop/src/webrtc.cpp:1[m[K:
[4.508s] [01m[K/home/hady/teleop/gbot_ws/libdatachannel/include/rtc/frameinfo.hpp:20:142:[m[K [01;35m[Kwarning: [m[Kextra ‘[01m[K;[m[K’ [[01;35m[K]8;;https://gcc.gnu.org/onlinedocs/gcc/Warning-Options.html#index-Wpedantic-Wpedantic]8;;[m[K]
[4.509s]    20 |       template<typename Period = std::ratio<1>> FrameInfo(std::chrono::duration<double, Period> timestamp) : timestampSeconds(timestamp) {}[01;35m[K;[m[K
[4.509s]       |                                                                                                                                            [01;35m[K^[m[K
[4.510s]       |                                                                                                                                            [31m[K-[m[K
[18.927s] [ 98%] [32m[1mLinking CXX shared library libwebrtc_lib.so[0m
[20.353s] [ 98%] Built target webrtc_lib
[20.394s] [35m[1mConsolidate compiler generated dependencies of target image_subscriber[0m
[20.485s] [ 98%] [32mBuilding CXX object CMakeFiles/image_subscriber.dir/src/image_subscriber.cpp.o[0m
[26.785s] In file included from [01m[K/home/hady/teleop/gbot_ws/libdatachannel/include/rtc/message.hpp:13[m[K,
[26.785s]                  from [01m[K/home/hady/teleop/gbot_ws/libdatachannel/include/rtc/mediahandler.hpp:15[m[K,
[26.786s]                  from [01m[K/home/hady/teleop/gbot_ws/libdatachannel/include/rtc/track.hpp:15[m[K,
[26.786s]                  from [01m[K/home/hady/teleop/gbot_ws/libdatachannel/include/rtc/peerconnection.hpp:18[m[K,
[26.787s]                  from [01m[K/home/hady/teleop/gbot_ws/libdatachannel/include/rtc/rtc.hpp:17[m[K,
[26.787s]                  from [01m[K/home/hady/teleop/gbot_ws/src/teleop/include/teleop/webrtc.hpp:8[m[K,
[26.788s]                  from [01m[K/home/hady/teleop/gbot_ws/src/teleop/src/image_subscriber.cpp:7[m[K:
[26.788s] [01m[K/home/hady/teleop/gbot_ws/libdatachannel/include/rtc/frameinfo.hpp:20:142:[m[K [01;35m[Kwarning: [m[Kextra ‘[01m[K;[m[K’ [[01;35m[K]8;;https://gcc.gnu.org/onlinedocs/gcc/Warning-Options.html#index-Wpedantic-Wpedantic]8;;[m[K]
[26.788s]    20 |       template<typename Period = std::ratio<1>> FrameInfo(std::chrono::duration<double, Period> timestamp) : timestampSeconds(timestamp) {}[01;35m[K;[m[K
[26.789s]       |                                                                                                                                            [01;35m[K^[m[K
[26.789s]       |                                                                                                                                            [31m[K-[m[K
[39.524s] [100%] [32m[1mLinking CXX executable image_subscriber[0m
[40.595s] /usr/bin/ld: CMakeFiles/image_subscriber.dir/src/image_subscriber.cpp.o: undefined reference to symbol '_ZNK3rtc11DataChannel8isClosedEv'
[40.595s] /usr/bin/ld: /home/hady/teleop/gbot_ws/build/teleop/libdatachannel/libdatachannel.so.0.22: error adding symbols: DSO missing from command line
[40.605s] collect2: error: ld returned 1 exit status
[40.608s] gmake[2]: *** [CMakeFiles/image_subscriber.dir/build.make:233: image_subscriber] Error 1
[40.609s] gmake[1]: *** [CMakeFiles/Makefile2:247: CMakeFiles/image_subscriber.dir/all] Error 2
[40.610s] gmake: *** [Makefile:146: all] Error 2
[40.622s] Invoked command in '/home/hady/teleop/gbot_ws/build/teleop' returned '2': CMAKE_PREFIX_PATH=/opt/ros/humble /usr/bin/cmake --build /home/hady/teleop/gbot_ws/build/teleop -- -j8 -l8
