[0.000000] (-) TimerEvent: {}
[0.001037] (-) JobUnselected: {'identifier': 'gbot_navigation'}
[0.001204] (-) JobUnselected: {'identifier': 'libdatachannel'}
[0.001662] (teleop) JobQueued: {'identifier': 'teleop', 'dependencies': OrderedDict()}
[0.001810] (teleop) JobStarted: {'identifier': 'teleop'}
[0.016438] (teleop) JobProgress: {'identifier': 'teleop', 'progress': 'cmake'}
[0.018094] (teleop) JobProgress: {'identifier': 'teleop', 'progress': 'build'}
[0.019199] (teleop) Command: {'cmd': ['/usr/bin/cmake', '--build', '/home/hady/teleop/gbot_ws/build/teleop', '--', '-j8', '-l8'], 'cwd': '/home/hady/teleop/gbot_ws/build/teleop', 'env': OrderedDict([('GJS_DEBUG_TOPICS', 'JS ERROR;JS LOG'), ('LANGUAGE', 'en'), ('USER', 'hady'), ('GHOSTTY_RESOURCES_DIR', '/usr/share/ghostty'), ('STARSHIP_SHELL', 'zsh'), ('XDG_SESSION_TYPE', 'x11'), ('SHLVL', '1'), ('LD_LIBRARY_PATH', '/opt/ros/humble/opt/rviz_ogre_vendor/lib:/opt/ros/humble/lib/aarch64-linux-gnu:/opt/ros/humble/lib'), ('MUTTER_DEBUG_ENABLE_ATOMIC_KMS', '0'), ('HOME', '/home/hady'), ('TERMINFO', '/usr/share/terminfo'), ('OLDPWD', '/home/hady'), ('TERM_PROGRAM_VERSION', '1.0.1'), ('DESKTOP_SESSION', 'ubuntu'), ('NVM_BIN', '/home/hady/.nvm/versions/node/v23.9.0/bin'), ('GIO_LAUNCHED_DESKTOP_FILE', '/usr/share/applications/com.mitchellh.ghostty.desktop'), ('NVM_INC', '/home/hady/.nvm/versions/node/v23.9.0/include/node'), ('GTK_MODULES', 'gail:atk-bridge'), ('GNOME_SHELL_SESSION_MODE', 'ubuntu'), ('XDG_SEAT_PATH', '/org/freedesktop/DisplayManager/Seat0'), ('ROS_PYTHON_VERSION', '3'), ('MANAGERPID', '1274'), ('SYSTEMD_EXEC_PID', '1433'), ('DBUS_SESSION_BUS_ADDRESS', 'unix:path=/run/user/1000/bus'), ('GIO_LAUNCHED_DESKTOP_FILE_PID', '2015'), ('COLORTERM', 'truecolor'), ('NVM_DIR', '/home/hady/.nvm'), ('IM_CONFIG_PHASE', '1'), ('ROS_DISTRO', 'humble'), ('LOGNAME', 'hady'), ('GTK_IM_MODULE', 'ibus'), ('JOURNAL_STREAM', '8:36018'), ('_', '/usr/bin/colcon'), ('XDG_SESSION_CLASS', 'user'), ('ROS_VERSION', '2'), ('GHOSTTY_SHELL_INTEGRATION_NO_SUDO', '1'), ('TERM', 'xterm-ghostty'), ('GNOME_DESKTOP_SESSION_ID', 'this-is-deprecated'), ('ROS_LOCALHOST_ONLY', '0'), ('PATH', '/home/hady/.nvm/versions/node/v23.9.0/bin:/opt/ros/humble/bin:/home/hady/.local/bin:/usr/local/sbin:/usr/local/bin:/usr/sbin:/usr/bin:/sbin:/bin:/usr/games:/usr/local/games:/snap/bin:/home/hady/.local/bin:/home/hady/.fzf/bin:/Users/hadymashhour/Developer/flutter/bin:/home/hady/.pub-cache/bin:/Users/hadymashhour/Library/Android/sdk/emulator:/Users/hadymashhour/Developer/butler:/usr/local/texlive/2021/bin:/usr/local/texlive/2021/bin/universal-darwin:/usr/local/smlnj/bin:/Users/hadymashhour/Developer/nuclio:/Applications/Blender.app/Contents/MacOS'), ('GDM_LANG', 'en'), ('SESSION_MANAGER', 'local/hady:@/tmp/.ICE-unix/1410,unix/hady:/tmp/.ICE-unix/1410'), ('INVOCATION_ID', '88d745bd07f5425d92638aa07a9d0c38'), ('XDG_MENU_PREFIX', 'gnome-'), ('XDG_SESSION_PATH', '/org/freedesktop/DisplayManager/Session0'), ('XDG_RUNTIME_DIR', '/run/user/1000'), ('DISPLAY', ':0'), ('LANG', 'en_US.UTF-8'), ('XDG_CURRENT_DESKTOP', 'ubuntu:GNOME'), ('XAUTHORITY', '/home/hady/.Xauthority'), ('XMODIFIERS', '@im=ibus'), ('TERM_PROGRAM', 'ghostty'), ('XDG_SESSION_DESKTOP', 'ubuntu'), ('SSH_AUTH_SOCK', '/run/user/1000/keyring/ssh'), ('SSH_AGENT_LAUNCHER', 'gnome-keyring'), ('XDG_GREETER_DATA_DIR', '/var/lib/lightdm-data/hady'), ('AMENT_PREFIX_PATH', '/opt/ros/humble'), ('SHELL', '/usr/bin/zsh'), ('CLUTTER_PAINT', 'disable-dynamic-max-render-time'), ('GHOSTTY_BIN_DIR', '/usr/bin'), ('QT_ACCESSIBILITY', '1'), ('GDMSESSION', 'ubuntu'), ('GJS_DEBUG_OUTPUT', 'stderr'), ('GPG_AGENT_INFO', '/run/user/1000/gnupg/S.gpg-agent:0:1'), ('QT_IM_MODULE', 'ibus'), ('MUTTER_DEBUG_FORCE_KMS_MODE', 'simple'), ('LC_ALL', 'en_US.UTF-8'), ('PWD', '/home/hady/teleop/gbot_ws/build/teleop'), ('XDG_CONFIG_DIRS', '/etc/xdg/xdg-ubuntu:/etc/xdg'), ('XDG_DATA_DIRS', '/usr/share/ubuntu:/usr/share/gnome:/usr/local/share:/usr/share:/var/lib/snapd/desktop'), ('NVM_CD_FLAGS', '-q'), ('STARSHIP_SESSION_KEY', '2403632090518015'), ('PYTHONPATH', '/opt/ros/humble/lib/python3.10/site-packages:/opt/ros/humble/local/lib/python3.10/dist-packages'), ('COLCON', '1'), ('CMAKE_PREFIX_PATH', '/opt/ros/humble')]), 'shell': False}
[0.099237] (-) TimerEvent: {}
[0.153149] (teleop) StdoutLine: {'line': b'\x1b[35m\x1b[1mConsolidate compiler generated dependencies of target webrtc_lib\x1b[0m\n'}
[0.199383] (-) TimerEvent: {}
[0.290756] (teleop) StdoutLine: {'line': b'[ 50%] Built target webrtc_lib\n'}
[0.299655] (-) TimerEvent: {}
[0.333985] (teleop) StdoutLine: {'line': b'\x1b[35m\x1b[1mConsolidate compiler generated dependencies of target image_subscriber\x1b[0m\n'}
[0.399890] (-) TimerEvent: {}
[0.442337] (teleop) StdoutLine: {'line': b'[100%] Built target image_subscriber\n'}
[0.476367] (teleop) CommandEnded: {'returncode': 0}
[0.479455] (teleop) JobProgress: {'identifier': 'teleop', 'progress': 'install'}
[0.500066] (-) TimerEvent: {}
[0.509599] (teleop) Command: {'cmd': ['/usr/bin/cmake', '--install', '/home/hady/teleop/gbot_ws/build/teleop'], 'cwd': '/home/hady/teleop/gbot_ws/build/teleop', 'env': OrderedDict([('GJS_DEBUG_TOPICS', 'JS ERROR;JS LOG'), ('LANGUAGE', 'en'), ('USER', 'hady'), ('GHOSTTY_RESOURCES_DIR', '/usr/share/ghostty'), ('STARSHIP_SHELL', 'zsh'), ('XDG_SESSION_TYPE', 'x11'), ('SHLVL', '1'), ('LD_LIBRARY_PATH', '/opt/ros/humble/opt/rviz_ogre_vendor/lib:/opt/ros/humble/lib/aarch64-linux-gnu:/opt/ros/humble/lib'), ('MUTTER_DEBUG_ENABLE_ATOMIC_KMS', '0'), ('HOME', '/home/hady'), ('TERMINFO', '/usr/share/terminfo'), ('OLDPWD', '/home/hady'), ('TERM_PROGRAM_VERSION', '1.0.1'), ('DESKTOP_SESSION', 'ubuntu'), ('NVM_BIN', '/home/hady/.nvm/versions/node/v23.9.0/bin'), ('GIO_LAUNCHED_DESKTOP_FILE', '/usr/share/applications/com.mitchellh.ghostty.desktop'), ('NVM_INC', '/home/hady/.nvm/versions/node/v23.9.0/include/node'), ('GTK_MODULES', 'gail:atk-bridge'), ('GNOME_SHELL_SESSION_MODE', 'ubuntu'), ('XDG_SEAT_PATH', '/org/freedesktop/DisplayManager/Seat0'), ('ROS_PYTHON_VERSION', '3'), ('MANAGERPID', '1274'), ('SYSTEMD_EXEC_PID', '1433'), ('DBUS_SESSION_BUS_ADDRESS', 'unix:path=/run/user/1000/bus'), ('GIO_LAUNCHED_DESKTOP_FILE_PID', '2015'), ('COLORTERM', 'truecolor'), ('NVM_DIR', '/home/hady/.nvm'), ('IM_CONFIG_PHASE', '1'), ('ROS_DISTRO', 'humble'), ('LOGNAME', 'hady'), ('GTK_IM_MODULE', 'ibus'), ('JOURNAL_STREAM', '8:36018'), ('_', '/usr/bin/colcon'), ('XDG_SESSION_CLASS', 'user'), ('ROS_VERSION', '2'), ('GHOSTTY_SHELL_INTEGRATION_NO_SUDO', '1'), ('TERM', 'xterm-ghostty'), ('GNOME_DESKTOP_SESSION_ID', 'this-is-deprecated'), ('ROS_LOCALHOST_ONLY', '0'), ('PATH', '/home/hady/.nvm/versions/node/v23.9.0/bin:/opt/ros/humble/bin:/home/hady/.local/bin:/usr/local/sbin:/usr/local/bin:/usr/sbin:/usr/bin:/sbin:/bin:/usr/games:/usr/local/games:/snap/bin:/home/hady/.local/bin:/home/hady/.fzf/bin:/Users/hadymashhour/Developer/flutter/bin:/home/hady/.pub-cache/bin:/Users/hadymashhour/Library/Android/sdk/emulator:/Users/hadymashhour/Developer/butler:/usr/local/texlive/2021/bin:/usr/local/texlive/2021/bin/universal-darwin:/usr/local/smlnj/bin:/Users/hadymashhour/Developer/nuclio:/Applications/Blender.app/Contents/MacOS'), ('GDM_LANG', 'en'), ('SESSION_MANAGER', 'local/hady:@/tmp/.ICE-unix/1410,unix/hady:/tmp/.ICE-unix/1410'), ('INVOCATION_ID', '88d745bd07f5425d92638aa07a9d0c38'), ('XDG_MENU_PREFIX', 'gnome-'), ('XDG_SESSION_PATH', '/org/freedesktop/DisplayManager/Session0'), ('XDG_RUNTIME_DIR', '/run/user/1000'), ('DISPLAY', ':0'), ('LANG', 'en_US.UTF-8'), ('XDG_CURRENT_DESKTOP', 'ubuntu:GNOME'), ('XAUTHORITY', '/home/hady/.Xauthority'), ('XMODIFIERS', '@im=ibus'), ('TERM_PROGRAM', 'ghostty'), ('XDG_SESSION_DESKTOP', 'ubuntu'), ('SSH_AUTH_SOCK', '/run/user/1000/keyring/ssh'), ('SSH_AGENT_LAUNCHER', 'gnome-keyring'), ('XDG_GREETER_DATA_DIR', '/var/lib/lightdm-data/hady'), ('AMENT_PREFIX_PATH', '/opt/ros/humble'), ('SHELL', '/usr/bin/zsh'), ('CLUTTER_PAINT', 'disable-dynamic-max-render-time'), ('GHOSTTY_BIN_DIR', '/usr/bin'), ('QT_ACCESSIBILITY', '1'), ('GDMSESSION', 'ubuntu'), ('GJS_DEBUG_OUTPUT', 'stderr'), ('GPG_AGENT_INFO', '/run/user/1000/gnupg/S.gpg-agent:0:1'), ('QT_IM_MODULE', 'ibus'), ('MUTTER_DEBUG_FORCE_KMS_MODE', 'simple'), ('LC_ALL', 'en_US.UTF-8'), ('PWD', '/home/hady/teleop/gbot_ws/build/teleop'), ('XDG_CONFIG_DIRS', '/etc/xdg/xdg-ubuntu:/etc/xdg'), ('XDG_DATA_DIRS', '/usr/share/ubuntu:/usr/share/gnome:/usr/local/share:/usr/share:/var/lib/snapd/desktop'), ('NVM_CD_FLAGS', '-q'), ('STARSHIP_SESSION_KEY', '2403632090518015'), ('PYTHONPATH', '/opt/ros/humble/lib/python3.10/site-packages:/opt/ros/humble/local/lib/python3.10/dist-packages'), ('COLCON', '1'), ('CMAKE_PREFIX_PATH', '/opt/ros/humble')]), 'shell': False}
[0.538145] (teleop) StdoutLine: {'line': b'-- Install configuration: ""\n'}
[0.539049] (teleop) StdoutLine: {'line': b'-- Up-to-date: /home/hady/teleop/gbot_ws/install/teleop/lib/teleop/image_subscriber\n'}
[0.539338] (teleop) StdoutLine: {'line': b'-- Up-to-date: /home/hady/teleop/gbot_ws/install/teleop/share/ament_index/resource_index/package_run_dependencies/teleop\n'}
[0.539459] (teleop) StdoutLine: {'line': b'-- Up-to-date: /home/hady/teleop/gbot_ws/install/teleop/share/ament_index/resource_index/parent_prefix_path/teleop\n'}
[0.539614] (teleop) StdoutLine: {'line': b'-- Up-to-date: /home/hady/teleop/gbot_ws/install/teleop/share/teleop/environment/ament_prefix_path.sh\n'}
[0.539729] (teleop) StdoutLine: {'line': b'-- Up-to-date: /home/hady/teleop/gbot_ws/install/teleop/share/teleop/environment/ament_prefix_path.dsv\n'}
[0.539845] (teleop) StdoutLine: {'line': b'-- Up-to-date: /home/hady/teleop/gbot_ws/install/teleop/share/teleop/environment/path.sh\n'}
[0.539969] (teleop) StdoutLine: {'line': b'-- Up-to-date: /home/hady/teleop/gbot_ws/install/teleop/share/teleop/environment/path.dsv\n'}
[0.540057] (teleop) StdoutLine: {'line': b'-- Up-to-date: /home/hady/teleop/gbot_ws/install/teleop/share/teleop/local_setup.bash\n'}
[0.540141] (teleop) StdoutLine: {'line': b'-- Up-to-date: /home/hady/teleop/gbot_ws/install/teleop/share/teleop/local_setup.sh\n'}
[0.540222] (teleop) StdoutLine: {'line': b'-- Up-to-date: /home/hady/teleop/gbot_ws/install/teleop/share/teleop/local_setup.zsh\n'}
[0.540303] (teleop) StdoutLine: {'line': b'-- Up-to-date: /home/hady/teleop/gbot_ws/install/teleop/share/teleop/local_setup.dsv\n'}
[0.540383] (teleop) StdoutLine: {'line': b'-- Installing: /home/hady/teleop/gbot_ws/install/teleop/share/teleop/package.dsv\n'}
[0.540522] (teleop) StdoutLine: {'line': b'-- Up-to-date: /home/hady/teleop/gbot_ws/install/teleop/share/ament_index/resource_index/packages/teleop\n'}
[0.540631] (teleop) StdoutLine: {'line': b'-- Up-to-date: /home/hady/teleop/gbot_ws/install/teleop/share/teleop/cmake/teleopConfig.cmake\n'}
[0.540718] (teleop) StdoutLine: {'line': b'-- Up-to-date: /home/hady/teleop/gbot_ws/install/teleop/share/teleop/cmake/teleopConfig-version.cmake\n'}
[0.540799] (teleop) StdoutLine: {'line': b'-- Up-to-date: /home/hady/teleop/gbot_ws/install/teleop/share/teleop/package.xml\n'}
[0.543668] (teleop) CommandEnded: {'returncode': 0}
[0.597518] (teleop) JobEnded: {'identifier': 'teleop', 'rc': 0}
[0.598647] (-) EventReactorShutdown: {}
