[35m[1mConsolidate compiler generated dependencies of target usrsctp[0m
[35m[1mConsolidate compiler generated dependencies of target srtp2[0m
[35m[1mConsolidate compiler generated dependencies of target juice[0m
[ 24%] Built target juice
[ 29%] Built target usrsctp
[ 39%] Built target srtp2
[35m[1mConsolidate compiler generated dependencies of target datachannel[0m
[ 74%] Built target datachannel
[35m[1mConsolidate compiler generated dependencies of target datachannel-benchmark[0m
[35m[1mConsolidate compiler generated dependencies of target datachannel-client-benchmark[0m
[35m[1mConsolidate compiler generated dependencies of target datachannel-client[0m
[35m[1mConsolidate compiler generated dependencies of target datachannel-media-receiver[0m
[35m[1mConsolidate compiler generated dependencies of target datachannel-media-sfu[0m
[ 75%] Built target datachannel-benchmark
[35m[1mConsolidate compiler generated dependencies of target datachannel-media-sender[0m
[ 77%] Built target datachannel-client-benchmark
[35m[1mConsolidate compiler generated dependencies of target datachannel-tests[0m
[35m[1mConsolidate compiler generated dependencies of target streamer[0m
[ 79%] Built target datachannel-client
[35m[1mConsolidate compiler generated dependencies of target datachannel-copy-paste-offerer[0m
[ 81%] Built target datachannel-media-sfu
[ 81%] Built target datachannel-copy-paste-offerer
[35m[1mConsolidate compiler generated dependencies of target datachannel-copy-paste-capi-offerer[0m
[35m[1mConsolidate compiler generated dependencies of target datachannel-copy-paste-answerer[0m
[ 87%] Built target datachannel-tests
[ 89%] Built target datachannel-media-receiver
[ 91%] Built target datachannel-media-sender
[35m[1mConsolidate compiler generated dependencies of target datachannel-copy-paste-capi-answerer[0m
[ 93%] Built target datachannel-copy-paste-capi-offerer
[ 94%] Built target datachannel-copy-paste-capi-answerer
[ 94%] Built target datachannel-copy-paste-answerer
[100%] Built target streamer
-- Install configuration: ""
-- Up-to-date: /home/hady/teleop/gbot_ws/install/libdatachannel/lib/libdatachannel.so.0.22.5
-- Up-to-date: /home/hady/teleop/gbot_ws/install/libdatachannel/lib/libdatachannel.so.0.22
-- Up-to-date: /home/hady/teleop/gbot_ws/install/libdatachannel/lib/libdatachannel.so
-- Up-to-date: /home/hady/teleop/gbot_ws/install/libdatachannel/include/rtc/candidate.hpp
-- Up-to-date: /home/hady/teleop/gbot_ws/install/libdatachannel/include/rtc/channel.hpp
-- Up-to-date: /home/hady/teleop/gbot_ws/install/libdatachannel/include/rtc/configuration.hpp
-- Up-to-date: /home/hady/teleop/gbot_ws/install/libdatachannel/include/rtc/datachannel.hpp
-- Up-to-date: /home/hady/teleop/gbot_ws/install/libdatachannel/include/rtc/description.hpp
-- Up-to-date: /home/hady/teleop/gbot_ws/install/libdatachannel/include/rtc/mediahandler.hpp
-- Up-to-date: /home/hady/teleop/gbot_ws/install/libdatachannel/include/rtc/rtcpreceivingsession.hpp
-- Up-to-date: /home/hady/teleop/gbot_ws/install/libdatachannel/include/rtc/common.hpp
-- Up-to-date: /home/hady/teleop/gbot_ws/install/libdatachannel/include/rtc/global.hpp
-- Up-to-date: /home/hady/teleop/gbot_ws/install/libdatachannel/include/rtc/message.hpp
-- Up-to-date: /home/hady/teleop/gbot_ws/install/libdatachannel/include/rtc/frameinfo.hpp
-- Up-to-date: /home/hady/teleop/gbot_ws/install/libdatachannel/include/rtc/peerconnection.hpp
-- Up-to-date: /home/hady/teleop/gbot_ws/install/libdatachannel/include/rtc/reliability.hpp
-- Up-to-date: /home/hady/teleop/gbot_ws/install/libdatachannel/include/rtc/rtc.h
-- Up-to-date: /home/hady/teleop/gbot_ws/install/libdatachannel/include/rtc/rtc.hpp
-- Up-to-date: /home/hady/teleop/gbot_ws/install/libdatachannel/include/rtc/rtp.hpp
-- Up-to-date: /home/hady/teleop/gbot_ws/install/libdatachannel/include/rtc/track.hpp
-- Up-to-date: /home/hady/teleop/gbot_ws/install/libdatachannel/include/rtc/websocket.hpp
-- Up-to-date: /home/hady/teleop/gbot_ws/install/libdatachannel/include/rtc/websocketserver.hpp
-- Up-to-date: /home/hady/teleop/gbot_ws/install/libdatachannel/include/rtc/rtppacketizationconfig.hpp
-- Up-to-date: /home/hady/teleop/gbot_ws/install/libdatachannel/include/rtc/rtcpsrreporter.hpp
-- Up-to-date: /home/hady/teleop/gbot_ws/install/libdatachannel/include/rtc/rtppacketizer.hpp
-- Up-to-date: /home/hady/teleop/gbot_ws/install/libdatachannel/include/rtc/rtpdepacketizer.hpp
-- Up-to-date: /home/hady/teleop/gbot_ws/install/libdatachannel/include/rtc/h264rtppacketizer.hpp
-- Up-to-date: /home/hady/teleop/gbot_ws/install/libdatachannel/include/rtc/h264rtpdepacketizer.hpp
-- Up-to-date: /home/hady/teleop/gbot_ws/install/libdatachannel/include/rtc/nalunit.hpp
-- Up-to-date: /home/hady/teleop/gbot_ws/install/libdatachannel/include/rtc/h265rtppacketizer.hpp
-- Up-to-date: /home/hady/teleop/gbot_ws/install/libdatachannel/include/rtc/h265rtpdepacketizer.hpp
-- Up-to-date: /home/hady/teleop/gbot_ws/install/libdatachannel/include/rtc/h265nalunit.hpp
-- Up-to-date: /home/hady/teleop/gbot_ws/install/libdatachannel/include/rtc/av1rtppacketizer.hpp
-- Up-to-date: /home/hady/teleop/gbot_ws/install/libdatachannel/include/rtc/rtcpnackresponder.hpp
-- Up-to-date: /home/hady/teleop/gbot_ws/install/libdatachannel/include/rtc/utils.hpp
-- Up-to-date: /home/hady/teleop/gbot_ws/install/libdatachannel/include/rtc/plihandler.hpp
-- Up-to-date: /home/hady/teleop/gbot_ws/install/libdatachannel/include/rtc/pacinghandler.hpp
-- Up-to-date: /home/hady/teleop/gbot_ws/install/libdatachannel/include/rtc/rembhandler.hpp
-- Up-to-date: /home/hady/teleop/gbot_ws/install/libdatachannel/include/rtc/version.h
-- Up-to-date: /home/hady/teleop/gbot_ws/install/libdatachannel/lib/cmake/LibDataChannel/LibDataChannelTargets.cmake
-- Up-to-date: /home/hady/teleop/gbot_ws/install/libdatachannel/lib/cmake/LibDataChannel/LibDataChannelTargets-noconfig.cmake
-- Up-to-date: /home/hady/teleop/gbot_ws/install/libdatachannel/lib/cmake/LibDataChannel/LibDataChannelConfig.cmake
-- Up-to-date: /home/hady/teleop/gbot_ws/install/libdatachannel/lib/cmake/LibDataChannel/LibDataChannelConfigVersion.cmake
