[0.038s] Invoking command in '/home/hady/teleop/gbot_ws/build/libdatachannel': /usr/bin/cmake --build /home/hady/teleop/gbot_ws/build/libdatachannel -- -j8 -l8
[0.173s] [35m[1mConsolidate compiler generated dependencies of target usrsctp[0m
[0.173s] [35m[1mConsolidate compiler generated dependencies of target srtp2[0m
[0.176s] [35m[1mConsolidate compiler generated dependencies of target juice[0m
[0.224s] [ 24%] Built target juice
[0.224s] [ 29%] Built target usrsctp
[0.235s] [ 39%] Built target srtp2
[0.300s] [35m[1mConsolidate compiler generated dependencies of target datachannel[0m
[0.438s] [ 74%] Built target datachannel
[0.453s] [35m[1mConsolidate compiler generated dependencies of target datachannel-benchmark[0m
[0.454s] [35m[1mConsolidate compiler generated dependencies of target datachannel-client-benchmark[0m
[0.456s] [35m[1mConsolidate compiler generated dependencies of target datachannel-client[0m
[0.471s] [35m[1mConsolidate compiler generated dependencies of target datachannel-media-receiver[0m
[0.472s] [35m[1mConsolidate compiler generated dependencies of target datachannel-media-sfu[0m
[0.473s] [ 75%] Built target datachannel-benchmark
[0.477s] [35m[1mConsolidate compiler generated dependencies of target datachannel-media-sender[0m
[0.480s] [ 77%] Built target datachannel-client-benchmark
[0.481s] [35m[1mConsolidate compiler generated dependencies of target datachannel-tests[0m
[0.487s] [35m[1mConsolidate compiler generated dependencies of target streamer[0m
[0.488s] [ 79%] Built target datachannel-client
[0.488s] [35m[1mConsolidate compiler generated dependencies of target datachannel-copy-paste-offerer[0m
[0.506s] [ 81%] Built target datachannel-media-sfu
[0.512s] [ 81%] Built target datachannel-copy-paste-offerer
[0.519s] [35m[1mConsolidate compiler generated dependencies of target datachannel-copy-paste-capi-offerer[0m
[0.519s] [35m[1mConsolidate compiler generated dependencies of target datachannel-copy-paste-answerer[0m
[0.520s] [ 87%] Built target datachannel-tests
[0.522s] [ 89%] Built target datachannel-media-receiver
[0.529s] [ 91%] Built target datachannel-media-sender
[0.532s] [35m[1mConsolidate compiler generated dependencies of target datachannel-copy-paste-capi-answerer[0m
[0.534s] [ 93%] Built target datachannel-copy-paste-capi-offerer
[0.560s] [ 94%] Built target datachannel-copy-paste-capi-answerer
[0.565s] [ 94%] Built target datachannel-copy-paste-answerer
[0.569s] [100%] Built target streamer
[0.603s] Invoked command in '/home/hady/teleop/gbot_ws/build/libdatachannel' returned '0': /usr/bin/cmake --build /home/hady/teleop/gbot_ws/build/libdatachannel -- -j8 -l8
[0.606s] Invoking command in '/home/hady/teleop/gbot_ws/build/libdatachannel': /usr/bin/cmake --install /home/hady/teleop/gbot_ws/build/libdatachannel
[0.631s] -- Install configuration: ""
[0.632s] -- Up-to-date: /home/hady/teleop/gbot_ws/install/libdatachannel/lib/libdatachannel.so.0.22.5
[0.632s] -- Up-to-date: /home/hady/teleop/gbot_ws/install/libdatachannel/lib/libdatachannel.so.0.22
[0.632s] -- Up-to-date: /home/hady/teleop/gbot_ws/install/libdatachannel/lib/libdatachannel.so
[0.632s] -- Up-to-date: /home/hady/teleop/gbot_ws/install/libdatachannel/include/rtc/candidate.hpp
[0.633s] -- Up-to-date: /home/hady/teleop/gbot_ws/install/libdatachannel/include/rtc/channel.hpp
[0.633s] -- Up-to-date: /home/hady/teleop/gbot_ws/install/libdatachannel/include/rtc/configuration.hpp
[0.633s] -- Up-to-date: /home/hady/teleop/gbot_ws/install/libdatachannel/include/rtc/datachannel.hpp
[0.633s] -- Up-to-date: /home/hady/teleop/gbot_ws/install/libdatachannel/include/rtc/description.hpp
[0.633s] -- Up-to-date: /home/hady/teleop/gbot_ws/install/libdatachannel/include/rtc/mediahandler.hpp
[0.633s] -- Up-to-date: /home/hady/teleop/gbot_ws/install/libdatachannel/include/rtc/rtcpreceivingsession.hpp
[0.634s] -- Up-to-date: /home/hady/teleop/gbot_ws/install/libdatachannel/include/rtc/common.hpp
[0.634s] -- Up-to-date: /home/hady/teleop/gbot_ws/install/libdatachannel/include/rtc/global.hpp
[0.634s] -- Up-to-date: /home/hady/teleop/gbot_ws/install/libdatachannel/include/rtc/message.hpp
[0.634s] -- Up-to-date: /home/hady/teleop/gbot_ws/install/libdatachannel/include/rtc/frameinfo.hpp
[0.634s] -- Up-to-date: /home/hady/teleop/gbot_ws/install/libdatachannel/include/rtc/peerconnection.hpp
[0.634s] -- Up-to-date: /home/hady/teleop/gbot_ws/install/libdatachannel/include/rtc/reliability.hpp
[0.634s] -- Up-to-date: /home/hady/teleop/gbot_ws/install/libdatachannel/include/rtc/rtc.h
[0.634s] -- Up-to-date: /home/hady/teleop/gbot_ws/install/libdatachannel/include/rtc/rtc.hpp
[0.634s] -- Up-to-date: /home/hady/teleop/gbot_ws/install/libdatachannel/include/rtc/rtp.hpp
[0.634s] -- Up-to-date: /home/hady/teleop/gbot_ws/install/libdatachannel/include/rtc/track.hpp
[0.634s] -- Up-to-date: /home/hady/teleop/gbot_ws/install/libdatachannel/include/rtc/websocket.hpp
[0.634s] -- Up-to-date: /home/hady/teleop/gbot_ws/install/libdatachannel/include/rtc/websocketserver.hpp
[0.635s] -- Up-to-date: /home/hady/teleop/gbot_ws/install/libdatachannel/include/rtc/rtppacketizationconfig.hpp
[0.635s] -- Up-to-date: /home/hady/teleop/gbot_ws/install/libdatachannel/include/rtc/rtcpsrreporter.hpp
[0.635s] -- Up-to-date: /home/hady/teleop/gbot_ws/install/libdatachannel/include/rtc/rtppacketizer.hpp
[0.635s] -- Up-to-date: /home/hady/teleop/gbot_ws/install/libdatachannel/include/rtc/rtpdepacketizer.hpp
[0.635s] -- Up-to-date: /home/hady/teleop/gbot_ws/install/libdatachannel/include/rtc/h264rtppacketizer.hpp
[0.635s] -- Up-to-date: /home/hady/teleop/gbot_ws/install/libdatachannel/include/rtc/h264rtpdepacketizer.hpp
[0.635s] -- Up-to-date: /home/hady/teleop/gbot_ws/install/libdatachannel/include/rtc/nalunit.hpp
[0.635s] -- Up-to-date: /home/hady/teleop/gbot_ws/install/libdatachannel/include/rtc/h265rtppacketizer.hpp
[0.635s] -- Up-to-date: /home/hady/teleop/gbot_ws/install/libdatachannel/include/rtc/h265rtpdepacketizer.hpp
[0.635s] -- Up-to-date: /home/hady/teleop/gbot_ws/install/libdatachannel/include/rtc/h265nalunit.hpp
[0.635s] -- Up-to-date: /home/hady/teleop/gbot_ws/install/libdatachannel/include/rtc/av1rtppacketizer.hpp
[0.635s] -- Up-to-date: /home/hady/teleop/gbot_ws/install/libdatachannel/include/rtc/rtcpnackresponder.hpp
[0.636s] -- Up-to-date: /home/hady/teleop/gbot_ws/install/libdatachannel/include/rtc/utils.hpp
[0.636s] -- Up-to-date: /home/hady/teleop/gbot_ws/install/libdatachannel/include/rtc/plihandler.hpp
[0.636s] -- Up-to-date: /home/hady/teleop/gbot_ws/install/libdatachannel/include/rtc/pacinghandler.hpp
[0.636s] -- Up-to-date: /home/hady/teleop/gbot_ws/install/libdatachannel/include/rtc/rembhandler.hpp
[0.636s] -- Up-to-date: /home/hady/teleop/gbot_ws/install/libdatachannel/include/rtc/version.h
[0.636s] -- Up-to-date: /home/hady/teleop/gbot_ws/install/libdatachannel/lib/cmake/LibDataChannel/LibDataChannelTargets.cmake
[0.636s] -- Up-to-date: /home/hady/teleop/gbot_ws/install/libdatachannel/lib/cmake/LibDataChannel/LibDataChannelTargets-noconfig.cmake
[0.636s] -- Up-to-date: /home/hady/teleop/gbot_ws/install/libdatachannel/lib/cmake/LibDataChannel/LibDataChannelConfig.cmake
[0.636s] -- Up-to-date: /home/hady/teleop/gbot_ws/install/libdatachannel/lib/cmake/LibDataChannel/LibDataChannelConfigVersion.cmake
[0.638s] Invoked command in '/home/hady/teleop/gbot_ws/build/libdatachannel' returned '0': /usr/bin/cmake --install /home/hady/teleop/gbot_ws/build/libdatachannel
