[0.024s] Invoking command in '/home/hady/teleop/gbot_ws/build/gbot_navigation': CMAKE_PREFIX_PATH=/opt/ros/humble /usr/bin/cmake --build /home/hady/teleop/gbot_ws/build/gbot_navigation -- -j8 -l8
[0.229s] [100%] Built target path_planner
[0.246s] Invoked command in '/home/hady/teleop/gbot_ws/build/gbot_navigation' returned '0': CMAKE_PREFIX_PATH=/opt/ros/humble /usr/bin/cmake --build /home/hady/teleop/gbot_ws/build/gbot_navigation -- -j8 -l8
[0.260s] Invoking command in '/home/hady/teleop/gbot_ws/build/gbot_navigation': CMAKE_PREFIX_PATH=/opt/ros/humble /usr/bin/cmake --install /home/hady/teleop/gbot_ws/build/gbot_navigation
[0.286s] -- Install configuration: ""
[0.287s] -- Up-to-date: /home/hady/teleop/gbot_ws/install/gbot_navigation/lib/gbot_navigation/path_planner
[0.288s] -- Up-to-date: /home/hady/teleop/gbot_ws/install/gbot_navigation/share/ament_index/resource_index/package_run_dependencies/gbot_navigation
[0.288s] -- Up-to-date: /home/hady/teleop/gbot_ws/install/gbot_navigation/share/ament_index/resource_index/parent_prefix_path/gbot_navigation
[0.288s] -- Up-to-date: /home/hady/teleop/gbot_ws/install/gbot_navigation/share/gbot_navigation/environment/ament_prefix_path.sh
[0.288s] -- Up-to-date: /home/hady/teleop/gbot_ws/install/gbot_navigation/share/gbot_navigation/environment/ament_prefix_path.dsv
[0.289s] -- Up-to-date: /home/hady/teleop/gbot_ws/install/gbot_navigation/share/gbot_navigation/environment/path.sh
[0.289s] -- Up-to-date: /home/hady/teleop/gbot_ws/install/gbot_navigation/share/gbot_navigation/environment/path.dsv
[0.289s] -- Up-to-date: /home/hady/teleop/gbot_ws/install/gbot_navigation/share/gbot_navigation/local_setup.bash
[0.289s] -- Up-to-date: /home/hady/teleop/gbot_ws/install/gbot_navigation/share/gbot_navigation/local_setup.sh
[0.289s] -- Up-to-date: /home/hady/teleop/gbot_ws/install/gbot_navigation/share/gbot_navigation/local_setup.zsh
[0.290s] -- Up-to-date: /home/hady/teleop/gbot_ws/install/gbot_navigation/share/gbot_navigation/local_setup.dsv
[0.290s] -- Installing: /home/hady/teleop/gbot_ws/install/gbot_navigation/share/gbot_navigation/package.dsv
[0.291s] -- Up-to-date: /home/hady/teleop/gbot_ws/install/gbot_navigation/share/ament_index/resource_index/packages/gbot_navigation
[0.291s] -- Up-to-date: /home/hady/teleop/gbot_ws/install/gbot_navigation/share/gbot_navigation/cmake/gbot_navigationConfig.cmake
[0.291s] -- Up-to-date: /home/hady/teleop/gbot_ws/install/gbot_navigation/share/gbot_navigation/cmake/gbot_navigationConfig-version.cmake
[0.291s] -- Up-to-date: /home/hady/teleop/gbot_ws/install/gbot_navigation/share/gbot_navigation/package.xml
[0.298s] Invoked command in '/home/hady/teleop/gbot_ws/build/gbot_navigation' returned '0': CMAKE_PREFIX_PATH=/opt/ros/humble /usr/bin/cmake --install /home/hady/teleop/gbot_ws/build/gbot_navigation
