[0.151s] DEBUG:colcon:Command line arguments: ['/usr/bin/colcon', 'build']
[0.151s] DEBUG:colcon:Parsed command line arguments: Namespace(log_base=None, log_level=None, verb_name='build', build_base='build', install_base='install', merge_install=False, symlink_install=False, test_result_base=None, continue_on_error=False, executor='parallel', parallel_workers=8, event_handlers=None, ignore_user_meta=False, metas=['./colcon.meta'], base_paths=['.'], packages_ignore=None, packages_ignore_regex=None, paths=None, packages_up_to=None, packages_up_to_regex=None, packages_above=None, packages_above_and_dependencies=None, packages_above_depth=None, packages_select_by_dep=None, packages_skip_by_dep=None, packages_skip_up_to=None, packages_select_build_failed=False, packages_skip_build_finished=False, packages_select_test_failures=False, packages_skip_test_passed=False, packages_select=None, packages_skip=None, packages_select_regex=None, packages_skip_regex=None, packages_start=None, packages_end=None, allow_overriding=[], cmake_args=None, cmake_target=None, cmake_target_skip_unavailable=False, cmake_clean_cache=False, cmake_clean_first=False, cmake_force_configure=False, ament_cmake_args=None, catkin_cmake_args=None, catkin_skip_building_tests=False, mixin_files=None, mixin=None, verb_parser=<colcon_mixin.mixin.mixin_argument.MixinArgumentDecorator object at 0xffffbcb3d810>, verb_extension=<colcon_core.verb.build.BuildVerb object at 0xffffbcb3d210>, main=<bound method BuildVerb.main of <colcon_core.verb.build.BuildVerb object at 0xffffbcb3d210>>, mixin_verb=('build',))
[0.382s] Level 1:colcon.colcon_core.package_discovery:discover_packages(colcon_meta) check parameters
[0.383s] Level 1:colcon.colcon_core.package_discovery:discover_packages(recursive) check parameters
[0.383s] Level 1:colcon.colcon_core.package_discovery:discover_packages(ignore) check parameters
[0.383s] Level 1:colcon.colcon_core.package_discovery:discover_packages(path) check parameters
[0.383s] Level 1:colcon.colcon_core.package_discovery:discover_packages(colcon_meta) discover
[0.383s] Level 1:colcon.colcon_core.package_discovery:discover_packages(recursive) discover
[0.383s] INFO:colcon.colcon_core.package_discovery:Crawling recursively for packages in '/home/hady/teleop/gbot_ws'
[0.383s] Level 1:colcon.colcon_core.package_identification:_identify(.) by extensions ['ignore', 'ignore_ament_install']
[0.383s] Level 1:colcon.colcon_core.package_identification:_identify(.) by extension 'ignore'
[0.383s] Level 1:colcon.colcon_core.package_identification:_identify(.) by extension 'ignore_ament_install'
[0.383s] Level 1:colcon.colcon_core.package_identification:_identify(.) by extensions ['colcon_pkg']
[0.384s] Level 1:colcon.colcon_core.package_identification:_identify(.) by extension 'colcon_pkg'
[0.384s] Level 1:colcon.colcon_core.package_identification:_identify(.) by extensions ['colcon_meta']
[0.384s] Level 1:colcon.colcon_core.package_identification:_identify(.) by extension 'colcon_meta'
[0.384s] Level 1:colcon.colcon_core.package_identification:_identify(.) by extensions ['ros']
[0.384s] Level 1:colcon.colcon_core.package_identification:_identify(.) by extension 'ros'
[0.399s] Level 1:colcon.colcon_core.package_identification:_identify(.) by extensions ['cmake', 'python']
[0.399s] Level 1:colcon.colcon_core.package_identification:_identify(.) by extension 'cmake'
[0.399s] Level 1:colcon.colcon_core.package_identification:_identify(.) by extension 'python'
[0.400s] Level 1:colcon.colcon_core.package_identification:_identify(.) by extensions ['python_setup_py']
[0.400s] Level 1:colcon.colcon_core.package_identification:_identify(.) by extension 'python_setup_py'
[0.400s] Level 1:colcon.colcon_core.package_identification:_identify(build) by extensions ['ignore', 'ignore_ament_install']
[0.400s] Level 1:colcon.colcon_core.package_identification:_identify(build) by extension 'ignore'
[0.400s] Level 1:colcon.colcon_core.package_identification:_identify(build) ignored
[0.400s] Level 1:colcon.colcon_core.package_identification:_identify(install) by extensions ['ignore', 'ignore_ament_install']
[0.400s] Level 1:colcon.colcon_core.package_identification:_identify(install) by extension 'ignore'
[0.400s] Level 1:colcon.colcon_core.package_identification:_identify(install) ignored
[0.400s] Level 1:colcon.colcon_core.package_identification:_identify(libdatachannel) by extensions ['ignore', 'ignore_ament_install']
[0.401s] Level 1:colcon.colcon_core.package_identification:_identify(libdatachannel) by extension 'ignore'
[0.401s] Level 1:colcon.colcon_core.package_identification:_identify(libdatachannel) by extension 'ignore_ament_install'
[0.401s] Level 1:colcon.colcon_core.package_identification:_identify(libdatachannel) by extensions ['colcon_pkg']
[0.401s] Level 1:colcon.colcon_core.package_identification:_identify(libdatachannel) by extension 'colcon_pkg'
[0.401s] Level 1:colcon.colcon_core.package_identification:_identify(libdatachannel) by extensions ['colcon_meta']
[0.401s] Level 1:colcon.colcon_core.package_identification:_identify(libdatachannel) by extension 'colcon_meta'
[0.401s] Level 1:colcon.colcon_core.package_identification:_identify(libdatachannel) by extensions ['ros']
[0.401s] Level 1:colcon.colcon_core.package_identification:_identify(libdatachannel) by extension 'ros'
[0.401s] Level 1:colcon.colcon_core.package_identification:_identify(libdatachannel) by extensions ['cmake', 'python']
[0.401s] Level 1:colcon.colcon_core.package_identification:_identify(libdatachannel) by extension 'cmake'
[0.484s] Level 1:colcon.colcon_core.package_identification:_identify(libdatachannel) by extension 'python'
[0.484s] DEBUG:colcon.colcon_core.package_identification:Package 'libdatachannel' with type 'cmake' and name 'libdatachannel'
[0.484s] Level 1:colcon.colcon_core.package_identification:_identify(log) by extensions ['ignore', 'ignore_ament_install']
[0.484s] Level 1:colcon.colcon_core.package_identification:_identify(log) by extension 'ignore'
[0.485s] Level 1:colcon.colcon_core.package_identification:_identify(log) ignored
[0.485s] Level 1:colcon.colcon_core.package_identification:_identify(src) by extensions ['ignore', 'ignore_ament_install']
[0.485s] Level 1:colcon.colcon_core.package_identification:_identify(src) by extension 'ignore'
[0.485s] Level 1:colcon.colcon_core.package_identification:_identify(src) by extension 'ignore_ament_install'
[0.485s] Level 1:colcon.colcon_core.package_identification:_identify(src) by extensions ['colcon_pkg']
[0.485s] Level 1:colcon.colcon_core.package_identification:_identify(src) by extension 'colcon_pkg'
[0.485s] Level 1:colcon.colcon_core.package_identification:_identify(src) by extensions ['colcon_meta']
[0.485s] Level 1:colcon.colcon_core.package_identification:_identify(src) by extension 'colcon_meta'
[0.485s] Level 1:colcon.colcon_core.package_identification:_identify(src) by extensions ['ros']
[0.485s] Level 1:colcon.colcon_core.package_identification:_identify(src) by extension 'ros'
[0.485s] Level 1:colcon.colcon_core.package_identification:_identify(src) by extensions ['cmake', 'python']
[0.485s] Level 1:colcon.colcon_core.package_identification:_identify(src) by extension 'cmake'
[0.485s] Level 1:colcon.colcon_core.package_identification:_identify(src) by extension 'python'
[0.485s] Level 1:colcon.colcon_core.package_identification:_identify(src) by extensions ['python_setup_py']
[0.485s] Level 1:colcon.colcon_core.package_identification:_identify(src) by extension 'python_setup_py'
[0.486s] Level 1:colcon.colcon_core.package_identification:_identify(src/gbot_navigation) by extensions ['ignore', 'ignore_ament_install']
[0.486s] Level 1:colcon.colcon_core.package_identification:_identify(src/gbot_navigation) by extension 'ignore'
[0.486s] Level 1:colcon.colcon_core.package_identification:_identify(src/gbot_navigation) by extension 'ignore_ament_install'
[0.486s] Level 1:colcon.colcon_core.package_identification:_identify(src/gbot_navigation) by extensions ['colcon_pkg']
[0.486s] Level 1:colcon.colcon_core.package_identification:_identify(src/gbot_navigation) by extension 'colcon_pkg'
[0.486s] Level 1:colcon.colcon_core.package_identification:_identify(src/gbot_navigation) by extensions ['colcon_meta']
[0.486s] Level 1:colcon.colcon_core.package_identification:_identify(src/gbot_navigation) by extension 'colcon_meta'
[0.486s] Level 1:colcon.colcon_core.package_identification:_identify(src/gbot_navigation) by extensions ['ros']
[0.486s] Level 1:colcon.colcon_core.package_identification:_identify(src/gbot_navigation) by extension 'ros'
[0.490s] DEBUG:colcon.colcon_core.package_identification:Package 'src/gbot_navigation' with type 'ros.ament_cmake' and name 'gbot_navigation'
[0.490s] Level 1:colcon.colcon_core.package_identification:_identify(src/teleop) by extensions ['ignore', 'ignore_ament_install']
[0.490s] Level 1:colcon.colcon_core.package_identification:_identify(src/teleop) by extension 'ignore'
[0.490s] Level 1:colcon.colcon_core.package_identification:_identify(src/teleop) by extension 'ignore_ament_install'
[0.490s] Level 1:colcon.colcon_core.package_identification:_identify(src/teleop) by extensions ['colcon_pkg']
[0.490s] Level 1:colcon.colcon_core.package_identification:_identify(src/teleop) by extension 'colcon_pkg'
[0.490s] Level 1:colcon.colcon_core.package_identification:_identify(src/teleop) by extensions ['colcon_meta']
[0.490s] Level 1:colcon.colcon_core.package_identification:_identify(src/teleop) by extension 'colcon_meta'
[0.490s] Level 1:colcon.colcon_core.package_identification:_identify(src/teleop) by extensions ['ros']
[0.490s] Level 1:colcon.colcon_core.package_identification:_identify(src/teleop) by extension 'ros'
[0.492s] DEBUG:colcon.colcon_core.package_identification:Package 'src/teleop' with type 'ros.ament_cmake' and name 'teleop'
[0.492s] Level 1:colcon.colcon_core.package_discovery:discover_packages(recursive) using defaults
[0.492s] Level 1:colcon.colcon_core.package_discovery:discover_packages(ignore) discover
[0.492s] Level 1:colcon.colcon_core.package_discovery:discover_packages(ignore) using defaults
[0.493s] Level 1:colcon.colcon_core.package_discovery:discover_packages(path) discover
[0.493s] Level 1:colcon.colcon_core.package_discovery:discover_packages(path) using defaults
[0.568s] Level 1:colcon.colcon_core.package_discovery:discover_packages(prefix_path) check parameters
[0.569s] Level 1:colcon.colcon_core.package_discovery:discover_packages(prefix_path) discover
[0.572s] DEBUG:colcon.colcon_installed_package_information.package_discovery:Found 271 installed packages in /opt/ros/humble
[0.575s] Level 1:colcon.colcon_core.package_discovery:discover_packages(prefix_path) using defaults
[0.630s] Level 5:colcon.colcon_core.verb:set package 'gbot_navigation' build argument 'cmake_args' from command line to 'None'
[0.630s] Level 5:colcon.colcon_core.verb:set package 'gbot_navigation' build argument 'cmake_target' from command line to 'None'
[0.631s] Level 5:colcon.colcon_core.verb:set package 'gbot_navigation' build argument 'cmake_target_skip_unavailable' from command line to 'False'
[0.631s] Level 5:colcon.colcon_core.verb:set package 'gbot_navigation' build argument 'cmake_clean_cache' from command line to 'False'
[0.631s] Level 5:colcon.colcon_core.verb:set package 'gbot_navigation' build argument 'cmake_clean_first' from command line to 'False'
[0.631s] Level 5:colcon.colcon_core.verb:set package 'gbot_navigation' build argument 'cmake_force_configure' from command line to 'False'
[0.631s] Level 5:colcon.colcon_core.verb:set package 'gbot_navigation' build argument 'ament_cmake_args' from command line to 'None'
[0.631s] Level 5:colcon.colcon_core.verb:set package 'gbot_navigation' build argument 'catkin_cmake_args' from command line to 'None'
[0.631s] Level 5:colcon.colcon_core.verb:set package 'gbot_navigation' build argument 'catkin_skip_building_tests' from command line to 'False'
[0.631s] DEBUG:colcon.colcon_core.verb:Building package 'gbot_navigation' with the following arguments: {'ament_cmake_args': None, 'build_base': '/home/hady/teleop/gbot_ws/build/gbot_navigation', 'catkin_cmake_args': None, 'catkin_skip_building_tests': False, 'cmake_args': None, 'cmake_clean_cache': False, 'cmake_clean_first': False, 'cmake_force_configure': False, 'cmake_target': None, 'cmake_target_skip_unavailable': False, 'install_base': '/home/hady/teleop/gbot_ws/install/gbot_navigation', 'merge_install': False, 'path': '/home/hady/teleop/gbot_ws/src/gbot_navigation', 'symlink_install': False, 'test_result_base': None}
[0.632s] Level 5:colcon.colcon_core.verb:set package 'libdatachannel' build argument 'cmake_args' from command line to 'None'
[0.632s] Level 5:colcon.colcon_core.verb:set package 'libdatachannel' build argument 'cmake_target' from command line to 'None'
[0.632s] Level 5:colcon.colcon_core.verb:set package 'libdatachannel' build argument 'cmake_target_skip_unavailable' from command line to 'False'
[0.632s] Level 5:colcon.colcon_core.verb:set package 'libdatachannel' build argument 'cmake_clean_cache' from command line to 'False'
[0.632s] Level 5:colcon.colcon_core.verb:set package 'libdatachannel' build argument 'cmake_clean_first' from command line to 'False'
[0.632s] Level 5:colcon.colcon_core.verb:set package 'libdatachannel' build argument 'cmake_force_configure' from command line to 'False'
[0.632s] Level 5:colcon.colcon_core.verb:set package 'libdatachannel' build argument 'ament_cmake_args' from command line to 'None'
[0.632s] Level 5:colcon.colcon_core.verb:set package 'libdatachannel' build argument 'catkin_cmake_args' from command line to 'None'
[0.632s] Level 5:colcon.colcon_core.verb:set package 'libdatachannel' build argument 'catkin_skip_building_tests' from command line to 'False'
[0.632s] DEBUG:colcon.colcon_core.verb:Building package 'libdatachannel' with the following arguments: {'ament_cmake_args': None, 'build_base': '/home/hady/teleop/gbot_ws/build/libdatachannel', 'catkin_cmake_args': None, 'catkin_skip_building_tests': False, 'cmake_args': None, 'cmake_clean_cache': False, 'cmake_clean_first': False, 'cmake_force_configure': False, 'cmake_target': None, 'cmake_target_skip_unavailable': False, 'install_base': '/home/hady/teleop/gbot_ws/install/libdatachannel', 'merge_install': False, 'path': '/home/hady/teleop/gbot_ws/libdatachannel', 'symlink_install': False, 'test_result_base': None}
[0.633s] Level 5:colcon.colcon_core.verb:set package 'teleop' build argument 'cmake_args' from command line to 'None'
[0.633s] Level 5:colcon.colcon_core.verb:set package 'teleop' build argument 'cmake_target' from command line to 'None'
[0.633s] Level 5:colcon.colcon_core.verb:set package 'teleop' build argument 'cmake_target_skip_unavailable' from command line to 'False'
[0.633s] Level 5:colcon.colcon_core.verb:set package 'teleop' build argument 'cmake_clean_cache' from command line to 'False'
[0.633s] Level 5:colcon.colcon_core.verb:set package 'teleop' build argument 'cmake_clean_first' from command line to 'False'
[0.633s] Level 5:colcon.colcon_core.verb:set package 'teleop' build argument 'cmake_force_configure' from command line to 'False'
[0.633s] Level 5:colcon.colcon_core.verb:set package 'teleop' build argument 'ament_cmake_args' from command line to 'None'
[0.633s] Level 5:colcon.colcon_core.verb:set package 'teleop' build argument 'catkin_cmake_args' from command line to 'None'
[0.633s] Level 5:colcon.colcon_core.verb:set package 'teleop' build argument 'catkin_skip_building_tests' from command line to 'False'
[0.633s] DEBUG:colcon.colcon_core.verb:Building package 'teleop' with the following arguments: {'ament_cmake_args': None, 'build_base': '/home/hady/teleop/gbot_ws/build/teleop', 'catkin_cmake_args': None, 'catkin_skip_building_tests': False, 'cmake_args': None, 'cmake_clean_cache': False, 'cmake_clean_first': False, 'cmake_force_configure': False, 'cmake_target': None, 'cmake_target_skip_unavailable': False, 'install_base': '/home/hady/teleop/gbot_ws/install/teleop', 'merge_install': False, 'path': '/home/hady/teleop/gbot_ws/src/teleop', 'symlink_install': False, 'test_result_base': None}
[0.633s] INFO:colcon.colcon_core.executor:Executing jobs using 'parallel' executor
[0.635s] DEBUG:colcon.colcon_parallel_executor.executor.parallel:run_until_complete
[0.636s] INFO:colcon.colcon_ros.task.ament_cmake.build:Building ROS package in '/home/hady/teleop/gbot_ws/src/gbot_navigation' with build type 'ament_cmake'
[0.636s] INFO:colcon.colcon_cmake.task.cmake.build:Building CMake package in '/home/hady/teleop/gbot_ws/src/gbot_navigation'
[0.640s] INFO:colcon.colcon_core.plugin_system:Skipping extension 'colcon_core.shell.bat': Not used on non-Windows systems
[0.641s] INFO:colcon.colcon_core.shell:Skip shell extension 'powershell' for command environment: Not usable outside of PowerShell
[0.641s] DEBUG:colcon.colcon_core.shell:Skip shell extension 'dsv' for command environment
[0.648s] INFO:colcon.colcon_cmake.task.cmake.build:Building CMake package in '/home/hady/teleop/gbot_ws/libdatachannel'
[0.649s] INFO:colcon.colcon_core.shell:Skip shell extension 'powershell' for command environment: Not usable outside of PowerShell
[0.649s] DEBUG:colcon.colcon_core.shell:Skip shell extension 'dsv' for command environment
[0.655s] INFO:colcon.colcon_ros.task.ament_cmake.build:Building ROS package in '/home/hady/teleop/gbot_ws/src/teleop' with build type 'ament_cmake'
[0.656s] INFO:colcon.colcon_cmake.task.cmake.build:Building CMake package in '/home/hady/teleop/gbot_ws/src/teleop'
[0.657s] INFO:colcon.colcon_core.shell:Skip shell extension 'powershell' for command environment: Not usable outside of PowerShell
[0.657s] DEBUG:colcon.colcon_core.shell:Skip shell extension 'dsv' for command environment
[0.671s] DEBUG:colcon.colcon_core.event_handler.log_command:Invoking command in '/home/hady/teleop/gbot_ws/build/gbot_navigation': CMAKE_PREFIX_PATH=/opt/ros/humble /usr/bin/cmake --build /home/hady/teleop/gbot_ws/build/gbot_navigation -- -j8 -l8
[0.676s] DEBUG:colcon.colcon_core.event_handler.log_command:Invoking command in '/home/hady/teleop/gbot_ws/build/libdatachannel': /usr/bin/cmake --build /home/hady/teleop/gbot_ws/build/libdatachannel -- -j8 -l8
[0.687s] DEBUG:colcon.colcon_core.event_handler.log_command:Invoking command in '/home/hady/teleop/gbot_ws/build/teleop': CMAKE_PREFIX_PATH=/opt/ros/humble /usr/bin/cmake --build /home/hady/teleop/gbot_ws/build/teleop -- -j8 -l8
[0.877s] DEBUG:colcon.colcon_core.event_handler.log_command:Invoked command in '/home/hady/teleop/gbot_ws/build/gbot_navigation' returned '0': CMAKE_PREFIX_PATH=/opt/ros/humble /usr/bin/cmake --build /home/hady/teleop/gbot_ws/build/gbot_navigation -- -j8 -l8
[0.908s] DEBUG:colcon.colcon_core.event_handler.log_command:Invoking command in '/home/hady/teleop/gbot_ws/build/gbot_navigation': CMAKE_PREFIX_PATH=/opt/ros/humble /usr/bin/cmake --install /home/hady/teleop/gbot_ws/build/gbot_navigation
[0.942s] Level 1:colcon.colcon_core.environment:create_environment_scripts_only(gbot_navigation)
[0.954s] DEBUG:colcon.colcon_core.event_handler.log_command:Invoked command in '/home/hady/teleop/gbot_ws/build/gbot_navigation' returned '0': CMAKE_PREFIX_PATH=/opt/ros/humble /usr/bin/cmake --install /home/hady/teleop/gbot_ws/build/gbot_navigation
[0.962s] Level 1:colcon.colcon_core.environment:checking '/home/hady/teleop/gbot_ws/install/gbot_navigation' for CMake module files
[0.966s] Level 1:colcon.colcon_core.environment:checking '/home/hady/teleop/gbot_ws/install/gbot_navigation' for CMake config files
[0.967s] Level 1:colcon.colcon_core.shell:create_environment_hook('gbot_navigation', 'cmake_prefix_path')
[0.969s] INFO:colcon.colcon_core.shell:Creating environment hook '/home/hady/teleop/gbot_ws/install/gbot_navigation/share/gbot_navigation/hook/cmake_prefix_path.ps1'
[0.972s] INFO:colcon.colcon_core.shell:Creating environment descriptor '/home/hady/teleop/gbot_ws/install/gbot_navigation/share/gbot_navigation/hook/cmake_prefix_path.dsv'
[0.975s] INFO:colcon.colcon_core.shell:Creating environment hook '/home/hady/teleop/gbot_ws/install/gbot_navigation/share/gbot_navigation/hook/cmake_prefix_path.sh'
[0.977s] Level 1:colcon.colcon_core.environment:checking '/home/hady/teleop/gbot_ws/install/gbot_navigation/lib'
[0.978s] Level 1:colcon.colcon_core.environment:checking '/home/hady/teleop/gbot_ws/install/gbot_navigation/bin'
[0.978s] Level 1:colcon.colcon_core.environment:checking '/home/hady/teleop/gbot_ws/install/gbot_navigation/lib/pkgconfig/gbot_navigation.pc'
[0.978s] Level 1:colcon.colcon_core.environment:checking '/home/hady/teleop/gbot_ws/install/gbot_navigation/lib/python3.10/site-packages'
[0.979s] Level 1:colcon.colcon_core.environment:checking '/home/hady/teleop/gbot_ws/install/gbot_navigation/bin'
[0.979s] INFO:colcon.colcon_core.shell:Creating package script '/home/hady/teleop/gbot_ws/install/gbot_navigation/share/gbot_navigation/package.ps1'
[0.981s] INFO:colcon.colcon_core.shell:Creating package descriptor '/home/hady/teleop/gbot_ws/install/gbot_navigation/share/gbot_navigation/package.dsv'
[0.982s] INFO:colcon.colcon_core.shell:Creating package script '/home/hady/teleop/gbot_ws/install/gbot_navigation/share/gbot_navigation/package.sh'
[0.984s] INFO:colcon.colcon_core.shell:Creating package script '/home/hady/teleop/gbot_ws/install/gbot_navigation/share/gbot_navigation/package.bash'
[0.985s] INFO:colcon.colcon_core.shell:Creating package script '/home/hady/teleop/gbot_ws/install/gbot_navigation/share/gbot_navigation/package.zsh'
[0.986s] Level 1:colcon.colcon_core.environment:create_file_with_runtime_dependencies(/home/hady/teleop/gbot_ws/install/gbot_navigation/share/colcon-core/packages/gbot_navigation)
[0.988s] Level 1:colcon.colcon_core.environment:create_environment_scripts_only(gbot_navigation)
[0.988s] Level 1:colcon.colcon_core.environment:checking '/home/hady/teleop/gbot_ws/install/gbot_navigation' for CMake module files
[0.989s] Level 1:colcon.colcon_core.environment:checking '/home/hady/teleop/gbot_ws/install/gbot_navigation' for CMake config files
[0.989s] Level 1:colcon.colcon_core.shell:create_environment_hook('gbot_navigation', 'cmake_prefix_path')
[0.989s] INFO:colcon.colcon_core.shell:Creating environment hook '/home/hady/teleop/gbot_ws/install/gbot_navigation/share/gbot_navigation/hook/cmake_prefix_path.ps1'
[0.990s] INFO:colcon.colcon_core.shell:Creating environment descriptor '/home/hady/teleop/gbot_ws/install/gbot_navigation/share/gbot_navigation/hook/cmake_prefix_path.dsv'
[0.991s] INFO:colcon.colcon_core.shell:Creating environment hook '/home/hady/teleop/gbot_ws/install/gbot_navigation/share/gbot_navigation/hook/cmake_prefix_path.sh'
[0.992s] Level 1:colcon.colcon_core.environment:checking '/home/hady/teleop/gbot_ws/install/gbot_navigation/lib'
[0.992s] Level 1:colcon.colcon_core.environment:checking '/home/hady/teleop/gbot_ws/install/gbot_navigation/bin'
[0.992s] Level 1:colcon.colcon_core.environment:checking '/home/hady/teleop/gbot_ws/install/gbot_navigation/lib/pkgconfig/gbot_navigation.pc'
[0.993s] Level 1:colcon.colcon_core.environment:checking '/home/hady/teleop/gbot_ws/install/gbot_navigation/lib/python3.10/site-packages'
[0.993s] Level 1:colcon.colcon_core.environment:checking '/home/hady/teleop/gbot_ws/install/gbot_navigation/bin'
[0.993s] INFO:colcon.colcon_core.shell:Creating package script '/home/hady/teleop/gbot_ws/install/gbot_navigation/share/gbot_navigation/package.ps1'
[0.994s] INFO:colcon.colcon_core.shell:Creating package descriptor '/home/hady/teleop/gbot_ws/install/gbot_navigation/share/gbot_navigation/package.dsv'
[0.995s] INFO:colcon.colcon_core.shell:Creating package script '/home/hady/teleop/gbot_ws/install/gbot_navigation/share/gbot_navigation/package.sh'
[0.996s] INFO:colcon.colcon_core.shell:Creating package script '/home/hady/teleop/gbot_ws/install/gbot_navigation/share/gbot_navigation/package.bash'
[0.997s] INFO:colcon.colcon_core.shell:Creating package script '/home/hady/teleop/gbot_ws/install/gbot_navigation/share/gbot_navigation/package.zsh'
[0.997s] Level 1:colcon.colcon_core.environment:create_file_with_runtime_dependencies(/home/hady/teleop/gbot_ws/install/gbot_navigation/share/colcon-core/packages/gbot_navigation)
[1.169s] DEBUG:colcon.colcon_core.event_handler.log_command:Invoked command in '/home/hady/teleop/gbot_ws/build/libdatachannel' returned '0': /usr/bin/cmake --build /home/hady/teleop/gbot_ws/build/libdatachannel -- -j8 -l8
[1.172s] DEBUG:colcon.colcon_core.event_handler.log_command:Invoking command in '/home/hady/teleop/gbot_ws/build/libdatachannel': /usr/bin/cmake --install /home/hady/teleop/gbot_ws/build/libdatachannel
[1.202s] Level 1:colcon.colcon_core.environment:create_environment_scripts_only(libdatachannel)
[1.203s] DEBUG:colcon.colcon_core.event_handler.log_command:Invoked command in '/home/hady/teleop/gbot_ws/build/libdatachannel' returned '0': /usr/bin/cmake --install /home/hady/teleop/gbot_ws/build/libdatachannel
[1.205s] Level 1:colcon.colcon_core.environment:checking '/home/hady/teleop/gbot_ws/install/libdatachannel' for CMake module files
[1.207s] Level 1:colcon.colcon_core.environment:checking '/home/hady/teleop/gbot_ws/install/libdatachannel' for CMake config files
[1.208s] Level 1:colcon.colcon_core.shell:create_environment_hook('libdatachannel', 'cmake_prefix_path')
[1.209s] INFO:colcon.colcon_core.shell:Creating environment hook '/home/hady/teleop/gbot_ws/install/libdatachannel/share/libdatachannel/hook/cmake_prefix_path.ps1'
[1.211s] INFO:colcon.colcon_core.shell:Creating environment descriptor '/home/hady/teleop/gbot_ws/install/libdatachannel/share/libdatachannel/hook/cmake_prefix_path.dsv'
[1.213s] INFO:colcon.colcon_core.shell:Creating environment hook '/home/hady/teleop/gbot_ws/install/libdatachannel/share/libdatachannel/hook/cmake_prefix_path.sh'
[1.216s] Level 1:colcon.colcon_core.environment:checking '/home/hady/teleop/gbot_ws/install/libdatachannel/lib'
[1.216s] Level 1:colcon.colcon_core.shell:create_environment_hook('libdatachannel', 'ld_library_path_lib')
[1.218s] INFO:colcon.colcon_core.shell:Creating environment hook '/home/hady/teleop/gbot_ws/install/libdatachannel/share/libdatachannel/hook/ld_library_path_lib.ps1'
[1.220s] INFO:colcon.colcon_core.shell:Creating environment descriptor '/home/hady/teleop/gbot_ws/install/libdatachannel/share/libdatachannel/hook/ld_library_path_lib.dsv'
[1.221s] INFO:colcon.colcon_core.shell:Creating environment hook '/home/hady/teleop/gbot_ws/install/libdatachannel/share/libdatachannel/hook/ld_library_path_lib.sh'
[1.224s] Level 1:colcon.colcon_core.environment:checking '/home/hady/teleop/gbot_ws/install/libdatachannel/bin'
[1.224s] Level 1:colcon.colcon_core.environment:checking '/home/hady/teleop/gbot_ws/install/libdatachannel/lib/pkgconfig/libdatachannel.pc'
[1.225s] Level 1:colcon.colcon_core.environment:checking '/home/hady/teleop/gbot_ws/install/libdatachannel/lib/python3.10/site-packages'
[1.226s] Level 1:colcon.colcon_core.environment:checking '/home/hady/teleop/gbot_ws/install/libdatachannel/bin'
[1.228s] INFO:colcon.colcon_core.shell:Creating package script '/home/hady/teleop/gbot_ws/install/libdatachannel/share/libdatachannel/package.ps1'
[1.231s] INFO:colcon.colcon_core.shell:Creating package descriptor '/home/hady/teleop/gbot_ws/install/libdatachannel/share/libdatachannel/package.dsv'
[1.233s] INFO:colcon.colcon_core.shell:Creating package script '/home/hady/teleop/gbot_ws/install/libdatachannel/share/libdatachannel/package.sh'
[1.235s] INFO:colcon.colcon_core.shell:Creating package script '/home/hady/teleop/gbot_ws/install/libdatachannel/share/libdatachannel/package.bash'
[1.237s] INFO:colcon.colcon_core.shell:Creating package script '/home/hady/teleop/gbot_ws/install/libdatachannel/share/libdatachannel/package.zsh'
[1.239s] Level 1:colcon.colcon_core.environment:create_file_with_runtime_dependencies(/home/hady/teleop/gbot_ws/install/libdatachannel/share/colcon-core/packages/libdatachannel)
[44.078s] Level 1:colcon.colcon_core.environment:create_environment_scripts_only(teleop)
[44.079s] Level 1:colcon.colcon_core.environment:checking '/home/hady/teleop/gbot_ws/install/teleop' for CMake module files
[44.081s] Level 1:colcon.colcon_core.environment:checking '/home/hady/teleop/gbot_ws/install/teleop' for CMake config files
[44.083s] Level 1:colcon.colcon_core.environment:checking '/home/hady/teleop/gbot_ws/install/teleop/bin'
[44.083s] Level 1:colcon.colcon_core.environment:checking '/home/hady/teleop/gbot_ws/install/teleop/lib/pkgconfig/teleop.pc'
[44.084s] Level 1:colcon.colcon_core.environment:checking '/home/hady/teleop/gbot_ws/install/teleop/lib/python3.10/site-packages'
[44.085s] Level 1:colcon.colcon_core.environment:checking '/home/hady/teleop/gbot_ws/install/teleop/bin'
[44.086s] INFO:colcon.colcon_core.shell:Creating package script '/home/hady/teleop/gbot_ws/install/teleop/share/teleop/package.ps1'
[44.088s] INFO:colcon.colcon_core.shell:Creating package descriptor '/home/hady/teleop/gbot_ws/install/teleop/share/teleop/package.dsv'
[44.091s] DEBUG:colcon.colcon_core.event_handler.log_command:Invoked command in '/home/hady/teleop/gbot_ws/build/teleop' returned '2': CMAKE_PREFIX_PATH=/opt/ros/humble /usr/bin/cmake --build /home/hady/teleop/gbot_ws/build/teleop -- -j8 -l8
[44.091s] INFO:colcon.colcon_core.shell:Creating package script '/home/hady/teleop/gbot_ws/install/teleop/share/teleop/package.sh'
[44.093s] INFO:colcon.colcon_core.shell:Creating package script '/home/hady/teleop/gbot_ws/install/teleop/share/teleop/package.bash'
[44.095s] INFO:colcon.colcon_core.shell:Creating package script '/home/hady/teleop/gbot_ws/install/teleop/share/teleop/package.zsh'
[44.096s] Level 1:colcon.colcon_core.environment:create_file_with_runtime_dependencies(/home/hady/teleop/gbot_ws/install/teleop/share/colcon-core/packages/teleop)
[44.108s] DEBUG:colcon.colcon_parallel_executor.executor.parallel:closing loop
[44.108s] DEBUG:colcon.colcon_parallel_executor.executor.parallel:loop closed
[44.108s] DEBUG:colcon.colcon_parallel_executor.executor.parallel:run_until_complete finished with '2'
[44.109s] DEBUG:colcon.colcon_core.event_reactor:joining thread
[44.128s] INFO:colcon.colcon_core.plugin_system:Skipping extension 'colcon_notification.desktop_notification.terminal_notifier': Not used on non-Darwin systems
[44.128s] INFO:colcon.colcon_core.plugin_system:Skipping extension 'colcon_notification.desktop_notification.win32': Not used on non-Windows systems
[44.129s] INFO:colcon.colcon_notification.desktop_notification:Sending desktop notification using 'notify2'
[44.179s] DEBUG:colcon.colcon_core.event_reactor:joined thread
[44.181s] INFO:colcon.colcon_core.shell:Creating prefix script '/home/hady/teleop/gbot_ws/install/local_setup.ps1'
[44.188s] INFO:colcon.colcon_core.shell:Creating prefix util module '/home/hady/teleop/gbot_ws/install/_local_setup_util_ps1.py'
[44.204s] INFO:colcon.colcon_core.shell:Creating prefix chain script '/home/hady/teleop/gbot_ws/install/setup.ps1'
[44.213s] INFO:colcon.colcon_core.shell:Creating prefix script '/home/hady/teleop/gbot_ws/install/local_setup.sh'
[44.217s] INFO:colcon.colcon_core.shell:Creating prefix util module '/home/hady/teleop/gbot_ws/install/_local_setup_util_sh.py'
[44.220s] INFO:colcon.colcon_core.shell:Creating prefix chain script '/home/hady/teleop/gbot_ws/install/setup.sh'
[44.227s] INFO:colcon.colcon_core.shell:Creating prefix script '/home/hady/teleop/gbot_ws/install/local_setup.bash'
[44.230s] INFO:colcon.colcon_core.shell:Creating prefix chain script '/home/hady/teleop/gbot_ws/install/setup.bash'
[44.235s] INFO:colcon.colcon_core.shell:Creating prefix script '/home/hady/teleop/gbot_ws/install/local_setup.zsh'
[44.236s] INFO:colcon.colcon_core.shell:Creating prefix chain script '/home/hady/teleop/gbot_ws/install/setup.zsh'
